Log file open, 03/20/23 12:19:49
LogWindows: Failed to load 'aqProf.dll' (GetLastError=126)
LogWindows: File 'aqProf.dll' does not exist
LogWindows: Failed to load 'VtuneApi.dll' (GetLastError=126)
LogWindows: File 'VtuneApi.dll' does not exist
LogWindows: Failed to load 'VtuneApi32e.dll' (GetLastError=126)
LogWindows: File 'VtuneApi32e.dll' does not exist
LogConsoleResponse: Display: Failed to find resolution value strings in scalability ini. Falling back to default.
LogInit: Display: Running engine for game: LabPFGA
LogPlatformFile: Not using cached read wrapper
LogTaskGraph: Started task graph with 5 named threads and 14 total threads with 3 sets of task threads.
LogStats: Stats thread started at 0.100996
LogD3D11RHI: Loaded GFSDK_Aftermath_Lib.x64.dll
LogICUInternationalization: ICU TimeZone Detection - Raw Offset: +0:00, Platform Override: ''
LogPluginManager: Mounting plugin Paper2D
LogPluginManager: Mounting plugin AISupport
LogPluginManager: Mounting plugin LightPropagationVolume
LogPluginManager: Mounting plugin ActorLayerUtilities
LogPluginManager: Mounting plugin AnimationSharing
LogPluginManager: Mounting plugin CLionSourceCodeAccess
LogPluginManager: Mounting plugin CodeLiteSourceCodeAccess
LogPluginManager: Mounting plugin GitSourceControl
LogPluginManager: Mounting plugin KDevelopSourceCodeAccess
LogPluginManager: Mounting plugin NullSourceCodeAccess
LogPluginManager: Mounting plugin PerforceSourceControl
LogPluginManager: Mounting plugin PlasticSourceControl
LogPluginManager: Mounting plugin SubversionSourceControl
LogPluginManager: Mounting plugin UObjectPlugin
LogPluginManager: Mounting plugin VisualStudioCodeSourceCodeAccess
LogPluginManager: Mounting plugin VisualStudioSourceCodeAccess
LogPluginManager: Mounting plugin XCodeSourceCodeAccess
LogPluginManager: Mounting plugin AssetManagerEditor
LogPluginManager: Mounting plugin CryptoKeys
LogPluginManager: Mounting plugin CurveEditorTools
LogPluginManager: Mounting plugin DataValidation
LogPluginManager: Mounting plugin FacialAnimation
LogPluginManager: Mounting plugin GameplayTagsEditor
LogPluginManager: Mounting plugin MacGraphicsSwitching
LogPluginManager: Mounting plugin MaterialAnalyzer
LogPluginManager: Mounting plugin MobileLauncherProfileWizard
LogPluginManager: Mounting plugin PluginBrowser
LogPluginManager: Mounting plugin SpeedTreeImporter
LogPluginManager: Mounting plugin DatasmithContent
LogPluginManager: Mounting plugin VariantManagerContent
LogPluginManager: Mounting plugin AlembicImporter
LogPluginManager: Mounting plugin AutomationUtils
LogPluginManager: Mounting plugin BackChannel
LogPluginManager: Mounting plugin CharacterAI
LogPluginManager: Mounting plugin GeometryCache
LogPluginManager: Mounting plugin PlatformCrypto
LogPluginManager: Mounting plugin ProxyLODPlugin
LogPluginManager: Mounting plugin SkeletalReduction
LogPluginManager: Mounting plugin MagicLeap
LogPluginManager: Mounting plugin MagicLeapMedia
LogPluginManager: Mounting plugin MLSDK
LogPluginManager: Mounting plugin AndroidMedia
LogPluginManager: Mounting plugin AvfMedia
LogPluginManager: Mounting plugin ImgMedia
LogPluginManager: Mounting plugin MediaCompositing
LogPluginManager: Mounting plugin MediaPlayerEditor
LogPluginManager: Mounting plugin WebMMedia
LogPluginManager: Mounting plugin WmfMedia
LogPluginManager: Mounting plugin TcpMessaging
LogPluginManager: Mounting plugin UdpMessaging
LogPluginManager: Mounting plugin ActorSequence
LogPluginManager: Mounting plugin LevelSequenceEditor
LogPluginManager: Mounting plugin MatineeToLevelSequence
LogPluginManager: Mounting plugin NetcodeUnitTest
LogPluginManager: Mounting plugin NUTUnrealEngine4
LogPluginManager: Mounting plugin OnlineSubsystemGooglePlay
LogPluginManager: Mounting plugin OnlineSubsystemIOS
LogPluginManager: Mounting plugin OnlineSubsystem
LogPluginManager: Mounting plugin OnlineSubsystemNull
LogPluginManager: Mounting plugin OnlineSubsystemUtils
LogPluginManager: Mounting plugin LauncherChunkInstaller
LogPluginManager: Mounting plugin AndroidDeviceProfileSelector
LogPluginManager: Mounting plugin AndroidMoviePlayer
LogPluginManager: Mounting plugin AndroidPermission
LogPluginManager: Mounting plugin AppleImageUtils
LogPluginManager: Mounting plugin AppleMoviePlayer
LogPluginManager: Mounting plugin ArchVisCharacter
LogPluginManager: Mounting plugin AssetTags
LogPluginManager: Mounting plugin AudioCapture
LogPluginManager: Mounting plugin CableComponent
LogPluginManager: Mounting plugin CustomMeshComponent
LogPluginManager: Mounting plugin EditableMesh
LogPluginManager: Mounting plugin ExampleDeviceProfileSelector
LogPluginManager: Mounting plugin GoogleCloudMessaging
LogPluginManager: Mounting plugin IOSDeviceProfileSelector
LogPluginManager: Mounting plugin LinuxDeviceProfileSelector
LogPluginManager: Mounting plugin LocationServicesBPLibrary
LogPluginManager: Mounting plugin MobilePatchingUtils
LogPluginManager: Mounting plugin OculusVR
LogPluginManager: Mounting plugin PhysXVehicles
LogPluginManager: Mounting plugin PostSplashScreen
LogPluginManager: Mounting plugin ProceduralMeshComponent
LogPluginManager: Mounting plugin RuntimePhysXCooking
LogPluginManager: Mounting plugin SignificanceManager
LogPluginManager: Mounting plugin SteamVR
LogPluginManager: Mounting plugin WebMMoviePlayer
LogPluginManager: Mounting plugin WindowsMoviePlayer
LogPluginManager: Mounting plugin ScreenshotTools
LogInit: Using libcurl 7.55.1-DEV
LogInit:  - built for x86_64-pc-win32
LogInit:  - supports SSL with OpenSSL/1.1.1
LogInit:  - supports HTTP deflate (compression) using libz 1.2.8
LogInit:  - other features:
LogInit:      CURL_VERSION_SSL
LogInit:      CURL_VERSION_LIBZ
LogInit:      CURL_VERSION_IPV6
LogInit:      CURL_VERSION_ASYNCHDNS
LogInit:      CURL_VERSION_LARGEFILE
LogInit:      CURL_VERSION_IDN
LogInit:  CurlRequestOptions (configurable via config and command line):
LogInit:  - bVerifyPeer = true  - Libcurl will verify peer certificate
LogInit:  - bUseHttpProxy = false  - Libcurl will NOT use HTTP proxy
LogInit:  - bDontReuseConnections = false  - Libcurl will reuse connections
LogInit:  - MaxHostConnections = 16  - Libcurl will limit the number of connections to a host
LogInit:  - LocalHostAddr = Default
LogInit:  - BufferSize = 65536
LogOnline: OSS: Creating online subsystem instance for: NULL
LogInit: WinSock: version 1.1 (2.2), MaxSocks=32767, MaxUdp=65467
LogOnline: OSS: TryLoadSubsystemAndSetDefault: Loaded subsystem for module [NULL]
LogInit: Build: ++UE4+Release-4.24-CL-11590370
LogInit: Engine Version: 4.24.3-11590370+++UE4+Release-4.24
LogInit: Compatible Engine Version: 4.24.0-10570792+++UE4+Release-4.24
LogInit: Net CL: 10570792
LogInit: OS: Windows 10 (Release 2009) (), CPU: Intel(R) Core(TM) i5-7300HQ CPU @ 2.50GHz, GPU: Intel(R) HD Graphics 630
LogInit: Compiled (64-bit): Feb 24 2020 15:39:18
LogInit: Compiled with Visual C++: 19.16.27032.01
LogInit: Build Configuration: Development
LogInit: Branch Name: ++UE4+Release-4.24
LogInit: Command Line: 
LogInit: Base Directory: D:/UE_4.24/Engine/Binaries/Win64/
LogInit: Installed Engine Build: 1
LogDevObjectVersion: Number of dev versions registered: 25
LogDevObjectVersion:   Dev-Blueprints (B0D832E4-1F89-4F0D-ACCF-7EB736FD4AA2): 10
LogDevObjectVersion:   Dev-Build (E1C64328-A22C-4D53-A36C-8E866417BD8C): 0
LogDevObjectVersion:   Dev-Core (375EC13C-06E4-48FB-B500-84F0262A717E): 3
LogDevObjectVersion:   Dev-Editor (E4B068ED-F494-42E9-A231-DA0B2E46BB41): 37
LogDevObjectVersion:   Dev-Framework (CFFC743F-43B0-4480-9391-14DF171D2073): 36
LogDevObjectVersion:   Dev-Mobile (B02B49B5-BB20-44E9-A304-32B752E40360): 2
LogDevObjectVersion:   Dev-Networking (A4E4105C-59A1-49B5-A7C5-40C4547EDFEE): 0
LogDevObjectVersion:   Dev-Online (39C831C9-5AE6-47DC-9A44-9C173E1C8E7C): 0
LogDevObjectVersion:   Dev-Physics (78F01B33-EBEA-4F98-B9B4-84EACCB95AA2): 2
LogDevObjectVersion:   Dev-Platform (6631380F-2D4D-43E0-8009-CF276956A95A): 0
LogDevObjectVersion:   Dev-Rendering (12F88B9F-8875-4AFC-A67C-D90C383ABD29): 36
LogDevObjectVersion:   Dev-Sequencer (7B5AE74C-D270-4C10-A958-57980B212A5A): 11
LogDevObjectVersion:   Dev-VR (D7296918-1DD6-4BDD-9DE2-64A83CC13884): 2
LogDevObjectVersion:   Dev-LoadTimes (C2A15278-BFE7-4AFE-6C17-90FF531DF755): 1
LogDevObjectVersion:   Private-Geometry (6EACA3D4-40EC-4CC1-B786-8BED09428FC5): 3
LogDevObjectVersion:   Dev-AnimPhys (29E575DD-E0A3-4627-9D10-D276232CDCEA): 17
LogDevObjectVersion:   Dev-Anim (AF43A65D-7FD3-4947-9873-3E8ED9C1BB05): 2
LogDevObjectVersion:   Dev-ReflectionCapture (6B266CEC-1EC7-4B8F-A30B-E4D90942FC07): 1
LogDevObjectVersion:   Dev-Automation (0DF73D61-A23F-47EA-B727-89E90C41499A): 1
LogDevObjectVersion:   FortniteMain (601D1886-AC64-4F84-AA16-D3DE0DEAC7D6): 31
LogDevObjectVersion:   Dev-Enterprise (9DFFBCD6-494F-0158-E221-12823C92A888): 8
LogDevObjectVersion:   Dev-Niagara (F2AED0AC-9AFE-416F-8664-AA7FFA26D6FC): 1
LogDevObjectVersion:   Dev-Destruction (174F1F0B-B4C6-45A5-B13F-2EE8D0FB917D): 9
LogDevObjectVersion:   Dev-Physics-Ext (35F94A83-E258-406C-A318-09F59610247C): 8
LogDevObjectVersion:   Dev-CineCamera (B2E18506-4273-CFC2-A54E-F4BB758BBA07): 1
LogInit: Presizing for max 25165824 objects, including 0 objects not considered by GC, pre-allocating 0 bytes for permanent pool.
LogInit: Object subsystem initialized
LogConfig: Setting CVar [[con.DebugEarlyDefault:1]]
LogConfig: Setting CVar [[r.setres:1280x720]]
[2023.03.20-12.19.49:637][  0]LogConfig: Setting CVar [[r.VSync:0]]
[2023.03.20-12.19.49:637][  0]LogConfig: Setting CVar [[r.RHICmdBypass:0]]
[2023.03.20-12.19.49:637][  0]LogConfig: Applying CVar settings from Section [/Script/Engine.RendererSettings] File [D:/GitHub/UnrealEnginePrototypes/uNREALpROJECTS/LabPFGA/Saved/Config/Windows/Engine.ini]
[2023.03.20-12.19.49:637][  0]LogConfig: Setting CVar [[r.GPUCrashDebugging:0]]
[2023.03.20-12.19.49:637][  0]LogConfig: Applying CVar settings from Section [/Script/Engine.RendererOverrideSettings] File [D:/GitHub/UnrealEnginePrototypes/uNREALpROJECTS/LabPFGA/Saved/Config/Windows/Engine.ini]
[2023.03.20-12.19.49:637][  0]LogConfig: Applying CVar settings from Section [/Script/Engine.StreamingSettings] File [D:/GitHub/UnrealEnginePrototypes/uNREALpROJECTS/LabPFGA/Saved/Config/Windows/Engine.ini]
[2023.03.20-12.19.49:637][  0]LogConfig: Setting CVar [[s.MinBulkDataSizeForAsyncLoading:131072]]
[2023.03.20-12.19.49:637][  0]LogConfig: Setting CVar [[s.AsyncLoadingThreadEnabled:0]]
[2023.03.20-12.19.49:637][  0]LogConfig: Setting CVar [[s.EventDrivenLoaderEnabled:1]]
[2023.03.20-12.19.49:637][  0]LogConfig: Setting CVar [[s.WarnIfTimeLimitExceeded:0]]
[2023.03.20-12.19.49:637][  0]LogConfig: Setting CVar [[s.TimeLimitExceededMultiplier:1.5]]
[2023.03.20-12.19.49:637][  0]LogConfig: Setting CVar [[s.TimeLimitExceededMinTime:0.005]]
[2023.03.20-12.19.49:637][  0]LogConfig: Setting CVar [[s.UseBackgroundLevelStreaming:1]]
[2023.03.20-12.19.49:637][  0]LogConfig: Setting CVar [[s.PriorityAsyncLoadingExtraTime:15.0]]
[2023.03.20-12.19.49:637][  0]LogConfig: Setting CVar [[s.LevelStreamingActorsUpdateTimeLimit:5.0]]
[2023.03.20-12.19.49:637][  0]LogConfig: Setting CVar [[s.PriorityLevelStreamingActorsUpdateExtraTime:5.0]]
[2023.03.20-12.19.49:637][  0]LogConfig: Setting CVar [[s.LevelStreamingComponentsRegistrationGranularity:10]]
[2023.03.20-12.19.49:637][  0]LogConfig: Setting CVar [[s.UnregisterComponentsTimeLimit:1.0]]
[2023.03.20-12.19.49:637][  0]LogConfig: Setting CVar [[s.LevelStreamingComponentsUnregistrationGranularity:5]]
[2023.03.20-12.19.49:637][  0]LogConfig: Setting CVar [[s.FlushStreamingOnExit:1]]
[2023.03.20-12.19.49:637][  0]LogConfig: Applying CVar settings from Section [/Script/Engine.GarbageCollectionSettings] File [D:/GitHub/UnrealEnginePrototypes/uNREALpROJECTS/LabPFGA/Saved/Config/Windows/Engine.ini]
[2023.03.20-12.19.49:637][  0]LogConfig: Setting CVar [[gc.MaxObjectsNotConsideredByGC:1]]
[2023.03.20-12.19.49:637][  0]LogConfig: Setting CVar [[gc.SizeOfPermanentObjectPool:0]]
[2023.03.20-12.19.49:637][  0]LogConfig: Setting CVar [[gc.FlushStreamingOnGC:0]]
[2023.03.20-12.19.49:637][  0]LogConfig: Setting CVar [[gc.NumRetriesBeforeForcingGC:10]]
[2023.03.20-12.19.49:637][  0]LogConfig: Setting CVar [[gc.AllowParallelGC:1]]
[2023.03.20-12.19.49:638][  0]LogConfig: Setting CVar [[gc.TimeBetweenPurgingPendingKillObjects:61.1]]
[2023.03.20-12.19.49:638][  0]LogConfig: Setting CVar [[gc.MaxObjectsInEditor:25165824]]
[2023.03.20-12.19.49:638][  0]LogConfig: Setting CVar [[gc.IncrementalBeginDestroyEnabled:1]]
[2023.03.20-12.19.49:638][  0]LogConfig: Setting CVar [[gc.CreateGCClusters:1]]
[2023.03.20-12.19.49:638][  0]LogConfig: Setting CVar [[gc.MinGCClusterSize:5]]
[2023.03.20-12.19.49:638][  0]LogConfig: Setting CVar [[gc.ActorClusteringEnabled:0]]
[2023.03.20-12.19.49:638][  0]LogConfig: Setting CVar [[gc.BlueprintClusteringEnabled:0]]
[2023.03.20-12.19.49:638][  0]LogConfig: Setting CVar [[gc.UseDisregardForGCOnDedicatedServers:0]]
[2023.03.20-12.19.49:638][  0]LogConfig: Applying CVar settings from Section [/Script/Engine.NetworkSettings] File [D:/GitHub/UnrealEnginePrototypes/uNREALpROJECTS/LabPFGA/Saved/Config/Windows/Engine.ini]
[2023.03.20-12.19.49:638][  0]LogConfig: Applying CVar settings from Section [/Script/UnrealEd.CookerSettings] File [D:/GitHub/UnrealEnginePrototypes/uNREALpROJECTS/LabPFGA/Saved/Config/Windows/Engine.ini]
[2023.03.20-12.19.49:641][  0]LogConfig: Applying CVar settings from Section [ViewDistanceQuality@3] File [D:/GitHub/UnrealEnginePrototypes/uNREALpROJECTS/LabPFGA/Saved/Config/Windows/Scalability.ini]
[2023.03.20-12.19.49:641][  0]LogConfig: Setting CVar [[r.SkeletalMeshLODBias:0]]
[2023.03.20-12.19.49:641][  0]LogConfig: Setting CVar [[r.ViewDistanceScale:1.0]]
[2023.03.20-12.19.49:641][  0]LogConfig: Applying CVar settings from Section [AntiAliasingQuality@3] File [D:/GitHub/UnrealEnginePrototypes/uNREALpROJECTS/LabPFGA/Saved/Config/Windows/Scalability.ini]
[2023.03.20-12.19.49:641][  0]LogConfig: Setting CVar [[r.PostProcessAAQuality:4]]
[2023.03.20-12.19.49:641][  0]LogConfig: Applying CVar settings from Section [ShadowQuality@3] File [D:/GitHub/UnrealEnginePrototypes/uNREALpROJECTS/LabPFGA/Saved/Config/Windows/Scalability.ini]
[2023.03.20-12.19.49:641][  0]LogConfig: Setting CVar [[r.LightFunctionQuality:1]]
[2023.03.20-12.19.49:641][  0]LogConfig: Setting CVar [[r.ShadowQuality:5]]
[2023.03.20-12.19.49:641][  0]LogConfig: Setting CVar [[r.Shadow.CSM.MaxCascades:10]]
[2023.03.20-12.19.49:641][  0]LogConfig: Setting CVar [[r.Shadow.MaxResolution:2048]]
[2023.03.20-12.19.49:641][  0]LogConfig: Setting CVar [[r.Shadow.MaxCSMResolution:2048]]
[2023.03.20-12.19.49:641][  0]LogConfig: Setting CVar [[r.Shadow.RadiusThreshold:0.01]]
[2023.03.20-12.19.49:641][  0]LogConfig: Setting CVar [[r.Shadow.DistanceScale:1.0]]
[2023.03.20-12.19.49:641][  0]LogConfig: Setting CVar [[r.Shadow.CSM.TransitionScale:1.0]]
[2023.03.20-12.19.49:641][  0]LogConfig: Setting CVar [[r.Shadow.PreShadowResolutionFactor:1.0]]
[2023.03.20-12.19.49:641][  0]LogConfig: Setting CVar [[r.DistanceFieldShadowing:1]]
[2023.03.20-12.19.49:641][  0]LogConfig: Setting CVar [[r.DistanceFieldAO:1]]
[2023.03.20-12.19.49:641][  0]LogConfig: Setting CVar [[r.AOQuality:2]]
[2023.03.20-12.19.49:641][  0]LogConfig: Setting CVar [[r.VolumetricFog:1]]
[2023.03.20-12.19.49:641][  0]LogConfig: Setting CVar [[r.VolumetricFog.GridPixelSize:8]]
[2023.03.20-12.19.49:641][  0]LogConfig: Setting CVar [[r.VolumetricFog.GridSizeZ:128]]
[2023.03.20-12.19.49:641][  0]LogConfig: Setting CVar [[r.VolumetricFog.HistoryMissSupersampleCount:4]]
[2023.03.20-12.19.49:641][  0]LogConfig: Setting CVar [[r.LightMaxDrawDistanceScale:1]]
[2023.03.20-12.19.49:641][  0]LogConfig: Setting CVar [[r.CapsuleShadows:1]]
[2023.03.20-12.19.49:641][  0]LogConfig: Applying CVar settings from Section [PostProcessQuality@3] File [D:/GitHub/UnrealEnginePrototypes/uNREALpROJECTS/LabPFGA/Saved/Config/Windows/Scalability.ini]
[2023.03.20-12.19.49:641][  0]LogConfig: Setting CVar [[r.MotionBlurQuality:4]]
[2023.03.20-12.19.49:641][  0]LogConfig: Setting CVar [[r.AmbientOcclusionMipLevelFactor:0.4]]
[2023.03.20-12.19.49:641][  0]LogConfig: Setting CVar [[r.AmbientOcclusionMaxQuality:100]]
[2023.03.20-12.19.49:641][  0]LogConfig: Setting CVar [[r.AmbientOcclusionLevels:-1]]
[2023.03.20-12.19.49:642][  0]LogConfig: Setting CVar [[r.AmbientOcclusionRadiusScale:1.0]]
[2023.03.20-12.19.49:642][  0]LogConfig: Setting CVar [[r.DepthOfFieldQuality:2]]
[2023.03.20-12.19.49:642][  0]LogConfig: Setting CVar [[r.RenderTargetPoolMin:400]]
[2023.03.20-12.19.49:642][  0]LogConfig: Setting CVar [[r.LensFlareQuality:2]]
[2023.03.20-12.19.49:642][  0]LogConfig: Setting CVar [[r.SceneColorFringeQuality:1]]
[2023.03.20-12.19.49:642][  0]LogConfig: Setting CVar [[r.EyeAdaptationQuality:2]]
[2023.03.20-12.19.49:642][  0]LogConfig: Setting CVar [[r.BloomQuality:5]]
[2023.03.20-12.19.49:642][  0]LogConfig: Setting CVar [[r.FastBlurThreshold:100]]
[2023.03.20-12.19.49:642][  0]LogConfig: Setting CVar [[r.Upscale.Quality:3]]
[2023.03.20-12.19.49:642][  0]LogConfig: Setting CVar [[r.Tonemapper.GrainQuantization:1]]
[2023.03.20-12.19.49:642][  0]LogConfig: Setting CVar [[r.LightShaftQuality:1]]
[2023.03.20-12.19.49:642][  0]LogConfig: Setting CVar [[r.Filter.SizeScale:1]]
[2023.03.20-12.19.49:642][  0]LogConfig: Setting CVar [[r.Tonemapper.Quality:5]]
[2023.03.20-12.19.49:642][  0]LogConfig: Setting CVar [[r.DOF.Gather.AccumulatorQuality:1        ; higher gathering accumulator quality]]
[2023.03.20-12.19.49:642][  0]LogConfig: Setting CVar [[r.DOF.Gather.PostfilterMethod:1          ; Median3x3 postfilering method]]
[2023.03.20-12.19.49:642][  0]LogConfig: Setting CVar [[r.DOF.Gather.EnableBokehSettings:0       ; no bokeh simulation when gathering]]
[2023.03.20-12.19.49:642][  0]LogConfig: Setting CVar [[r.DOF.Gather.RingCount:4                 ; medium number of samples when gathering]]
[2023.03.20-12.19.49:642][  0]LogConfig: Setting CVar [[r.DOF.Scatter.ForegroundCompositing:1    ; additive foreground scattering]]
[2023.03.20-12.19.49:642][  0]LogConfig: Setting CVar [[r.DOF.Scatter.BackgroundCompositing:2    ; additive background scattering]]
[2023.03.20-12.19.49:642][  0]LogConfig: Setting CVar [[r.DOF.Scatter.EnableBokehSettings:1      ; bokeh simulation when scattering]]
[2023.03.20-12.19.49:642][  0]LogConfig: Setting CVar [[r.DOF.Scatter.MaxSpriteRatio:0.1         ; only a maximum of 10% of scattered bokeh]]
[2023.03.20-12.19.49:642][  0]LogConfig: Setting CVar [[r.DOF.Recombine.Quality:1                ; cheap slight out of focus]]
[2023.03.20-12.19.49:642][  0]LogConfig: Setting CVar [[r.DOF.Recombine.EnableBokehSettings:0    ; no bokeh simulation on slight out of focus]]
[2023.03.20-12.19.49:642][  0]LogConfig: Setting CVar [[r.DOF.TemporalAAQuality:1                ; more stable temporal accumulation]]
[2023.03.20-12.19.49:642][  0]LogConfig: Setting CVar [[r.DOF.Kernel.MaxForegroundRadius:0.025]]
[2023.03.20-12.19.49:642][  0]LogConfig: Setting CVar [[r.DOF.Kernel.MaxBackgroundRadius:0.025]]
[2023.03.20-12.19.49:642][  0]LogConfig: Applying CVar settings from Section [TextureQuality@3] File [D:/GitHub/UnrealEnginePrototypes/uNREALpROJECTS/LabPFGA/Saved/Config/Windows/Scalability.ini]
[2023.03.20-12.19.49:642][  0]LogConfig: Setting CVar [[r.Streaming.MipBias:0]]
[2023.03.20-12.19.49:642][  0]LogConfig: Setting CVar [[r.Streaming.AmortizeCPUToGPUCopy:0]]
[2023.03.20-12.19.49:642][  0]LogConfig: Setting CVar [[r.Streaming.MaxNumTexturesToStreamPerFrame:0]]
[2023.03.20-12.19.49:642][  0]LogConfig: Setting CVar [[r.Streaming.Boost:1]]
[2023.03.20-12.19.49:642][  0]LogConfig: Setting CVar [[r.MaxAnisotropy:8]]
[2023.03.20-12.19.49:642][  0]LogConfig: Setting CVar [[r.VT.MaxAnisotropy:8]]
[2023.03.20-12.19.49:642][  0]LogConfig: Setting CVar [[r.Streaming.LimitPoolSizeToVRAM:0]]
[2023.03.20-12.19.49:642][  0]LogConfig: Setting CVar [[r.Streaming.PoolSize:1000]]
[2023.03.20-12.19.49:642][  0]LogConfig: Setting CVar [[r.Streaming.MaxEffectiveScreenSize:0]]
[2023.03.20-12.19.49:642][  0]LogConfig: Applying CVar settings from Section [EffectsQuality@3] File [D:/GitHub/UnrealEnginePrototypes/uNREALpROJECTS/LabPFGA/Saved/Config/Windows/Scalability.ini]
[2023.03.20-12.19.49:642][  0]LogConfig: Setting CVar [[r.TranslucencyLightingVolumeDim:64]]
[2023.03.20-12.19.49:642][  0]LogConfig: Setting CVar [[r.RefractionQuality:2]]
[2023.03.20-12.19.49:642][  0]LogConfig: Setting CVar [[r.SSR.Quality:3]]
[2023.03.20-12.19.49:642][  0]LogConfig: Setting CVar [[r.SSR.HalfResSceneColor:0]]
[2023.03.20-12.19.49:642][  0]LogConfig: Setting CVar [[r.SceneColorFormat:4]]
[2023.03.20-12.19.49:642][  0]LogConfig: Setting CVar [[r.DetailMode:2]]
[2023.03.20-12.19.49:642][  0]LogConfig: Setting CVar [[r.TranslucencyVolumeBlur:1]]
[2023.03.20-12.19.49:642][  0]LogConfig: Setting CVar [[r.MaterialQualityLevel:1 ; High quality]]
[2023.03.20-12.19.49:642][  0]LogConfig: Setting CVar [[r.SSS.Scale:1]]
[2023.03.20-12.19.49:642][  0]LogConfig: Setting CVar [[r.SSS.SampleSet:2]]
[2023.03.20-12.19.49:642][  0]LogConfig: Setting CVar [[r.SSS.Quality:1]]
[2023.03.20-12.19.49:642][  0]LogConfig: Setting CVar [[r.SSS.HalfRes:1]]
[2023.03.20-12.19.49:642][  0]LogConfig: Setting CVar [[r.SSGI.Quality:3]]
[2023.03.20-12.19.49:642][  0]LogConfig: Setting CVar [[r.EmitterSpawnRateScale:1.0]]
[2023.03.20-12.19.49:642][  0]LogConfig: Setting CVar [[r.ParticleLightQuality:2]]
[2023.03.20-12.19.49:642][  0]LogConfig: Setting CVar [[r.SkyAtmosphere.AerialPerspectiveLUT.FastApplyOnOpaque:1 ; Always have FastSkyLUT 1 in this case to avoid wrong sky]]
[2023.03.20-12.19.49:642][  0]LogConfig: Setting CVar [[r.SkyAtmosphere.AerialPerspectiveLUT.SampleCountPerSlice:1]]
[2023.03.20-12.19.49:643][  0]LogConfig: Setting CVar [[r.SkyAtmosphere.AerialPerspectiveLUT.DepthResolution:16.0]]
[2023.03.20-12.19.49:643][  0]LogConfig: Setting CVar [[r.SkyAtmosphere.FastSkyLUT:1]]
[2023.03.20-12.19.49:643][  0]LogConfig: Setting CVar [[r.SkyAtmosphere.FastSkyLUT.SampleCountMin:4.0]]
[2023.03.20-12.19.49:643][  0]LogConfig: Setting CVar [[r.SkyAtmosphere.FastSkyLUT.SampleCountMax:32.0]]
[2023.03.20-12.19.49:643][  0]LogConfig: Setting CVar [[r.SkyAtmosphere.SampleCountMin:4.0]]
[2023.03.20-12.19.49:643][  0]LogConfig: Setting CVar [[r.SkyAtmosphere.SampleCountMax:32.0]]
[2023.03.20-12.19.49:643][  0]LogConfig: Setting CVar [[r.SkyAtmosphere.TransmittanceLUT.UseSmallFormat:0]]
[2023.03.20-12.19.49:643][  0]LogConfig: Setting CVar [[r.SkyAtmosphere.TransmittanceLUT.SampleCount:10.0]]
[2023.03.20-12.19.49:643][  0]LogConfig: Setting CVar [[r.SkyAtmosphere.MultiScatteringLUT.SampleCount:15.0]]
[2023.03.20-12.19.49:643][  0]LogConfig: Applying CVar settings from Section [FoliageQuality@3] File [D:/GitHub/UnrealEnginePrototypes/uNREALpROJECTS/LabPFGA/Saved/Config/Windows/Scalability.ini]
[2023.03.20-12.19.49:643][  0]LogConfig: Setting CVar [[foliage.DensityScale:1.0]]
[2023.03.20-12.19.49:643][  0]LogConfig: Setting CVar [[grass.DensityScale:1.0]]
[2023.03.20-12.19.49:643][  0]LogConfig: Applying CVar settings from Section [ShadingQuality@3] File [D:/GitHub/UnrealEnginePrototypes/uNREALpROJECTS/LabPFGA/Saved/Config/Windows/Scalability.ini]
[2023.03.20-12.19.49:643][  0]LogConfig: Setting CVar [[r.HairStrands.SkyLighting.SampleCount:16]]
[2023.03.20-12.19.49:643][  0]LogConfig: Setting CVar [[r.HairStrands.SkyLighting.JitterIntegration:0]]
[2023.03.20-12.19.49:643][  0]LogConfig: Setting CVar [[r.HairStrands.SkyAO.SampleCount:16]]
[2023.03.20-12.19.49:643][  0]LogInit: Selected Device Profile: [Windows]
[2023.03.20-12.19.49:643][  0]LogInit: Applying CVar settings loaded from the selected device profile: [Windows]
[2023.03.20-12.19.49:649][  0]LogHAL: Display: Platform has ~ 8 GB [8467877888 / 8589934592 / 8], which maps to Default [LargestMinGB=32, LargerMinGB=12, DefaultMinGB=8, SmallerMinGB=6, SmallestMinGB=0)
[2023.03.20-12.19.49:649][  0]LogInit: Going up to parent DeviceProfile []
[2023.03.20-12.19.49:649][  0]LogConfig: Applying CVar settings from Section [ViewDistanceQuality@2] File [D:/GitHub/UnrealEnginePrototypes/uNREALpROJECTS/LabPFGA/Saved/Config/Windows/Scalability.ini]
[2023.03.20-12.19.49:649][  0]LogConfig: Setting CVar [[r.SkeletalMeshLODBias:0]]
[2023.03.20-12.19.49:649][  0]LogConfig: Setting CVar [[r.ViewDistanceScale:0.8]]
[2023.03.20-12.19.49:649][  0]LogConfig: Applying CVar settings from Section [AntiAliasingQuality@2] File [D:/GitHub/UnrealEnginePrototypes/uNREALpROJECTS/LabPFGA/Saved/Config/Windows/Scalability.ini]
[2023.03.20-12.19.49:649][  0]LogConfig: Setting CVar [[r.PostProcessAAQuality:3]]
[2023.03.20-12.19.49:649][  0]LogConfig: Applying CVar settings from Section [ShadowQuality@2] File [D:/GitHub/UnrealEnginePrototypes/uNREALpROJECTS/LabPFGA/Saved/Config/Windows/Scalability.ini]
[2023.03.20-12.19.49:649][  0]LogConfig: Setting CVar [[r.LightFunctionQuality:1]]
[2023.03.20-12.19.49:649][  0]LogConfig: Setting CVar [[r.ShadowQuality:5]]
[2023.03.20-12.19.49:649][  0]LogConfig: Setting CVar [[r.Shadow.CSM.MaxCascades:4]]
[2023.03.20-12.19.49:649][  0]LogConfig: Setting CVar [[r.Shadow.MaxResolution:1024]]
[2023.03.20-12.19.49:649][  0]LogConfig: Setting CVar [[r.Shadow.MaxCSMResolution:2048]]
[2023.03.20-12.19.49:650][  0]LogConfig: Setting CVar [[r.Shadow.RadiusThreshold:0.04]]
[2023.03.20-12.19.49:650][  0]LogConfig: Setting CVar [[r.Shadow.DistanceScale:0.85]]
[2023.03.20-12.19.49:650][  0]LogConfig: Setting CVar [[r.Shadow.CSM.TransitionScale:0.8]]
[2023.03.20-12.19.49:650][  0]LogConfig: Setting CVar [[r.Shadow.PreShadowResolutionFactor:0.5]]
[2023.03.20-12.19.49:650][  0]LogConfig: Setting CVar [[r.DistanceFieldShadowing:1]]
[2023.03.20-12.19.49:650][  0]LogConfig: Setting CVar [[r.DistanceFieldAO:1]]
[2023.03.20-12.19.49:650][  0]LogConfig: Setting CVar [[r.AOQuality:1]]
[2023.03.20-12.19.49:650][  0]LogConfig: Setting CVar [[r.VolumetricFog:1]]
[2023.03.20-12.19.49:650][  0]LogConfig: Setting CVar [[r.VolumetricFog.GridPixelSize:16]]
[2023.03.20-12.19.49:650][  0]LogConfig: Setting CVar [[r.VolumetricFog.GridSizeZ:64]]
[2023.03.20-12.19.49:650][  0]LogConfig: Setting CVar [[r.VolumetricFog.HistoryMissSupersampleCount:4]]
[2023.03.20-12.19.49:650][  0]LogConfig: Setting CVar [[r.LightMaxDrawDistanceScale:1]]
[2023.03.20-12.19.49:650][  0]LogConfig: Setting CVar [[r.CapsuleShadows:1]]
[2023.03.20-12.19.49:650][  0]LogConfig: Applying CVar settings from Section [PostProcessQuality@2] File [D:/GitHub/UnrealEnginePrototypes/uNREALpROJECTS/LabPFGA/Saved/Config/Windows/Scalability.ini]
[2023.03.20-12.19.49:650][  0]LogConfig: Setting CVar [[r.MotionBlurQuality:3]]
[2023.03.20-12.19.49:650][  0]LogConfig: Setting CVar [[r.AmbientOcclusionMipLevelFactor:0.6]]
[2023.03.20-12.19.49:650][  0]LogConfig: Setting CVar [[r.AmbientOcclusionMaxQuality:100]]
[2023.03.20-12.19.49:650][  0]LogConfig: Setting CVar [[r.AmbientOcclusionLevels:-1]]
[2023.03.20-12.19.49:650][  0]LogConfig: Setting CVar [[r.AmbientOcclusionRadiusScale:1.5]]
[2023.03.20-12.19.49:650][  0]LogConfig: Setting CVar [[r.DepthOfFieldQuality:2]]
[2023.03.20-12.19.49:650][  0]LogConfig: Setting CVar [[r.RenderTargetPoolMin:400]]
[2023.03.20-12.19.49:650][  0]LogConfig: Setting CVar [[r.LensFlareQuality:2]]
[2023.03.20-12.19.49:650][  0]LogConfig: Setting CVar [[r.SceneColorFringeQuality:1]]
[2023.03.20-12.19.49:650][  0]LogConfig: Setting CVar [[r.EyeAdaptationQuality:2]]
[2023.03.20-12.19.49:650][  0]LogConfig: Setting CVar [[r.BloomQuality:5]]
[2023.03.20-12.19.49:650][  0]LogConfig: Setting CVar [[r.FastBlurThreshold:3]]
[2023.03.20-12.19.49:650][  0]LogConfig: Setting CVar [[r.Upscale.Quality:2]]
[2023.03.20-12.19.49:650][  0]LogConfig: Setting CVar [[r.Tonemapper.GrainQuantization:1]]
[2023.03.20-12.19.49:650][  0]LogConfig: Setting CVar [[r.LightShaftQuality:1]]
[2023.03.20-12.19.49:650][  0]LogConfig: Setting CVar [[r.Filter.SizeScale:0.8]]
[2023.03.20-12.19.49:650][  0]LogConfig: Setting CVar [[r.Tonemapper.Quality:5]]
[2023.03.20-12.19.49:650][  0]LogConfig: Setting CVar [[r.DOF.Gather.AccumulatorQuality:0        ; lower gathering accumulator quality]]
[2023.03.20-12.19.49:650][  0]LogConfig: Setting CVar [[r.DOF.Gather.PostfilterMethod:2          ; Max3x3 postfilering method]]
[2023.03.20-12.19.49:650][  0]LogConfig: Setting CVar [[r.DOF.Gather.EnableBokehSettings:0       ; no bokeh simulation when gathering]]
[2023.03.20-12.19.49:650][  0]LogConfig: Setting CVar [[r.DOF.Gather.RingCount:4                 ; medium number of samples when gathering]]
[2023.03.20-12.19.49:650][  0]LogConfig: Setting CVar [[r.DOF.Scatter.ForegroundCompositing:1    ; additive foreground scattering]]
[2023.03.20-12.19.49:650][  0]LogConfig: Setting CVar [[r.DOF.Scatter.BackgroundCompositing:1    ; no background occlusion]]
[2023.03.20-12.19.49:650][  0]LogConfig: Setting CVar [[r.DOF.Scatter.EnableBokehSettings:0      ; no bokeh simulation when scattering]]
[2023.03.20-12.19.49:650][  0]LogConfig: Setting CVar [[r.DOF.Scatter.MaxSpriteRatio:0.04        ; only a maximum of 4% of scattered bokeh]]
[2023.03.20-12.19.49:650][  0]LogConfig: Setting CVar [[r.DOF.Recombine.Quality:0                ; no slight out of focus]]
[2023.03.20-12.19.49:650][  0]LogConfig: Setting CVar [[r.DOF.TemporalAAQuality:0                ; faster temporal accumulation]]
[2023.03.20-12.19.49:650][  0]LogConfig: Setting CVar [[r.DOF.Kernel.MaxForegroundRadius:0.012   ; required because of AccumulatorQuality=0]]
[2023.03.20-12.19.49:650][  0]LogConfig: Setting CVar [[r.DOF.Kernel.MaxBackgroundRadius:0.012   ; required because of AccumulatorQuality=0]]
[2023.03.20-12.19.49:650][  0]LogConfig: Applying CVar settings from Section [TextureQuality@2] File [D:/GitHub/UnrealEnginePrototypes/uNREALpROJECTS/LabPFGA/Saved/Config/Windows/Scalability.ini]
[2023.03.20-12.19.49:650][  0]LogConfig: Setting CVar [[r.Streaming.MipBias:0]]
[2023.03.20-12.19.49:650][  0]LogConfig: Setting CVar [[r.Streaming.AmortizeCPUToGPUCopy:0]]
[2023.03.20-12.19.49:650][  0]LogConfig: Setting CVar [[r.Streaming.MaxNumTexturesToStreamPerFrame:0]]
[2023.03.20-12.19.49:650][  0]LogConfig: Setting CVar [[r.Streaming.Boost:1]]
[2023.03.20-12.19.49:650][  0]LogConfig: Setting CVar [[r.MaxAnisotropy:4]]
[2023.03.20-12.19.49:650][  0]LogConfig: Setting CVar [[r.VT.MaxAnisotropy:8]]
[2023.03.20-12.19.49:650][  0]LogConfig: Setting CVar [[r.Streaming.LimitPoolSizeToVRAM:1]]
[2023.03.20-12.19.49:650][  0]LogConfig: Setting CVar [[r.Streaming.PoolSize:800]]
[2023.03.20-12.19.49:650][  0]LogConfig: Setting CVar [[r.Streaming.MaxEffectiveScreenSize:0]]
[2023.03.20-12.19.49:650][  0]LogConfig: Applying CVar settings from Section [EffectsQuality@2] File [D:/GitHub/UnrealEnginePrototypes/uNREALpROJECTS/LabPFGA/Saved/Config/Windows/Scalability.ini]
[2023.03.20-12.19.49:651][  0]LogConfig: Setting CVar [[r.TranslucencyLightingVolumeDim:48]]
[2023.03.20-12.19.49:651][  0]LogConfig: Setting CVar [[r.RefractionQuality:2]]
[2023.03.20-12.19.49:651][  0]LogConfig: Setting CVar [[r.SSR.Quality:2]]
[2023.03.20-12.19.49:651][  0]LogConfig: Setting CVar [[r.SSR.HalfResSceneColor:1]]
[2023.03.20-12.19.49:651][  0]LogConfig: Setting CVar [[r.SceneColorFormat:3]]
[2023.03.20-12.19.49:651][  0]LogConfig: Setting CVar [[r.DetailMode:1]]
[2023.03.20-12.19.49:651][  0]LogConfig: Setting CVar [[r.TranslucencyVolumeBlur:1]]
[2023.03.20-12.19.49:651][  0]LogConfig: Setting CVar [[r.MaterialQualityLevel:1 ; High quality]]
[2023.03.20-12.19.49:651][  0]LogConfig: Setting CVar [[r.SSS.Scale:1]]
[2023.03.20-12.19.49:651][  0]LogConfig: Setting CVar [[r.SSS.SampleSet:1]]
[2023.03.20-12.19.49:651][  0]LogConfig: Setting CVar [[r.SSS.Quality:-1]]
[2023.03.20-12.19.49:651][  0]LogConfig: Setting CVar [[r.SSS.HalfRes:1]]
[2023.03.20-12.19.49:651][  0]LogConfig: Setting CVar [[r.SSGI.Quality:2]]
[2023.03.20-12.19.49:651][  0]LogConfig: Setting CVar [[r.EmitterSpawnRateScale:0.5]]
[2023.03.20-12.19.49:651][  0]LogConfig: Setting CVar [[r.ParticleLightQuality:1]]
[2023.03.20-12.19.49:651][  0]LogConfig: Setting CVar [[r.SkyAtmosphere.AerialPerspectiveLUT.FastApplyOnOpaque:1 ; Always have FastSkyLUT 1 in this case to avoid wrong sky]]
[2023.03.20-12.19.49:651][  0]LogConfig: Setting CVar [[r.SkyAtmosphere.AerialPerspectiveLUT.SampleCountPerSlice:1]]
[2023.03.20-12.19.49:651][  0]LogConfig: Setting CVar [[r.SkyAtmosphere.AerialPerspectiveLUT.DepthResolution:16.0]]
[2023.03.20-12.19.49:651][  0]LogConfig: Setting CVar [[r.SkyAtmosphere.FastSkyLUT:1]]
[2023.03.20-12.19.49:651][  0]LogConfig: Setting CVar [[r.SkyAtmosphere.FastSkyLUT.SampleCountMin:4.0]]
[2023.03.20-12.19.49:651][  0]LogConfig: Setting CVar [[r.SkyAtmosphere.FastSkyLUT.SampleCountMax:32.0]]
[2023.03.20-12.19.49:651][  0]LogConfig: Setting CVar [[r.SkyAtmosphere.SampleCountMin:4.0]]
[2023.03.20-12.19.49:651][  0]LogConfig: Setting CVar [[r.SkyAtmosphere.SampleCountMax:32.0]]
[2023.03.20-12.19.49:651][  0]LogConfig: Setting CVar [[r.SkyAtmosphere.TransmittanceLUT.UseSmallFormat:0]]
[2023.03.20-12.19.49:651][  0]LogConfig: Setting CVar [[r.SkyAtmosphere.TransmittanceLUT.SampleCount:10.0]]
[2023.03.20-12.19.49:651][  0]LogConfig: Setting CVar [[r.SkyAtmosphere.MultiScatteringLUT.SampleCount:15.0]]
[2023.03.20-12.19.49:651][  0]LogConfig: Applying CVar settings from Section [FoliageQuality@2] File [D:/GitHub/UnrealEnginePrototypes/uNREALpROJECTS/LabPFGA/Saved/Config/Windows/Scalability.ini]
[2023.03.20-12.19.49:651][  0]LogConfig: Setting CVar [[foliage.DensityScale:0.8]]
[2023.03.20-12.19.49:651][  0]LogConfig: Setting CVar [[grass.DensityScale:0.8]]
[2023.03.20-12.19.49:651][  0]LogConfig: Applying CVar settings from Section [ShadingQuality@2] File [D:/GitHub/UnrealEnginePrototypes/uNREALpROJECTS/LabPFGA/Saved/Config/Windows/Scalability.ini]
[2023.03.20-12.19.49:651][  0]LogConfig: Setting CVar [[r.HairStrands.SkyLighting.SampleCount:16]]
[2023.03.20-12.19.49:651][  0]LogConfig: Setting CVar [[r.HairStrands.SkyLighting.JitterIntegration:0]]
[2023.03.20-12.19.49:651][  0]LogConfig: Setting CVar [[r.HairStrands.SkyAO.SampleCount:16]]
[2023.03.20-12.19.49:651][  0]LogConfig: Applying CVar settings from Section [Startup] File [../../../Engine/Config/ConsoleVariables.ini]
[2023.03.20-12.19.49:651][  0]LogConfig: Setting CVar [[net.UseAdaptiveNetUpdateFrequency:0]]
[2023.03.20-12.19.49:652][  0]LogConfig: Setting CVar [[p.chaos.AllowCreatePhysxBodies:1]]
[2023.03.20-12.19.49:652][  0]LogConfig: Applying CVar settings from Section [ConsoleVariables] File [D:/GitHub/UnrealEnginePrototypes/uNREALpROJECTS/LabPFGA/Saved/Config/Windows/Engine.ini]
[2023.03.20-12.19.49:652][  0]LogInit: Computer: LAPTOP-A3UMQSBQ
[2023.03.20-12.19.49:652][  0]LogInit: User: rugra
[2023.03.20-12.19.49:652][  0]LogInit: CPU Page size=4096, Cores=4
[2023.03.20-12.19.49:652][  0]LogInit: High frequency timer resolution =10.000000 MHz
[2023.03.20-12.19.49:652][  0]LogMemory: Memory total: Physical=7.9GB (8GB approx)
[2023.03.20-12.19.49:652][  0]LogMemory: Platform Memory Stats for Windows
[2023.03.20-12.19.49:652][  0]LogMemory: Process Physical Memory: 106.57 MB used, 106.58 MB peak
[2023.03.20-12.19.49:652][  0]LogMemory: Process Virtual Memory: 99.86 MB used, 99.86 MB peak
[2023.03.20-12.19.49:652][  0]LogMemory: Physical Memory: 6716.23 MB used,  1359.37 MB free, 8075.60 MB total
[2023.03.20-12.19.49:652][  0]LogMemory: Virtual Memory: 5123.10 MB used,  134212608.00 MB free, 134217728.00 MB total
[2023.03.20-12.19.49:657][  0]LogWindows: WindowsPlatformFeatures enabled
[2023.03.20-12.19.49:718][  0]LogInit: Using OS detected language (en-US).
[2023.03.20-12.19.49:718][  0]LogInit: Using OS detected locale (en-GB).
[2023.03.20-12.19.49:720][  0]LogTextLocalizationManager: No specific localization for 'en-US' exists, so the 'en' localization will be used.
[2023.03.20-12.19.49:948][  0]LogInit: Setting process to per monitor DPI aware
[2023.03.20-12.19.49:985][  0]LogSlate: New Slate User Created.  User Index 0, Is Virtual User: 0
[2023.03.20-12.19.49:985][  0]LogSlate: Slate User Registered.  User Index 0, Is Virtual User: 0
[2023.03.20-12.19.50:354][  0]LogHMD: Failed to initialize OpenVR with code 110
[2023.03.20-12.19.50:354][  0]LogD3D11RHI: D3D11 min allowed feature level: 11_0
[2023.03.20-12.19.50:354][  0]LogD3D11RHI: D3D11 max allowed feature level: 11_0
[2023.03.20-12.19.50:354][  0]LogD3D11RHI: D3D11 adapters:
[2023.03.20-12.19.50:600][  0]LogD3D11RHI:    0. 'NVIDIA GeForce GTX 1050' (Feature Level 11_0)
[2023.03.20-12.19.50:600][  0]LogD3D11RHI:       1976/0/4037 MB DedicatedVideo/DedicatedSystem/SharedSystem, Outputs:1, VendorId:0x10de
[2023.03.20-12.19.50:623][  0]LogD3D11RHI:    1. 'Intel(R) HD Graphics 630' (Feature Level 11_0)
[2023.03.20-12.19.50:623][  0]LogD3D11RHI:       128/0/4037 MB DedicatedVideo/DedicatedSystem/SharedSystem, Outputs:0, VendorId:0x8086
[2023.03.20-12.19.50:628][  0]LogD3D11RHI:    2. 'Microsoft Basic Render Driver' (Feature Level 11_0)
[2023.03.20-12.19.50:628][  0]LogD3D11RHI:       0/0/4037 MB DedicatedVideo/DedicatedSystem/SharedSystem, Outputs:0, VendorId:0x1414
[2023.03.20-12.19.50:628][  0]LogD3D11RHI: Chosen D3D11 Adapter: 0
[2023.03.20-12.19.50:640][  0]LogD3D11RHI: Creating new Direct3DDevice
[2023.03.20-12.19.50:640][  0]LogD3D11RHI:     GPU DeviceId: 0x1c8d (for the marketing name, search the web for "GPU Device Id")
[2023.03.20-12.19.50:640][  0]LogWindows: EnumDisplayDevices:
[2023.03.20-12.19.50:640][  0]LogWindows:    0. 'Intel(R) HD Graphics 630' (P:1 D:1)
[2023.03.20-12.19.50:641][  0]LogWindows:    1. 'Intel(R) HD Graphics 630' (P:0 D:0)
[2023.03.20-12.19.50:641][  0]LogWindows:    2. 'Intel(R) HD Graphics 630' (P:0 D:0)
[2023.03.20-12.19.50:642][  0]LogWindows:    3. 'NVIDIA GeForce GTX 1050' (P:0 D:0)
[2023.03.20-12.19.50:642][  0]LogWindows: DebugString: PrimaryIsNotTheChoosenAdapter PrimaryIsNotTheChoosenAdapter PrimaryIsNotTheChoosenAdapter 
[2023.03.20-12.19.50:642][  0]LogD3D11RHI:     Adapter Name: NVIDIA GeForce GTX 1050
[2023.03.20-12.19.50:642][  0]LogD3D11RHI:   Driver Version: 531.29 (internal:31.0.15.3129, unified:531.29)
[2023.03.20-12.19.50:642][  0]LogD3D11RHI:      Driver Date: 3-8-2023
[2023.03.20-12.19.50:642][  0]LogRHI: Texture pool is 1383 MB (70% of 1976 MB)
[2023.03.20-12.19.50:832][  0]LogD3D11RHI: RHI has support for 64 bit atomics
[2023.03.20-12.19.50:832][  0]LogD3D11RHI: Async texture creation enabled
[2023.03.20-12.19.50:858][  0]LogD3D11RHI: GPU Timing Frequency: 1000.000000 (Debug: 2 1)
[2023.03.20-12.19.51:451][  0]LogTargetPlatformManager: Display: Loaded TargetPlatform 'AllDesktop'
[2023.03.20-12.19.51:499][  0]LogTargetPlatformManager: Display: Loaded TargetPlatform 'Android'
[2023.03.20-12.19.51:499][  0]LogTargetPlatformManager: Display: Loaded TargetPlatform 'Android_ASTC'
[2023.03.20-12.19.51:499][  0]LogTargetPlatformManager: Display: Loaded TargetPlatform 'Android_ATC'
[2023.03.20-12.19.51:499][  0]LogTargetPlatformManager: Display: Loaded TargetPlatform 'Android_DXT'
[2023.03.20-12.19.51:499][  0]LogTargetPlatformManager: Display: Loaded TargetPlatform 'Android_ETC1'
[2023.03.20-12.19.51:499][  0]LogTargetPlatformManager: Display: Loaded TargetPlatform 'Android_ETC1a'
[2023.03.20-12.19.51:499][  0]LogTargetPlatformManager: Display: Loaded TargetPlatform 'Android_ETC2'
[2023.03.20-12.19.51:499][  0]LogTargetPlatformManager: Display: Loaded TargetPlatform 'Android_PVRTC'
[2023.03.20-12.19.51:499][  0]LogTargetPlatformManager: Display: Loaded TargetPlatform 'AndroidClient'
[2023.03.20-12.19.51:499][  0]LogTargetPlatformManager: Display: Loaded TargetPlatform 'Android_ASTCClient'
[2023.03.20-12.19.51:499][  0]LogTargetPlatformManager: Display: Loaded TargetPlatform 'Android_ATCClient'
[2023.03.20-12.19.51:499][  0]LogTargetPlatformManager: Display: Loaded TargetPlatform 'Android_DXTClient'
[2023.03.20-12.19.51:499][  0]LogTargetPlatformManager: Display: Loaded TargetPlatform 'Android_ETC1Client'
[2023.03.20-12.19.51:499][  0]LogTargetPlatformManager: Display: Loaded TargetPlatform 'Android_ETC1aClient'
[2023.03.20-12.19.51:499][  0]LogTargetPlatformManager: Display: Loaded TargetPlatform 'Android_ETC2Client'
[2023.03.20-12.19.51:499][  0]LogTargetPlatformManager: Display: Loaded TargetPlatform 'Android_PVRTCClient'
[2023.03.20-12.19.51:499][  0]LogTargetPlatformManager: Display: Loaded TargetPlatform 'Android_Multi'
[2023.03.20-12.19.51:499][  0]LogTargetPlatformManager: Display: Loaded TargetPlatform 'Android_MultiClient'
[2023.03.20-12.19.51:533][  0]LogTargetPlatformManager: Display: Loaded TargetPlatform 'IOSClient'
[2023.03.20-12.19.51:533][  0]LogTargetPlatformManager: Display: Loaded TargetPlatform 'IOS'
[2023.03.20-12.19.51:546][  0]LogTargetPlatformManager: Display: Loaded TargetPlatform 'LinuxNoEditor'
[2023.03.20-12.19.51:557][  0]LogTargetPlatformManager: Display: Loaded TargetPlatform 'LinuxClient'
[2023.03.20-12.19.51:568][  0]LogTargetPlatformManager: Display: Loaded TargetPlatform 'LinuxServer'
[2023.03.20-12.19.51:580][  0]LogTargetPlatformManager: Display: Loaded TargetPlatform 'LinuxAArch64NoEditor'
[2023.03.20-12.19.51:590][  0]LogTargetPlatformManager: Display: Loaded TargetPlatform 'LinuxAArch64Client'
[2023.03.20-12.19.51:599][  0]LogTargetPlatformManager: Display: Loaded TargetPlatform 'LinuxAArch64Server'
[2023.03.20-12.19.51:635][  0]LogTargetPlatformManager: Display: Loaded TargetPlatform 'Lumin'
[2023.03.20-12.19.51:635][  0]LogTargetPlatformManager: Display: Loaded TargetPlatform 'LuminClient'
[2023.03.20-12.19.51:656][  0]LogTargetPlatformManager: Display: Loaded TargetPlatform 'TVOSClient'
[2023.03.20-12.19.51:656][  0]LogTargetPlatformManager: Display: Loaded TargetPlatform 'TVOS'
[2023.03.20-12.19.51:666][  0]LogTargetPlatformManager: Display: Loaded TargetPlatform 'WindowsNoEditor'
[2023.03.20-12.19.51:678][  0]LogTargetPlatformManager: Display: Loaded TargetPlatform 'Windows'
[2023.03.20-12.19.51:688][  0]LogTargetPlatformManager: Display: Loaded TargetPlatform 'WindowsClient'
[2023.03.20-12.19.51:699][  0]LogTargetPlatformManager: Display: Loaded TargetPlatform 'WindowsServer'
[2023.03.20-12.19.51:699][  0]LogTargetPlatformManager: Display: Building Assets For Windows
[2023.03.20-12.19.51:705][  0]LogAudioDebug: Display: Lib vorbis DLL was dynamically loaded.
[2023.03.20-12.19.51:738][  0]LogShaderCompilers: Guid format shader working directory is -19 characters bigger than the processId version (../../../../GitHub/UnrealEnginePrototypes/uNREALpROJECTS/LabPFGA/Intermediate/Shaders/WorkingDirectory/14768/).
[2023.03.20-12.19.51:738][  0]LogShaderCompilers: Cleaned the shader compiler working directory 'C:/Users/rugra/AppData/Local/Temp/UnrealShaderWorkingDir/187B1EF84386EDFA884119A3942D6B9F/'.
[2023.03.20-12.19.51:739][  0]LogXGEController: Cannot use XGE Controller as Incredibuild is not installed on this machine.
[2023.03.20-12.19.51:739][  0]LogShaderCompilers: Cannot use XGE Shader Compiler as Incredibuild is not installed on this machine.
[2023.03.20-12.19.51:739][  0]LogShaderCompilers: Display: Using Local Shader Compiler.
[2023.03.20-12.19.52:922][  0]LogDerivedDataCache: Display: Max Cache Size: 512 MB
[2023.03.20-12.19.53:025][  0]LogDerivedDataCache: Loaded boot cache 0.10s 78MB C:/Users/rugra/AppData/Local/UnrealEngine/4.24/DerivedDataCache/Boot.ddc.
[2023.03.20-12.19.53:025][  0]LogDerivedDataCache: Display: Loaded Boot cache: C:/Users/rugra/AppData/Local/UnrealEngine/4.24/DerivedDataCache/Boot.ddc
[2023.03.20-12.19.53:025][  0]LogDerivedDataCache: FDerivedDataBackendGraph:  Pak pak cache file ../../../../GitHub/UnrealEnginePrototypes/uNREALpROJECTS/LabPFGA/DerivedDataCache/DDC.ddp not found, will not use a pak cache.
[2023.03.20-12.19.53:025][  0]LogDerivedDataCache: Unable to find inner node Pak for hierarchical cache Hierarchy.
[2023.03.20-12.19.53:025][  0]LogDerivedDataCache: FDerivedDataBackendGraph:  CompressedPak pak cache file ../../../../GitHub/UnrealEnginePrototypes/uNREALpROJECTS/LabPFGA/DerivedDataCache/Compressed.ddp not found, will not use a pak cache.
[2023.03.20-12.19.53:025][  0]LogDerivedDataCache: Unable to find inner node CompressedPak for hierarchical cache Hierarchy.
[2023.03.20-12.19.53:040][  0]LogDerivedDataCache: Display: Pak cache opened for reading ../../../Engine/DerivedDataCache/Compressed.ddp.
[2023.03.20-12.19.53:041][  0]LogDerivedDataCache: FDerivedDataBackendGraph:  EnterprisePak pak cache file ../../../Enterprise/DerivedDataCache/Compressed.ddp not found, will not use a pak cache.
[2023.03.20-12.19.53:041][  0]LogDerivedDataCache: Unable to find inner node EnterprisePak for hierarchical cache Hierarchy.
[2023.03.20-12.19.53:065][  0]LogDerivedDataCache: Using Local data cache path C:/Users/rugra/AppData/Local/UnrealEngine/Common/DerivedDataCache: Writable
[2023.03.20-12.19.53:065][  0]LogDerivedDataCache: Shared data cache path not found in *engine.ini, will not use an Shared cache.
[2023.03.20-12.19.53:065][  0]LogDerivedDataCache: Unable to find inner node Shared for hierarchical cache Hierarchy.
[2023.03.20-12.19.53:099][  0]LogMaterial: Verifying Global Shaders for PCD3D_SM5
[2023.03.20-12.19.53:102][  0]LogSlate: Using FreeType 2.10.0
[2023.03.20-12.19.53:103][  0]LogSlate: SlateFontServices - WITH_FREETYPE: 1, WITH_HARFBUZZ: 1
[2023.03.20-12.19.53:202][  0]LogAssetRegistry: FAssetRegistry took 0.0030 seconds to start up
[2023.03.20-12.19.53:579][  0]LogInit: Selected Device Profile: [Windows]
[2023.03.20-12.19.53:793][  0]LogMeshReduction: Using QuadricMeshReduction for automatic static mesh reduction
[2023.03.20-12.19.53:793][  0]LogMeshReduction: Using SimplygonMeshReduction for automatic skeletal mesh reduction
[2023.03.20-12.19.53:793][  0]LogMeshReduction: Using ProxyLODMeshReduction for automatic mesh merging
[2023.03.20-12.19.53:793][  0]LogMeshReduction: No distributed automatic mesh merging module available
[2023.03.20-12.19.53:793][  0]LogMeshMerging: No distributed automatic mesh merging module available
[2023.03.20-12.19.53:810][  0]LogNetVersion: LabPFGA 1.0.0, NetCL: 10570792, EngineNetVer: 13, GameNetVer: 0 (Checksum: 3322309216)
[2023.03.20-12.19.55:407][  0]LogPackageLocalizationCache: Processed 10 localized package path(s) for 1 prioritized culture(s) in 0.187279 seconds
[2023.03.20-12.19.55:417][  0]LogUObjectArray: 46750 objects as part of root set at end of initial load.
[2023.03.20-12.19.55:417][  0]LogUObjectAllocator: 8137160 out of 0 bytes used by permanent object pool.
[2023.03.20-12.19.55:417][  0]LogUObjectArray: CloseDisregardForGC: 0/0 objects in disregard for GC pool
[2023.03.20-12.19.55:932][  0]LogTcpMessaging: Initializing TcpMessaging bridge
[2023.03.20-12.19.55:936][  0]LogUdpMessaging: Initializing bridge on interface 0.0.0.0:0 to multicast group 230.0.0.1:6666.
[2023.03.20-12.19.56:100][  0]SourceControl: Source control is disabled
[2023.03.20-12.19.56:100][  0]SourceControl: Source control is disabled
[2023.03.20-12.19.56:101][  0]SourceControl: Source control is disabled
[2023.03.20-12.19.56:102][  0]SourceControl: Source control is disabled
[2023.03.20-12.19.56:103][  0]SourceControl: Source control is disabled
[2023.03.20-12.19.56:264][  0]LogAndroidPermission: UAndroidPermissionCallbackProxy::GetInstance
[2023.03.20-12.19.56:275][  0]LogAudioCaptureCore: Display: No Audio Capture implementations found. Audio input will be silent.
[2023.03.20-12.19.56:275][  0]LogAudioCaptureCore: Display: No Audio Capture implementations found. Audio input will be silent.
[2023.03.20-12.19.56:368][  0]LogOcInput: OculusInput pre-init called
[2023.03.20-12.19.56:377][  0]LogWindows: Failed to load 'OVRPlugin.dll' (GetLastError=126)
[2023.03.20-12.19.56:377][  0]LogWindows: File 'OVRPlugin.dll' does not exist
[2023.03.20-12.19.56:450][  0]LogEngine: Initializing Engine...
[2023.03.20-12.19.56:451][  0]LogHMD: Failed to initialize OpenVR with code 110
[2023.03.20-12.19.56:452][  0]LogStats: UGameplayTagsManager::InitializeManager -  0.000 s
[2023.03.20-12.19.56:829][  0]LogInit: Initializing FReadOnlyCVARCache
[2023.03.20-12.19.56:838][  0]LogAIModule: Creating AISystem for world Untitled
[2023.03.20-12.19.56:859][  0]LogAudioMixer: Display: Audio Mixer Platform Settings:
[2023.03.20-12.19.56:859][  0]LogAudioMixer: Display: 	Sample Rate:						  48000
[2023.03.20-12.19.56:859][  0]LogAudioMixer: Display: 	Callback Buffer Frame Size Requested: 1024
[2023.03.20-12.19.56:859][  0]LogAudioMixer: Display: 	Callback Buffer Frame Size To Use:	  1024
[2023.03.20-12.19.56:859][  0]LogAudioMixer: Display: 	Number of buffers to queue:			  2
[2023.03.20-12.19.56:859][  0]LogAudioMixer: Display: 	Max Channels (voices):				  32
[2023.03.20-12.19.56:859][  0]LogAudioMixer: Display: 	Number of Async Source Workers:		  0
[2023.03.20-12.19.56:859][  0]LogAudio: Display: AudioDevice MaxSources: 32
[2023.03.20-12.19.56:860][  0]LogAudio: Display: Using built-in audio occlusion.
[2023.03.20-12.19.56:860][  0]LogAudioMixer: Display: Initializing audio mixer.
[2023.03.20-12.19.56:871][  0]LogAudioMixer: Display: Audio Device Output Speaker Info:
[2023.03.20-12.19.56:871][  0]LogAudioMixer: Display: Name: Speakers (Realtek High Definition Audio(SST))
[2023.03.20-12.19.56:871][  0]LogAudioMixer: Display: Is Default: Yes
[2023.03.20-12.19.56:871][  0]LogAudioMixer: Display: Sample Rate: 48000
[2023.03.20-12.19.56:871][  0]LogAudioMixer: Display: Channel Count Used: 2
[2023.03.20-12.19.56:871][  0]LogAudioMixer: Display: Device Channel Count: 2
[2023.03.20-12.19.56:871][  0]LogAudioMixer: Display: Channel Order:
[2023.03.20-12.19.56:871][  0]LogAudioMixer: Display: 0: FrontLeft
[2023.03.20-12.19.56:871][  0]LogAudioMixer: Display: 1: FrontRight
[2023.03.20-12.19.56:895][  0]LogAudioMixer: Display: Using Audio Device Speakers (Realtek High Definition Audio(SST))
[2023.03.20-12.19.56:904][  0]LogInit: FAudioDevice initialized.
[2023.03.20-12.19.56:904][  0]LogNetVersion: Set ProjectVersion to 1.0.0.0. Version Checksum will be recalculated on next use.
[2023.03.20-12.19.57:242][  0]LogDerivedDataCache: Saved boot cache 0.34s 78MB C:/Users/rugra/AppData/Local/UnrealEngine/4.24/DerivedDataCache/Boot.ddc.
[2023.03.20-12.19.57:242][  0]LogInit: Texture streaming: Enabled
[2023.03.20-12.19.57:284][  0]LogEngineSessionManager: EngineSessionManager initialized
[2023.03.20-12.19.57:284][  0]LogEditorSessionSummary: Verbose: Initializing EditorSessionSummaryWriter for editor session tracking
[2023.03.20-12.19.57:310][  0]LogEditorSessionSummary: EditorSessionSummaryWriter initialized
[2023.03.20-12.19.57:363][  0]LogInit: Transaction tracking system initialized
[2023.03.20-12.19.57:376][  0]BlueprintLog: New page: Editor Load
[2023.03.20-12.19.57:526][  0]LocalizationService: Localization service is disabled
[2023.03.20-12.19.58:077][  0]LogFileCache: Scanning file cache for directory 'D:/GitHub/UnrealEnginePrototypes/uNREALpROJECTS/LabPFGA/Content/' took 0.01s
[2023.03.20-12.19.58:077][  0]LogCook: Display: Max memory allowance for cook 16384mb min free memory 0mb
[2023.03.20-12.19.58:077][  0]LogCook: Display: Mobile HDR setting 1
[2023.03.20-12.19.59:286][  0]SourceControl: Source control is disabled
[2023.03.20-12.19.59:287][  0]Cmd: MAP LOAD FILE="../../../../GitHub/UnrealEnginePrototypes/uNREALpROJECTS/LabPFGA/Content/Pathway.umap" TEMPLATE=0 SHOWPROGRESS=1 FEATURELEVEL=3
[2023.03.20-12.19.59:287][  0]LogEditorServer: Warning: Can't find file '../../../../GitHub/UnrealEnginePrototypes/uNREALpROJECTS/LabPFGA/Content/Pathway.umap'
[2023.03.20-12.19.59:287][  0]Cmd: MAP CHECKDEP NOCLEARLOG
[2023.03.20-12.19.59:287][  0]MapCheck: Map check complete: 0 Error(s), 0 Warning(s), took 0.14ms to complete.
[2023.03.20-12.19.59:287][  0]LogFileHelpers: Loading map 'Pathway' took 0.001
[2023.03.20-12.19.59:564][  0]LogSlate: Updating window title bar state: overlay mode, drag disabled, window buttons hidden, title bar hidden
[2023.03.20-12.19.59:572][  0]LogSlate: Updating window title bar state: overlay mode, drag disabled, window buttons hidden, title bar hidden
[2023.03.20-12.19.59:581][  0]LogSlate: Updating window title bar state: overlay mode, drag disabled, window buttons hidden, title bar hidden
[2023.03.20-12.19.59:590][  0]LogSlate: Updating window title bar state: overlay mode, drag disabled, window buttons hidden, title bar hidden
[2023.03.20-12.19.59:598][  0]LogCollectionManager: Loaded 0 collections in 0.004410 seconds
[2023.03.20-12.19.59:615][  0]LogFileCache: Scanning file cache for directory 'D:/GitHub/UnrealEnginePrototypes/uNREALpROJECTS/LabPFGA/Saved/Collections/' took 0.00s
[2023.03.20-12.19.59:616][  0]LogFileCache: Scanning file cache for directory 'D:/GitHub/UnrealEnginePrototypes/uNREALpROJECTS/LabPFGA/Content/Developers/rugra/Collections/' took 0.00s
[2023.03.20-12.19.59:616][  0]LogFileCache: Scanning file cache for directory 'D:/GitHub/UnrealEnginePrototypes/uNREALpROJECTS/LabPFGA/Content/Collections/' took 0.00s
[2023.03.20-12.19.59:616][  0]LogContentBrowser: Native class hierarchy populated in 0.0104 seconds. Added 3015 classes and 717 folders.
[2023.03.20-12.19.59:620][  0]LogContentBrowser: Native class hierarchy updated for 'WidgetCarousel' in 0.0004 seconds. Added 0 classes and 0 folders.
[2023.03.20-12.19.59:741][  0]LogContentBrowser: Native class hierarchy updated for 'AddContentDialog' in 0.0004 seconds. Added 0 classes and 0 folders.
[2023.03.20-12.19.59:745][  0]LogContentBrowser: Native class hierarchy updated for 'SceneOutliner' in 0.0004 seconds. Added 2 classes and 3 folders.
[2023.03.20-12.19.59:816][  0]LogSlate: Took 0.000341 seconds to synchronously load lazily loaded font '../../../Engine/Content/Slate/Fonts/Roboto-Regular.ttf' (155K)
[2023.03.20-12.19.59:818][  0]LogSlate: Took 0.000684 seconds to synchronously load lazily loaded font '../../../Engine/Content/Slate/Fonts/Roboto-Bold.ttf' (160K)
[2023.03.20-12.19.59:823][  0]LogSlate: Took 0.000324 seconds to synchronously load lazily loaded font '../../../Engine/Content/Editor/Slate/Fonts/FontAwesome.ttf' (139K)
[2023.03.20-12.20.00:169][  0]LogRenderer: Reallocating scene render targets to support 1000x456 Format 9 NumSamples 1 (Frame:1).
[2023.03.20-12.20.00:567][  0]LogContentBrowser: Native class hierarchy updated for 'HierarchicalLODOutliner' in 0.0004 seconds. Added 0 classes and 0 folders.
[2023.03.20-12.20.00:567][  0]LogLoad: (Engine Initialization) Total time: 13.77 seconds
[2023.03.20-12.20.00:567][  0]LogLoad: (Engine Initialization) Total Blueprint compile time: 0.00 seconds
[2023.03.20-12.20.00:764][  0]LogContentStreaming: Texture pool size now 800 MB
[2023.03.20-12.20.02:096][ 13]LogAssetRegistry: Asset discovery search completed in 8.8948 seconds
[2023.03.20-12.20.02:100][ 13]LogCollectionManager: Fixed up redirectors for 0 collections in 0.000010 seconds (updated 0 objects)
[2023.03.20-12.20.05:085][ 22]LogSlate: Took 0.000224 seconds to synchronously load lazily loaded font '../../../Engine/Content/Slate/Fonts/Roboto-Light.ttf' (167K)
[2023.03.20-12.20.23:711][993]LogSlate: Took 0.000297 seconds to synchronously load lazily loaded font '../../../Engine/Content/Slate/Fonts/Roboto-Light.ttf' (167K)
[2023.03.20-12.20.23:736][993]LogAssetEditorSubsystem: Opening Asset editor for Blueprint /Game/FirstPersonBP/Blueprints/FirstPersonCharacter.FirstPersonCharacter
[2023.03.20-12.20.24:053][993]LogContentBrowser: Native class hierarchy updated for 'BlueprintGraph' in 0.0007 seconds. Added 121 classes and 0 folders.
[2023.03.20-12.20.25:151][993]LogSlate: Took 0.029346 seconds to synchronously load lazily loaded font '../../../Engine/Content/Slate/Fonts/Roboto-BoldCondensed.ttf' (158K)
[2023.03.20-12.20.25:486][994]LogSlate: Took 0.018806 seconds to synchronously load lazily loaded font '../../../Engine/Content/Slate/Fonts/Roboto-Italic.ttf' (157K)
[2023.03.20-12.22.03:702][276]LogUObjectHash: Compacting FUObjectHashTables data took   4.52ms
[2023.03.20-12.22.03:860][276]LogSlate: Window 'FirstPersonCharacter' being destroyed
[2023.03.20-12.22.03:912][276]LogWorld: UWorld::CleanupWorld for World_0, bSessionEnded=true, bCleanupResources=true
[2023.03.20-12.22.03:912][276]LogSlate: InvalidateAllWidgets triggered.  All widgets were invalidated
[2023.03.20-12.22.04:113][276]LogSlate: Window 'LabPFGA - Unreal Editor' being destroyed
[2023.03.20-12.22.04:439][277]Cmd: QUIT_EDITOR
[2023.03.20-12.22.04:440][277]LogCore: Engine exit requested (reason: UUnrealEdEngine::CloseEditor())
[2023.03.20-12.22.04:484][277]LogCore: Engine exit requested (reason: EngineExit() was called; note: exit was already requested)
[2023.03.20-12.22.04:493][277]LogAudioMixer: Display: No commands were queued while flushing the source manager.
[2023.03.20-12.22.04:738][277]LogWindowsTextInputMethodSystem: Display: IME system now deactivated.
[2023.03.20-12.22.04:802][277]LogExit: Preparing to exit.
[2023.03.20-12.22.05:780][277]LogWorld: UWorld::CleanupWorld for World_1, bSessionEnded=true, bCleanupResources=true
[2023.03.20-12.22.05:960][277]LogDemo: Cleaned up 0 splitscreen connections with owner deletion
[2023.03.20-12.22.06:068][277]LogWorld: UWorld::CleanupWorld for None, bSessionEnded=true, bCleanupResources=true
[2023.03.20-12.22.06:068][277]LogExit: Editor shut down
[2023.03.20-12.22.06:069][277]LogExit: Transaction tracking system shut down
[2023.03.20-12.22.08:369][277]LogExit: Object subsystem successfully closed.
[2023.03.20-12.22.08:577][277]LogShaderCompilers: Display: Shaders left to compile 0
[2023.03.20-12.22.10:045][277]LogModuleManager: Shutting down and abandoning module BlueprintGraph (696)
[2023.03.20-12.22.10:045][277]LogModuleManager: Shutting down and abandoning module HierarchicalLODOutliner (694)
[2023.03.20-12.22.10:046][277]LogModuleManager: Shutting down and abandoning module SceneOutliner (692)
[2023.03.20-12.22.10:046][277]LogModuleManager: Shutting down and abandoning module AddContentDialog (690)
[2023.03.20-12.22.10:047][277]LogModuleManager: Shutting down and abandoning module WidgetCarousel (689)
[2023.03.20-12.22.10:047][277]LogModuleManager: Shutting down and abandoning module EditorWidgets (686)
[2023.03.20-12.22.10:047][277]LogModuleManager: Shutting down and abandoning module CollectionManager (684)
[2023.03.20-12.22.10:062][277]LogModuleManager: Shutting down and abandoning module VirtualTexturingEditor (682)
[2023.03.20-12.22.10:077][277]LogModuleManager: Shutting down and abandoning module FoliageEdit (680)
[2023.03.20-12.22.10:101][277]LogModuleManager: Shutting down and abandoning module LandscapeEditor (678)
[2023.03.20-12.22.10:164][277]LogModuleManager: Shutting down and abandoning module MeshPaintMode (676)
[2023.03.20-12.22.10:164][277]LogModuleManager: Shutting down and abandoning module SceneDepthPickerMode (674)
[2023.03.20-12.22.10:164][277]LogModuleManager: Shutting down and abandoning module ActorPickerMode (672)
[2023.03.20-12.22.10:164][277]LogModuleManager: Shutting down and abandoning module GeometryMode (670)
[2023.03.20-12.22.10:165][277]LogModuleManager: Shutting down and abandoning module TextureAlignMode (668)
[2023.03.20-12.22.10:165][277]LogModuleManager: Shutting down and abandoning module BspMode (666)
[2023.03.20-12.22.10:165][277]LogModuleManager: Shutting down and abandoning module PIEPreviewDeviceProfileSelector (664)
[2023.03.20-12.22.10:180][277]LogModuleManager: Shutting down and abandoning module SequenceRecorderSections (662)
[2023.03.20-12.22.10:189][277]LogModuleManager: Shutting down and abandoning module AutomationWorker (660)
[2023.03.20-12.22.10:189][277]LogModuleManager: Shutting down and abandoning module SteamVREditor (658)
[2023.03.20-12.22.10:189][277]LogModuleManager: Shutting down and abandoning module OculusMR (656)
[2023.03.20-12.22.10:206][277]LogModuleManager: Shutting down and abandoning module AudioCaptureEditor (654)
[2023.03.20-12.22.10:209][277]LogModuleManager: Shutting down and abandoning module MatineeToLevelSequence (652)
[2023.03.20-12.22.10:216][277]LogModuleManager: Shutting down and abandoning module LevelSequenceEditor (650)
[2023.03.20-12.22.10:265][277]LogModuleManager: Shutting down and abandoning module PlacementMode (649)
[2023.03.20-12.22.10:265][277]LogModuleManager: Shutting down and abandoning module MaterialEditor (648)
[2023.03.20-12.22.10:280][277]LogModuleManager: Shutting down and abandoning module ActorSequenceEditor (644)
[2023.03.20-12.22.10:298][277]LogModuleManager: Shutting down and abandoning module WmfMediaFactory (642)
[2023.03.20-12.22.10:298][277]LogModuleManager: Shutting down and abandoning module WmfMediaEditor (640)
[2023.03.20-12.22.10:298][277]LogModuleManager: Shutting down and abandoning module WebMMediaFactory (638)
[2023.03.20-12.22.10:298][277]LogModuleManager: Shutting down and abandoning module WebMMediaEditor (636)
[2023.03.20-12.22.10:298][277]LogModuleManager: Shutting down and abandoning module WebMMedia (634)
[2023.03.20-12.22.10:307][277]LogModuleManager: Shutting down and abandoning module MediaPlayerEditor (632)
[2023.03.20-12.22.10:332][277]LogModuleManager: Shutting down and abandoning module MediaCompositingEditor (630)
[2023.03.20-12.22.10:356][277]LogModuleManager: Shutting down and abandoning module SequenceRecorder (629)
[2023.03.20-12.22.10:356][277]LogModuleManager: Shutting down and abandoning module OpenExrWrapper (626)
[2023.03.20-12.22.10:356][277]LogModuleManager: Shutting down and abandoning module ImgMediaFactory (624)
[2023.03.20-12.22.10:356][277]LogModuleManager: Shutting down and abandoning module ImgMediaEditor (622)
[2023.03.20-12.22.10:356][277]LogModuleManager: Shutting down and abandoning module AvfMediaFactory (620)
[2023.03.20-12.22.10:356][277]LogModuleManager: Shutting down and abandoning module AvfMediaEditor (618)
[2023.03.20-12.22.10:356][277]LogModuleManager: Shutting down and abandoning module AndroidMediaFactory (616)
[2023.03.20-12.22.10:357][277]LogModuleManager: Shutting down and abandoning module AndroidMediaEditor (614)
[2023.03.20-12.22.10:357][277]LogModuleManager: Shutting down and abandoning module MagicLeapMediaCodecFactory (612)
[2023.03.20-12.22.10:357][277]LogModuleManager: Shutting down and abandoning module MagicLeapMediaFactory (610)
[2023.03.20-12.22.10:357][277]LogModuleManager: Shutting down and abandoning module MagicLeapMediaEditor (608)
[2023.03.20-12.22.10:357][277]LogModuleManager: Shutting down and abandoning module CharacterAI (606)
[2023.03.20-12.22.10:357][277]LogModuleManager: Shutting down and abandoning module SmartSnapping (604)
[2023.03.20-12.22.10:357][277]LogModuleManager: Shutting down and abandoning module SessionServices (602)
[2023.03.20-12.22.10:357][277]LogModuleManager: Shutting down and abandoning module MeshPaint (600)
[2023.03.20-12.22.10:377][277]LogModuleManager: Shutting down and abandoning module ViewportSnapping (598)
[2023.03.20-12.22.10:377][277]LogModuleManager: Shutting down and abandoning module ViewportInteraction (596)
[2023.03.20-12.22.10:377][277]LogModuleManager: Shutting down and abandoning module ClothPainter (594)
[2023.03.20-12.22.10:401][277]LogModuleManager: Shutting down and abandoning module SkeletalMeshEditor (593)
[2023.03.20-12.22.10:427][277]LogModuleManager: Shutting down and abandoning module LogVisualizer (590)
[2023.03.20-12.22.10:450][277]LogModuleManager: Shutting down and abandoning module IntroTutorials (588)
[2023.03.20-12.22.10:473][277]LogModuleManager: Shutting down and abandoning module GameProjectGeneration (587)
[2023.03.20-12.22.10:496][277]LogModuleManager: Shutting down and abandoning module LuminPlatformEditor (584)
[2023.03.20-12.22.10:496][277]LogModuleManager: Shutting down and abandoning module IOSPlatformEditor (582)
[2023.03.20-12.22.10:509][277]LogModuleManager: Shutting down and abandoning module AndroidPlatformEditor (580)
[2023.03.20-12.22.10:518][277]LogModuleManager: Shutting down and abandoning module AndroidDeviceDetection (579)
[2023.03.20-12.22.10:690][277]LogModuleManager: Shutting down and abandoning module WindowsPlatformEditor (576)
[2023.03.20-12.22.10:690][277]LogModuleManager: Shutting down and abandoning module LuminRuntimeSettings (574)
[2023.03.20-12.22.10:690][277]LogModuleManager: Shutting down and abandoning module IOSRuntimeSettings (572)
[2023.03.20-12.22.10:690][277]LogModuleManager: Shutting down and abandoning module AndroidRuntimeSettings (570)
[2023.03.20-12.22.10:690][277]LogModuleManager: Shutting down and abandoning module EditorInteractiveToolsFramework (568)
[2023.03.20-12.22.10:690][277]LogModuleManager: Shutting down and abandoning module TimeManagementEditor (566)
[2023.03.20-12.22.10:690][277]LogModuleManager: Shutting down and abandoning module InputBindingEditor (564)
[2023.03.20-12.22.10:714][277]LogModuleManager: Shutting down and abandoning module MergeActors (562)
[2023.03.20-12.22.10:749][277]LogModuleManager: Shutting down and abandoning module LocalizationDashboard (560)
[2023.03.20-12.22.10:764][277]LogModuleManager: Shutting down and abandoning module LocalizationService (559)
[2023.03.20-12.22.10:794][277]LogModuleManager: Shutting down and abandoning module HardwareTargeting (556)
[2023.03.20-12.22.10:794][277]LogModuleManager: Shutting down and abandoning module DeviceProfileEditor (554)
[2023.03.20-12.22.10:794][277]LogModuleManager: Shutting down and abandoning module UndoHistory (552)
[2023.03.20-12.22.10:806][277]LogModuleManager: Shutting down and abandoning module XmlParser (550)
[2023.03.20-12.22.10:814][277]LogModuleManager: Shutting down and abandoning module Blutility (548)
[2023.03.20-12.22.10:814][277]LogModuleManager: Shutting down and abandoning module ProjectSettingsViewer (546)
[2023.03.20-12.22.10:815][277]LogModuleManager: Shutting down and abandoning module ProjectTargetPlatformEditor (545)
[2023.03.20-12.22.10:815][277]LogModuleManager: Shutting down and abandoning module EditorSettingsViewer (542)
[2023.03.20-12.22.10:815][277]LogModuleManager: Shutting down and abandoning module SettingsEditor (540)
[2023.03.20-12.22.10:843][277]LogModuleManager: Shutting down and abandoning module ProjectLauncher (538)
[2023.03.20-12.22.10:876][277]LogModuleManager: Shutting down and abandoning module SessionFrontend (536)
[2023.03.20-12.22.10:882][277]LogModuleManager: Shutting down and abandoning module ProfilerClient (534)
[2023.03.20-12.22.10:894][277]LogModuleManager: Shutting down and abandoning module DeviceManager (532)
[2023.03.20-12.22.10:904][277]LogModuleManager: Shutting down and abandoning module TargetDeviceServices (531)
[2023.03.20-12.22.10:938][277]LogModuleManager: Shutting down and abandoning module AutomationController (528)
[2023.03.20-12.22.10:952][277]LogModuleManager: Shutting down and abandoning module AutomationWindow (526)
[2023.03.20-12.22.10:968][277]LogModuleManager: Shutting down and abandoning module Layers (524)
[2023.03.20-12.22.10:989][277]LogModuleManager: Shutting down and abandoning module ComponentVisualizers (522)
[2023.03.20-12.22.10:989][277]LogModuleManager: Shutting down and abandoning module DetailCustomizations (520)
[2023.03.20-12.22.11:005][277]LogModuleManager: Shutting down and abandoning module PackagesDialog (518)
[2023.03.20-12.22.11:006][277]LogModuleManager: Shutting down and abandoning module AnimationBlueprintEditor (516)
[2023.03.20-12.22.11:055][277]LogModuleManager: Shutting down and abandoning module Persona (514)
[2023.03.20-12.22.11:097][277]LogModuleManager: Shutting down and abandoning module AdvancedPreviewScene (513)
[2023.03.20-12.22.11:097][277]LogModuleManager: Shutting down and abandoning module AnimGraph (511)
[2023.03.20-12.22.11:109][277]LogModuleManager: Shutting down and abandoning module Kismet (508)
[2023.03.20-12.22.11:120][277]LogModuleManager: Shutting down and abandoning module KismetWidgets (507)
[2023.03.20-12.22.11:120][277]LogModuleManager: Shutting down and abandoning module GraphEditor (504)
[2023.03.20-12.22.11:120][277]LogModuleManager: Shutting down and abandoning module StructViewer (502)
[2023.03.20-12.22.11:121][277]LogModuleManager: Shutting down and abandoning module ClassViewer (500)
[2023.03.20-12.22.11:121][277]LogModuleManager: Shutting down and abandoning module Toolbox (498)
[2023.03.20-12.22.11:121][277]LogModuleManager: Shutting down and abandoning module ModuleUI (496)
[2023.03.20-12.22.11:130][277]LogModuleManager: Shutting down and abandoning module OutputLog (494)
[2023.03.20-12.22.11:131][277]LogModuleManager: Shutting down and abandoning module GammaUI (492)
[2023.03.20-12.22.11:145][277]LogModuleManager: Shutting down and abandoning module Documentation (490)
[2023.03.20-12.22.11:145][277]LogModuleManager: Shutting down and abandoning module ToolMenus (488)
[2023.03.20-12.22.11:145][277]LogModuleManager: Shutting down and abandoning module LiveCoding (486)
[2023.03.20-12.22.11:178][277]LogModuleManager: Shutting down and abandoning module LevelSequence (484)
[2023.03.20-12.22.11:178][277]LogModuleManager: Shutting down and abandoning module MovieSceneTracks (482)
[2023.03.20-12.22.11:178][277]LogModuleManager: Shutting down and abandoning module MovieScene (480)
[2023.03.20-12.22.11:183][277]LogModuleManager: Shutting down and abandoning module StreamingPauseRendering (478)
[2023.03.20-12.22.11:200][277]LogModuleManager: Shutting down and abandoning module LauncherPlatform (476)
[2023.03.20-12.22.11:200][277]LogModuleManager: Shutting down and abandoning module AnalyticsET (474)
[2023.03.20-12.22.11:201][277]LogModuleManager: Shutting down and abandoning module PortalServices (472)
[2023.03.20-12.22.11:201][277]LogModuleManager: Shutting down and abandoning module PortalRpc (470)
[2023.03.20-12.22.11:201][277]LogModuleManager: Shutting down and abandoning module MessagingRpc (468)
[2023.03.20-12.22.11:201][277]LogModuleManager: Shutting down and abandoning module AudioMixerXAudio2 (466)
[2023.03.20-12.22.11:201][277]LogModuleManager: Shutting down and abandoning module AIModule (464)
[2023.03.20-12.22.11:211][277]LogModuleManager: Shutting down and abandoning module GameplayDebugger (463)
[2023.03.20-12.22.11:212][277]LogModuleManager: Shutting down and abandoning module AITestSuite (461)
[2023.03.20-12.22.11:212][277]LogModuleManager: Shutting down and abandoning module NavigationSystem (459)
[2023.03.20-12.22.11:212][277]LogModuleManager: Shutting down and abandoning module ImageWriteQueue (456)
[2023.03.20-12.22.11:216][277]LogModuleManager: Shutting down and abandoning module ProfilerService (454)
[2023.03.20-12.22.11:448][277]LogModuleManager: Shutting down and abandoning module TaskGraph (452)
[2023.03.20-12.22.11:463][277]LogModuleManager: Shutting down and abandoning module ScreenshotTools (450)
[2023.03.20-12.22.11:463][277]LogModuleManager: Shutting down and abandoning module ProceduralMeshComponentEditor (448)
[2023.03.20-12.22.11:463][277]LogModuleManager: Shutting down and abandoning module ProceduralMeshComponent (446)
[2023.03.20-12.22.11:474][277]LogModuleManager: Shutting down and abandoning module OculusEditor (444)
[2023.03.20-12.22.11:490][277]LogModuleManager: Shutting down and abandoning module OculusInput (442)
[2023.03.20-12.22.11:491][277]LogModuleManager: Shutting down and abandoning module MobilePatchingUtils (440)
[2023.03.20-12.22.11:491][277]LogModuleManager: Shutting down and abandoning module EditableMesh (438)
[2023.03.20-12.22.11:502][277]LogModuleManager: Shutting down and abandoning module CustomMeshComponent (436)
[2023.03.20-12.22.11:502][277]LogModuleManager: Shutting down and abandoning module CableComponent (434)
[2023.03.20-12.22.11:503][277]LogModuleManager: Shutting down and abandoning module AudioCapture (432)
[2023.03.20-12.22.11:503][277]LogModuleManager: Shutting down and abandoning module AudioCaptureRtAudio (431)
[2023.03.20-12.22.11:503][277]LogModuleManager: Shutting down and abandoning module AssetTags (428)
[2023.03.20-12.22.11:503][277]LogModuleManager: Shutting down and abandoning module ArchVisCharacter (426)
[2023.03.20-12.22.11:503][277]LogModuleManager: Shutting down and abandoning module AppleImageUtilsBlueprintSupport (424)
[2023.03.20-12.22.11:503][277]LogModuleManager: Shutting down and abandoning module AppleImageUtils (422)
[2023.03.20-12.22.11:503][277]LogModuleManager: Shutting down and abandoning module AndroidPermission (420)
[2023.03.20-12.22.11:503][277]LogModuleManager: Shutting down and abandoning module NUTUnrealEngine4 (418)
[2023.03.20-12.22.11:509][277]LogModuleManager: Shutting down and abandoning module NetcodeUnitTest (416)
[2023.03.20-12.22.11:533][277]LogModuleManager: Shutting down and abandoning module MediaCompositing (414)
[2023.03.20-12.22.11:533][277]LogModuleManager: Shutting down and abandoning module ImgMedia (412)
[2023.03.20-12.22.11:533][277]LogModuleManager: Shutting down and abandoning module MagicLeapHelperVulkan (410)
[2023.03.20-12.22.11:533][277]LogModuleManager: Shutting down and abandoning module MagicLeapHelperOpenGL (408)
[2023.03.20-12.22.11:533][277]LogModuleManager: Shutting down and abandoning module MagicLeapAudio (406)
[2023.03.20-12.22.11:533][277]LogModuleManager: Shutting down and abandoning module GeometryCacheTracks (404)
[2023.03.20-12.22.11:533][277]LogModuleManager: Shutting down and abandoning module GeometryCacheSequencer (402)
[2023.03.20-12.22.11:533][277]LogModuleManager: Shutting down and abandoning module BackChannel (400)
[2023.03.20-12.22.11:542][277]LogModuleManager: Shutting down and abandoning module AutomationUtilsEditor (398)
[2023.03.20-12.22.11:543][277]LogModuleManager: Shutting down and abandoning module AutomationUtils (396)
[2023.03.20-12.22.11:543][277]LogModuleManager: Shutting down and abandoning module AlembicImporter (394)
[2023.03.20-12.22.11:557][277]LogModuleManager: Shutting down and abandoning module AlembicLibrary (393)
[2023.03.20-12.22.11:573][277]LogModuleManager: Shutting down and abandoning module GeometryCache (392)
[2023.03.20-12.22.11:573][277]LogModuleManager: Shutting down and abandoning module GeometryCacheEd (391)
[2023.03.20-12.22.11:574][277]LogModuleManager: Shutting down and abandoning module VariantManagerContentEditor (386)
[2023.03.20-12.22.11:600][277]LogModuleManager: Shutting down and abandoning module DatasmithContentEditor (384)
[2023.03.20-12.22.11:608][277]LogModuleManager: Shutting down and abandoning module SpeedTreeImporter (382)
[2023.03.20-12.22.11:608][277]LogModuleManager: Shutting down and abandoning module PluginBrowser (380)
[2023.03.20-12.22.11:637][277]LogModuleManager: Shutting down and abandoning module MobileLauncherProfileWizard (378)
[2023.03.20-12.22.11:656][277]LogModuleManager: Shutting down and abandoning module MaterialAnalyzer (376)
[2023.03.20-12.22.11:666][277]LogModuleManager: Shutting down and abandoning module CurveEditorTools (374)
[2023.03.20-12.22.11:686][277]LogModuleManager: Shutting down and abandoning module CryptoKeysOpenSSL (372)
[2023.03.20-12.22.11:686][277]LogModuleManager: Shutting down and abandoning module CryptoKeys (370)
[2023.03.20-12.22.11:686][277]LogModuleManager: Shutting down and abandoning module VisualStudioSourceCodeAccess (368)
[2023.03.20-12.22.11:697][277]LogModuleManager: Shutting down and abandoning module VisualStudioCodeSourceCodeAccess (366)
[2023.03.20-12.22.11:698][277]LogModuleManager: Shutting down and abandoning module UObjectPlugin (364)
[2023.03.20-12.22.11:698][277]LogModuleManager: Shutting down and abandoning module SubversionSourceControl (362)
[2023.03.20-12.22.11:722][277]LogModuleManager: Shutting down and abandoning module PlasticSourceControl (360)
[2023.03.20-12.22.11:739][277]LogModuleManager: Shutting down and abandoning module PerforceSourceControl (358)
[2023.03.20-12.22.11:762][277]LogModuleManager: Shutting down and abandoning module GitSourceControl (356)
[2023.03.20-12.22.11:793][277]LogModuleManager: Shutting down and abandoning module SourceControl (355)
[2023.03.20-12.22.11:793][277]LogModuleManager: Shutting down and abandoning module CLionSourceCodeAccess (352)
[2023.03.20-12.22.11:800][277]LogModuleManager: Shutting down and abandoning module AnimationSharingEd (350)
[2023.03.20-12.22.11:801][277]LogModuleManager: Shutting down and abandoning module ActorLayerUtilitiesEditor (348)
[2023.03.20-12.22.11:801][277]LogModuleManager: Shutting down and abandoning module ActorLayerUtilities (346)
[2023.03.20-12.22.11:801][277]LogModuleManager: Shutting down and abandoning module LightPropagationVolumeEditor (344)
[2023.03.20-12.22.11:801][277]LogModuleManager: Shutting down and abandoning module PaperTiledImporter (342)
[2023.03.20-12.22.11:801][277]LogModuleManager: Shutting down and abandoning module PaperSpriteSheetImporter (340)
[2023.03.20-12.22.11:801][277]LogModuleManager: Shutting down and abandoning module Paper2DEditor (338)
[2023.03.20-12.22.11:835][277]LogModuleManager: Shutting down and abandoning module SignificanceManager (336)
[2023.03.20-12.22.11:835][277]LogModuleManager: Shutting down and abandoning module RuntimePhysXCooking (334)
[2023.03.20-12.22.11:835][277]LogModuleManager: Shutting down and abandoning module PhysXVehiclesEditor (332)
[2023.03.20-12.22.11:835][277]LogModuleManager: Shutting down and abandoning module LocationServicesBPLibrary (328)
[2023.03.20-12.22.11:835][277]LogModuleManager: Shutting down and abandoning module ActorSequence (326)
[2023.03.20-12.22.11:835][277]LogModuleManager: Shutting down and abandoning module UdpMessaging (324)
[2023.03.20-12.22.11:936][277]LogModuleManager: Shutting down and abandoning module TcpMessaging (322)
[2023.03.20-12.22.12:069][277]LogModuleManager: Shutting down and abandoning module MagicLeapPrivileges (320)
[2023.03.20-12.22.12:083][277]LogModuleManager: Shutting down and abandoning module MagicLeapPlanes (318)
[2023.03.20-12.22.12:113][277]LogMagicLeapPlanes: Planes tracker already destroyed.
[2023.03.20-12.22.12:113][277]LogModuleManager: Shutting down and abandoning module MagicLeapIdentity (316)
[2023.03.20-12.22.12:113][277]LogModuleManager: Shutting down and abandoning module MagicLeapSecureStorage (314)
[2023.03.20-12.22.12:113][277]LogModuleManager: Shutting down and abandoning module MagicLeapImageTracker (312)
[2023.03.20-12.22.12:113][277]LogModuleManager: Shutting down and abandoning module MagicLeapHandTracking (310)
[2023.03.20-12.22.12:113][277]LogModuleManager: Shutting down and abandoning module MagicLeapHandMeshing (308)
[2023.03.20-12.22.12:127][277]LogModuleManager: Shutting down and abandoning module MagicLeapEyeTracker (306)
[2023.03.20-12.22.12:128][277]LogModuleManager: Shutting down and abandoning module MagicLeapController (304)
[2023.03.20-12.22.12:148][277]LogSlate: Slate User Destroyed.  User Index 0, Is Virtual User: 0
[2023.03.20-12.22.12:154][277]LogModuleManager: Shutting down and abandoning module MagicLeapARPin (302)
[2023.03.20-12.22.12:154][277]LogModuleManager: Shutting down and abandoning module MagicLeapAR (300)
[2023.03.20-12.22.12:154][277]LogModuleManager: Shutting down and abandoning module AugmentedReality (299)
[2023.03.20-12.22.12:154][277]LogModuleManager: Shutting down and abandoning module GameplayTagsEditor (296)
[2023.03.20-12.22.12:168][277]LogModuleManager: Shutting down and abandoning module FacialAnimationEditor (294)
[2023.03.20-12.22.12:168][277]LogModuleManager: Shutting down and abandoning module FacialAnimation (292)
[2023.03.20-12.22.12:168][277]LogModuleManager: Shutting down and abandoning module DataValidation (290)
[2023.03.20-12.22.12:168][277]LogModuleManager: Shutting down and abandoning module AssetManagerEditor (288)
[2023.03.20-12.22.12:198][277]LogModuleManager: Shutting down and abandoning module LevelEditor (287)
[2023.03.20-12.22.12:222][277]LogModuleManager: Shutting down and abandoning module PixelInspectorModule (286)
[2023.03.20-12.22.12:248][277]LogModuleManager: Shutting down and abandoning module CommonMenuExtensions (284)
[2023.03.20-12.22.12:249][277]LogModuleManager: Shutting down and abandoning module MainFrame (282)
[2023.03.20-12.22.12:249][277]LogModuleManager: Shutting down and abandoning module HotReload (281)
[2023.03.20-12.22.12:259][277]LogModuleManager: Shutting down and abandoning module ContentBrowser (277)
[2023.03.20-12.22.12:271][277]LogModuleManager: Shutting down and abandoning module TreeMap (275)
[2023.03.20-12.22.12:283][277]LogModuleManager: Shutting down and abandoning module AnimationSharing (272)
[2023.03.20-12.22.12:283][277]LogModuleManager: Shutting down and abandoning module LightPropagationVolumeRuntime (270)
[2023.03.20-12.22.12:283][277]LogModuleManager: Shutting down and abandoning module Paper2D (268)
[2023.03.20-12.22.12:296][277]LogModuleManager: Shutting down and abandoning module WindowsMoviePlayer (266)
[2023.03.20-12.22.12:310][277]LogModuleManager: Shutting down and abandoning module WebMMoviePlayer (264)
[2023.03.20-12.22.12:318][277]LogModuleManager: Shutting down and abandoning module NetworkReplayStreaming (262)
[2023.03.20-12.22.12:318][277]LogModuleManager: Shutting down and abandoning module PacketHandler (260)
[2023.03.20-12.22.12:318][277]LogModuleManager: Shutting down and abandoning module ClothingSystemEditor (258)
[2023.03.20-12.22.12:318][277]LogModuleManager: Shutting down and abandoning module ClothingSystemRuntimeNv (256)
[2023.03.20-12.22.12:346][277]LogModuleManager: Shutting down and abandoning module MediaAssets (254)
[2023.03.20-12.22.12:364][277]LogModuleManager: Shutting down and abandoning module Overlay (252)
[2023.03.20-12.22.12:364][277]LogModuleManager: Shutting down and abandoning module OverlayEditor (251)
[2023.03.20-12.22.12:365][277]LogModuleManager: Shutting down and abandoning module VREditor (248)
[2023.03.20-12.22.12:386][277]LogModuleManager: Shutting down and abandoning module StringTableEditor (246)
[2023.03.20-12.22.12:409][277]LogModuleManager: Shutting down and abandoning module GameplayTasksEditor (244)
[2023.03.20-12.22.12:409][277]LogModuleManager: Shutting down and abandoning module BehaviorTreeEditor (242)
[2023.03.20-12.22.12:435][277]LogModuleManager: Shutting down and abandoning module FunctionalTesting (240)
[2023.03.20-12.22.12:446][277]LogModuleManager: Shutting down and abandoning module CollisionAnalyzer (238)
[2023.03.20-12.22.12:464][277]LogModuleManager: Shutting down and abandoning module WorkspaceMenuStructure (237)
[2023.03.20-12.22.12:476][277]LogModuleManager: Shutting down and abandoning module UMG (234)
[2023.03.20-12.22.12:486][277]LogModuleManager: Shutting down and abandoning module UMGEditor (233)
[2023.03.20-12.22.12:505][277]LogModuleManager: Shutting down and abandoning module MessageLog (231)
[2023.03.20-12.22.12:505][277]LogModuleManager: Shutting down and abandoning module SlateReflector (226)
[2023.03.20-12.22.12:546][277]LogModuleManager: Shutting down and abandoning module Slate (224)
[2023.03.20-12.22.12:546][277]LogModuleManager: Shutting down and abandoning module SlateCore (222)
[2023.03.20-12.22.12:546][277]LogModuleManager: Shutting down and abandoning module LandscapeEditorUtilities (220)
[2023.03.20-12.22.12:546][277]LogModuleManager: Shutting down and abandoning module UnrealEd (218)
[2023.03.20-12.22.12:553][277]LogModuleManager: Shutting down and abandoning module MRMesh (216)
[2023.03.20-12.22.12:554][277]LogModuleManager: Shutting down and abandoning module SourceCodeAccess (214)
[2023.03.20-12.22.12:554][277]LogModuleManager: Shutting down and abandoning module HeadMountedDisplay (212)
[2023.03.20-12.22.12:554][277]LogModuleManager: Shutting down and abandoning module XAudio2 (210)
[2023.03.20-12.22.12:568][277]LogModuleManager: Shutting down and abandoning module Networking (208)
[2023.03.20-12.22.12:569][277]LogModuleManager: Shutting down and abandoning module Core (206)
[2023.03.20-12.22.12:569][277]LogModuleManager: Shutting down and abandoning module MovieSceneTools (204)
[2023.03.20-12.22.12:586][277]LogModuleManager: Shutting down and abandoning module CurveEditor (203)
[2023.03.20-12.22.12:610][277]LogModuleManager: Shutting down and abandoning module Sequencer (201)
[2023.03.20-12.22.12:662][277]LogModuleManager: Shutting down and abandoning module EditorStyle (200)
[2023.03.20-12.22.12:663][277]LogModuleManager: Shutting down and abandoning module KismetCompiler (196)
[2023.03.20-12.22.12:663][277]LogModuleManager: Shutting down and abandoning module MeshUtilities (194)
[2023.03.20-12.22.12:664][277]LogModuleManager: Shutting down and abandoning module MeshMergeUtilities (193)
[2023.03.20-12.22.12:677][277]LogModuleManager: Shutting down and abandoning module MeshReductionInterface (192)
[2023.03.20-12.22.12:677][277]LogModuleManager: Shutting down and abandoning module MeshBoneReduction (191)
[2023.03.20-12.22.12:688][277]LogModuleManager: Shutting down and abandoning module SkeletalMeshReduction (189)
[2023.03.20-12.22.12:717][277]LogModuleManager: Shutting down and abandoning module ProxyLODMeshReduction (187)
[2023.03.20-12.22.12:750][277]LogModuleManager: Shutting down and abandoning module QuadricMeshReduction (185)
[2023.03.20-12.22.12:758][277]LogModuleManager: Shutting down and abandoning module MaterialBaking (181)
[2023.03.20-12.22.12:793][277]LogModuleManager: Shutting down and abandoning module NullInstallBundleManager (176)
[2023.03.20-12.22.12:793][277]LogModuleManager: Shutting down and abandoning module DerivedDataCache (174)
[2023.03.20-12.22.12:793][277]LogDerivedDataCache: Shutdown
[2023.03.20-12.22.12:802][277]LogModuleManager: Shutting down and abandoning module XGEController (172)
[2023.03.20-12.22.12:802][277]LogModuleManager: Shutting down and abandoning module TargetPlatform (170)
[2023.03.20-12.22.12:802][277]LogModuleManager: Shutting down and abandoning module VulkanShaderFormat (169)
[2023.03.20-12.22.12:813][277]LogModuleManager: Shutting down and abandoning module ShaderFormatVectorVM (167)
[2023.03.20-12.22.12:822][277]LogModuleManager: Shutting down and abandoning module ShaderFormatOpenGL (165)
[2023.03.20-12.22.12:838][277]LogModuleManager: Shutting down and abandoning module ShaderFormatD3D (163)
[2023.03.20-12.22.12:838][277]LogModuleManager: Shutting down and abandoning module MetalShaderFormat (161)
[2023.03.20-12.22.12:862][277]LogModuleManager: Shutting down and abandoning module TextureFormatUncompressed (159)
[2023.03.20-12.22.12:862][277]LogModuleManager: Shutting down and abandoning module TextureFormatPVR (157)
[2023.03.20-12.22.12:862][277]LogModuleManager: Shutting down and abandoning module TextureFormatDXT (155)
[2023.03.20-12.22.12:875][277]LogModuleManager: Shutting down and abandoning module TextureFormatIntelISPCTexComp (153)
[2023.03.20-12.22.12:878][277]LogModuleManager: Shutting down and abandoning module TextureFormatASTC (151)
[2023.03.20-12.22.12:878][277]LogModuleManager: Shutting down and abandoning module ImageWrapper (150)
[2023.03.20-12.22.12:878][277]LogModuleManager: Shutting down and abandoning module TextureFormatAndroid (147)
[2023.03.20-12.22.12:878][277]LogModuleManager: Shutting down and abandoning module AudioFormatOpus (145)
[2023.03.20-12.22.12:886][277]LogModuleManager: Shutting down and abandoning module AudioFormatOgg (143)
[2023.03.20-12.22.12:886][277]LogModuleManager: Shutting down and abandoning module AudioFormatADPCM (141)
[2023.03.20-12.22.12:898][277]LogModuleManager: Shutting down and abandoning module WindowsServerTargetPlatform (139)
[2023.03.20-12.22.12:898][277]LogModuleManager: Shutting down and abandoning module WindowsClientTargetPlatform (137)
[2023.03.20-12.22.12:898][277]LogModuleManager: Shutting down and abandoning module WindowsTargetPlatform (135)
[2023.03.20-12.22.12:898][277]LogModuleManager: Shutting down and abandoning module WindowsNoEditorTargetPlatform (133)
[2023.03.20-12.22.12:898][277]LogModuleManager: Shutting down and abandoning module TVOSTargetPlatform (131)
[2023.03.20-12.22.12:911][277]LogModuleManager: Shutting down and abandoning module LuminTargetPlatform (129)
[2023.03.20-12.22.12:921][277]LogModuleManager: Shutting down and abandoning module LinuxAArch64ServerTargetPlatform (127)
[2023.03.20-12.22.12:921][277]LogModuleManager: Shutting down and abandoning module LinuxAArch64ClientTargetPlatform (125)
[2023.03.20-12.22.12:929][277]LogModuleManager: Shutting down and abandoning module LinuxAArch64NoEditorTargetPlatform (123)
[2023.03.20-12.22.12:938][277]LogModuleManager: Shutting down and abandoning module LinuxServerTargetPlatform (121)
[2023.03.20-12.22.12:938][277]LogModuleManager: Shutting down and abandoning module LinuxClientTargetPlatform (119)
[2023.03.20-12.22.12:942][277]LogModuleManager: Shutting down and abandoning module LinuxNoEditorTargetPlatform (117)
[2023.03.20-12.22.12:953][277]LogModuleManager: Shutting down and abandoning module Messaging (115)
[2023.03.20-12.22.12:953][277]LogModuleManager: Shutting down and abandoning module IOSTargetPlatform (113)
[2023.03.20-12.22.12:956][277]LogModuleManager: Shutting down and abandoning module AndroidTargetPlatform (111)
[2023.03.20-12.22.12:969][277]LogModuleManager: Shutting down and abandoning module AllDesktopTargetPlatform (109)
[2023.03.20-12.22.12:970][277]LogModuleManager: Shutting down and abandoning module InputCore (106)
[2023.03.20-12.22.12:970][277]LogModuleManager: Shutting down and abandoning module Settings (104)
[2023.03.20-12.22.12:970][277]LogModuleManager: Shutting down and abandoning module DirectoryWatcher (102)
[2023.03.20-12.22.12:970][277]LogModuleManager: Shutting down and abandoning module PhysXCooking (100)
[2023.03.20-12.22.12:970][277]LogModuleManager: Shutting down and abandoning module ChaosSolvers (98)
[2023.03.20-12.22.12:998][277]LogModuleManager: Shutting down and abandoning module FieldSystemEngine (97)
[2023.03.20-12.22.12:998][277]LogModuleManager: Shutting down and abandoning module Chaos (94)
[2023.03.20-12.22.12:998][277]LogModuleManager: Shutting down and abandoning module WindowsPlatformFeatures (92)
[2023.03.20-12.22.13:012][277]LogModuleManager: Shutting down and abandoning module GameplayMediaEncoder (91)
[2023.03.20-12.22.13:027][277]LogModuleManager: Shutting down and abandoning module SteamVRInputDevice (88)
[2023.03.20-12.22.13:033][277]LogModuleManager: Shutting down and abandoning module SteamVRInput (86)
[2023.03.20-12.22.13:033][277]LogModuleManager: Shutting down and abandoning module SteamVR (84)
[2023.03.20-12.22.13:042][277]LogHMD: Freeing OpenVRDLLHandle.
[2023.03.20-12.22.13:042][277]LogModuleManager: Shutting down and abandoning module OculusHMD (82)
[2023.03.20-12.22.13:044][277]LogModuleManager: Shutting down and abandoning module ExampleDeviceProfileSelector (80)
[2023.03.20-12.22.13:044][277]LogModuleManager: Shutting down and abandoning module LauncherChunkInstaller (78)
[2023.03.20-12.22.13:044][277]LogModuleManager: Shutting down and abandoning module OnlineBlueprintSupport (76)
[2023.03.20-12.22.13:044][277]LogModuleManager: Shutting down and abandoning module OnlineSubsystem (72)
[2023.03.20-12.22.13:054][277]LogModuleManager: Shutting down and abandoning module XMPP (67)
[2023.03.20-12.22.13:070][277]LogModuleManager: Shutting down and abandoning module WebSockets (66)
[2023.03.20-12.22.13:135][277]LogModuleManager: Shutting down and abandoning module HTTP (63)
[2023.03.20-12.22.13:135][277]LogHttp: Display: Http module shutting down, but needs to wait on 1 outstanding Http requests:
[2023.03.20-12.22.13:135][277]LogHttp: Display: 	verb=[POST] url=[https://datarouter.ol.epicgames.com/datarouter/api/v1/public/data?SessionID=%7B30AD23E3-4B42-5763-D7F7-46B298F470D8%7D&AppID=UEEditor.Rocket.Release&AppVersion=4.24.3-11590370%2B%2B%2BUE4%2BRelease-4.24&UserID=c6eba1e74c397e1e8db9e089161b1b70%7Cdcd523c6b22643369a62a3cf1efe45f5%7C1c5dab7f-976c-4932-b108-5ec8c37c1253&AppEnvironment=datacollector-binary&UploadType=eteventstream] refs=[1] status=Processing
[2023.03.20-12.22.13:166][277]LogModuleManager: Shutting down and abandoning module SSL (62)
[2023.03.20-12.22.13:167][277]LogModuleManager: Shutting down and abandoning module WmfMedia (58)
[2023.03.20-12.22.13:199][277]LogModuleManager: Shutting down and abandoning module Media (57)
[2023.03.20-12.22.13:202][277]LogModuleManager: Shutting down and abandoning module MagicLeap (54)
[2023.03.20-12.22.13:202][277]LogModuleManager: Shutting down and abandoning module VariantManagerContent (52)
[2023.03.20-12.22.13:202][277]LogModuleManager: Shutting down and abandoning module DatasmithContent (50)
[2023.03.20-12.22.13:202][277]LogModuleManager: Shutting down and abandoning module AISupportModule (48)
[2023.03.20-12.22.13:202][277]LogModuleManager: Shutting down and abandoning module DesktopPlatform (46)
[2023.03.20-12.22.13:202][277]LogModuleManager: Shutting down and abandoning module PlatformCryptoOpenSSL (44)
[2023.03.20-12.22.13:213][277]LogModuleManager: Shutting down and abandoning module PlatformCryptoTypes (42)
[2023.03.20-12.22.13:213][277]LogModuleManager: Shutting down and abandoning module PlatformCrypto (40)
[2023.03.20-12.22.13:213][277]LogModuleManager: Shutting down and abandoning module AnimationModifiers (38)
[2023.03.20-12.22.13:226][277]LogModuleManager: Shutting down and abandoning module PropertyEditor (37)
[2023.03.20-12.22.13:241][277]LogModuleManager: Shutting down and abandoning module AudioEditor (34)
[2023.03.20-12.22.13:276][277]LogModuleManager: Shutting down and abandoning module TextureCompressor (32)
[2023.03.20-12.22.13:286][277]LogModuleManager: Shutting down and abandoning module RenderCore (30)
[2023.03.20-12.22.13:286][277]LogModuleManager: Shutting down and abandoning module Landscape (28)
[2023.03.20-12.22.13:286][277]LogModuleManager: Shutting down and abandoning module SlateRHIRenderer (26)
[2023.03.20-12.22.13:324][277]LogModuleManager: Shutting down and abandoning module OpenGLDrv (24)
[2023.03.20-12.22.13:343][277]LogModuleManager: Shutting down and abandoning module D3D11RHI (22)
[2023.03.20-12.22.13:344][277]LogModuleManager: Shutting down and abandoning module AnimGraphRuntime (20)
[2023.03.20-12.22.13:357][277]LogModuleManager: Shutting down and abandoning module Renderer (18)
[2023.03.20-12.22.13:372][277]LogModuleManager: Shutting down and abandoning module Engine (16)
[2023.03.20-12.22.13:372][277]LogModuleManager: Shutting down and abandoning module CoreUObject (14)
[2023.03.20-12.22.13:372][277]LogModuleManager: Shutting down and abandoning module NetworkFile (12)
[2023.03.20-12.22.13:385][277]LogModuleManager: Shutting down and abandoning module CookedIterativeFile (10)
[2023.03.20-12.22.13:385][277]LogModuleManager: Shutting down and abandoning module StreamingFile (8)
[2023.03.20-12.22.13:399][277]LogModuleManager: Shutting down and abandoning module SandboxFile (6)
[2023.03.20-12.22.13:406][277]LogModuleManager: Shutting down and abandoning module PakFile (4)
[2023.03.20-12.22.13:406][277]LogModuleManager: Shutting down and abandoning module RSA (3)
[2023.03.20-12.22.13:425][277]LogD3D11RHI: Shutdown
[2023.03.20-12.22.13:425][277]LogD3D11RHI: CleanupD3DDevice
[2023.03.20-12.22.13:516][277]LogExit: Exiting.
[2023.03.20-12.22.13:529][277]Log file closed, 03/20/23 12:22:13
