Log file open, 04/21/23 00:40:20
LogWindows: Failed to load 'aqProf.dll' (GetLastError=126)
LogWindows: File 'aqProf.dll' does not exist
LogWindows: Failed to load 'VtuneApi.dll' (GetLastError=126)
LogWindows: File 'VtuneApi.dll' does not exist
LogWindows: Failed to load 'VtuneApi32e.dll' (GetLastError=126)
LogWindows: File 'VtuneApi32e.dll' does not exist
LogConsoleResponse: Display: Failed to find resolution value strings in scalability ini. Falling back to default.
LogInit: Display: Running engine for game: Term2PFGE
LogPlatformFile: Not using cached read wrapper
LogTaskGraph: Started task graph with 5 named threads and 14 total threads with 3 sets of task threads.
LogStats: Stats thread started at 7.344130
LogD3D11RHI: Loaded GFSDK_Aftermath_Lib.x64.dll
LogICUInternationalization: ICU TimeZone Detection - Raw Offset: +0:00, Platform Override: ''
LogPluginManager: Mounting plugin Paper2D
LogPluginManager: Mounting plugin AISupport
LogPluginManager: Mounting plugin LightPropagationVolume
LogPluginManager: Mounting plugin ActorLayerUtilities
LogPluginManager: Mounting plugin AnimationSharing
LogPluginManager: Mounting plugin CLionSourceCodeAccess
LogPluginManager: Mounting plugin CodeLiteSourceCodeAccess
LogPluginManager: Mounting plugin GitSourceControl
LogPluginManager: Mounting plugin KDevelopSourceCodeAccess
LogPluginManager: Mounting plugin NullSourceCodeAccess
LogPluginManager: Mounting plugin PerforceSourceControl
LogPluginManager: Mounting plugin PlasticSourceControl
LogPluginManager: Mounting plugin SubversionSourceControl
LogPluginManager: Mounting plugin UObjectPlugin
LogPluginManager: Mounting plugin VisualStudioCodeSourceCodeAccess
LogPluginManager: Mounting plugin VisualStudioSourceCodeAccess
LogPluginManager: Mounting plugin XCodeSourceCodeAccess
LogPluginManager: Mounting plugin AssetManagerEditor
LogPluginManager: Mounting plugin CryptoKeys
LogPluginManager: Mounting plugin CurveEditorTools
LogPluginManager: Mounting plugin DataValidation
LogPluginManager: Mounting plugin FacialAnimation
LogPluginManager: Mounting plugin GameplayTagsEditor
LogPluginManager: Mounting plugin MacGraphicsSwitching
LogPluginManager: Mounting plugin MaterialAnalyzer
LogPluginManager: Mounting plugin MobileLauncherProfileWizard
LogPluginManager: Mounting plugin PluginBrowser
LogPluginManager: Mounting plugin SpeedTreeImporter
LogPluginManager: Mounting plugin DatasmithContent
LogPluginManager: Mounting plugin VariantManagerContent
LogPluginManager: Mounting plugin AlembicImporter
LogPluginManager: Mounting plugin AutomationUtils
LogPluginManager: Mounting plugin BackChannel
LogPluginManager: Mounting plugin CharacterAI
LogPluginManager: Mounting plugin GeometryCache
LogPluginManager: Mounting plugin PlatformCrypto
LogPluginManager: Mounting plugin ProxyLODPlugin
LogPluginManager: Mounting plugin SkeletalReduction
LogPluginManager: Mounting plugin MagicLeap
LogPluginManager: Mounting plugin MagicLeapMedia
LogPluginManager: Mounting plugin MLSDK
LogPluginManager: Mounting plugin AndroidMedia
LogPluginManager: Mounting plugin AvfMedia
LogPluginManager: Mounting plugin ImgMedia
LogPluginManager: Mounting plugin MediaCompositing
LogPluginManager: Mounting plugin MediaPlayerEditor
LogPluginManager: Mounting plugin WebMMedia
LogPluginManager: Mounting plugin WmfMedia
LogPluginManager: Mounting plugin TcpMessaging
LogPluginManager: Mounting plugin UdpMessaging
LogPluginManager: Mounting plugin ActorSequence
LogPluginManager: Mounting plugin LevelSequenceEditor
LogPluginManager: Mounting plugin MatineeToLevelSequence
LogPluginManager: Mounting plugin NetcodeUnitTest
LogPluginManager: Mounting plugin NUTUnrealEngine4
LogPluginManager: Mounting plugin OnlineSubsystemGooglePlay
LogPluginManager: Mounting plugin OnlineSubsystemIOS
LogPluginManager: Mounting plugin OnlineSubsystem
LogPluginManager: Mounting plugin OnlineSubsystemNull
LogPluginManager: Mounting plugin OnlineSubsystemUtils
LogPluginManager: Mounting plugin LauncherChunkInstaller
LogPluginManager: Mounting plugin AndroidDeviceProfileSelector
LogPluginManager: Mounting plugin AndroidMoviePlayer
LogPluginManager: Mounting plugin AndroidPermission
LogPluginManager: Mounting plugin AppleImageUtils
LogPluginManager: Mounting plugin AppleMoviePlayer
LogPluginManager: Mounting plugin ArchVisCharacter
LogPluginManager: Mounting plugin AssetTags
LogPluginManager: Mounting plugin AudioCapture
LogPluginManager: Mounting plugin CableComponent
LogPluginManager: Mounting plugin CustomMeshComponent
LogPluginManager: Mounting plugin EditableMesh
LogPluginManager: Mounting plugin ExampleDeviceProfileSelector
LogPluginManager: Mounting plugin GoogleCloudMessaging
LogPluginManager: Mounting plugin IOSDeviceProfileSelector
LogPluginManager: Mounting plugin LinuxDeviceProfileSelector
LogPluginManager: Mounting plugin LocationServicesBPLibrary
LogPluginManager: Mounting plugin MobilePatchingUtils
LogPluginManager: Mounting plugin OculusVR
LogPluginManager: Mounting plugin PhysXVehicles
LogPluginManager: Mounting plugin PostSplashScreen
LogPluginManager: Mounting plugin ProceduralMeshComponent
LogPluginManager: Mounting plugin RuntimePhysXCooking
LogPluginManager: Mounting plugin SignificanceManager
LogPluginManager: Mounting plugin SteamVR
LogPluginManager: Mounting plugin WebMMoviePlayer
LogPluginManager: Mounting plugin WindowsMoviePlayer
LogPluginManager: Mounting plugin ScreenshotTools
LogInit: Using libcurl 7.55.1-DEV
LogInit:  - built for x86_64-pc-win32
LogInit:  - supports SSL with OpenSSL/1.1.1
LogInit:  - supports HTTP deflate (compression) using libz 1.2.8
LogInit:  - other features:
LogInit:      CURL_VERSION_SSL
LogInit:      CURL_VERSION_LIBZ
LogInit:      CURL_VERSION_IPV6
LogInit:      CURL_VERSION_ASYNCHDNS
LogInit:      CURL_VERSION_LARGEFILE
LogInit:      CURL_VERSION_IDN
LogInit:  CurlRequestOptions (configurable via config and command line):
LogInit:  - bVerifyPeer = true  - Libcurl will verify peer certificate
LogInit:  - bUseHttpProxy = false  - Libcurl will NOT use HTTP proxy
LogInit:  - bDontReuseConnections = false  - Libcurl will reuse connections
LogInit:  - MaxHostConnections = 16  - Libcurl will limit the number of connections to a host
LogInit:  - LocalHostAddr = Default
LogInit:  - BufferSize = 65536
LogOnline: OSS: Creating online subsystem instance for: NULL
LogInit: WinSock: version 1.1 (2.2), MaxSocks=32767, MaxUdp=65467
LogOnline: OSS: TryLoadSubsystemAndSetDefault: Loaded subsystem for module [NULL]
LogInit: Build: ++UE4+Release-4.24-CL-11590370
LogInit: Engine Version: 4.24.3-11590370+++UE4+Release-4.24
LogInit: Compatible Engine Version: 4.24.0-10570792+++UE4+Release-4.24
LogInit: Net CL: 10570792
LogInit: OS: Windows 10 (Release 2009) (), CPU: Intel(R) Core(TM) i5-7300HQ CPU @ 2.50GHz, GPU: Intel(R) HD Graphics 630
LogInit: Compiled (64-bit): Feb 24 2020 15:39:18
LogInit: Compiled with Visual C++: 19.16.27032.01
LogInit: Build Configuration: Development
LogInit: Branch Name: ++UE4+Release-4.24
LogInit: Command Line: 
LogInit: Base Directory: D:/UE_4.24/Engine/Binaries/Win64/
LogInit: Installed Engine Build: 1
LogDevObjectVersion: Number of dev versions registered: 25
LogDevObjectVersion:   Dev-Blueprints (B0D832E4-1F89-4F0D-ACCF-7EB736FD4AA2): 10
LogDevObjectVersion:   Dev-Build (E1C64328-A22C-4D53-A36C-8E866417BD8C): 0
LogDevObjectVersion:   Dev-Core (375EC13C-06E4-48FB-B500-84F0262A717E): 3
LogDevObjectVersion:   Dev-Editor (E4B068ED-F494-42E9-A231-DA0B2E46BB41): 37
LogDevObjectVersion:   Dev-Framework (CFFC743F-43B0-4480-9391-14DF171D2073): 36
LogDevObjectVersion:   Dev-Mobile (B02B49B5-BB20-44E9-A304-32B752E40360): 2
LogDevObjectVersion:   Dev-Networking (A4E4105C-59A1-49B5-A7C5-40C4547EDFEE): 0
LogDevObjectVersion:   Dev-Online (39C831C9-5AE6-47DC-9A44-9C173E1C8E7C): 0
LogDevObjectVersion:   Dev-Physics (78F01B33-EBEA-4F98-B9B4-84EACCB95AA2): 2
LogDevObjectVersion:   Dev-Platform (6631380F-2D4D-43E0-8009-CF276956A95A): 0
LogDevObjectVersion:   Dev-Rendering (12F88B9F-8875-4AFC-A67C-D90C383ABD29): 36
LogDevObjectVersion:   Dev-Sequencer (7B5AE74C-D270-4C10-A958-57980B212A5A): 11
LogDevObjectVersion:   Dev-VR (D7296918-1DD6-4BDD-9DE2-64A83CC13884): 2
LogDevObjectVersion:   Dev-LoadTimes (C2A15278-BFE7-4AFE-6C17-90FF531DF755): 1
LogDevObjectVersion:   Private-Geometry (6EACA3D4-40EC-4CC1-B786-8BED09428FC5): 3
LogDevObjectVersion:   Dev-AnimPhys (29E575DD-E0A3-4627-9D10-D276232CDCEA): 17
LogDevObjectVersion:   Dev-Anim (AF43A65D-7FD3-4947-9873-3E8ED9C1BB05): 2
LogDevObjectVersion:   Dev-ReflectionCapture (6B266CEC-1EC7-4B8F-A30B-E4D90942FC07): 1
LogDevObjectVersion:   Dev-Automation (0DF73D61-A23F-47EA-B727-89E90C41499A): 1
LogDevObjectVersion:   FortniteMain (601D1886-AC64-4F84-AA16-D3DE0DEAC7D6): 31
LogDevObjectVersion:   Dev-Enterprise (9DFFBCD6-494F-0158-E221-12823C92A888): 8
LogDevObjectVersion:   Dev-Niagara (F2AED0AC-9AFE-416F-8664-AA7FFA26D6FC): 1
LogDevObjectVersion:   Dev-Destruction (174F1F0B-B4C6-45A5-B13F-2EE8D0FB917D): 9
LogDevObjectVersion:   Dev-Physics-Ext (35F94A83-E258-406C-A318-09F59610247C): 8
LogDevObjectVersion:   Dev-CineCamera (B2E18506-4273-CFC2-A54E-F4BB758BBA07): 1
LogInit: Presizing for max 25165824 objects, including 0 objects not considered by GC, pre-allocating 0 bytes for permanent pool.
LogInit: Object subsystem initialized
LogConfig: Setting CVar [[con.DebugEarlyDefault:1]]
LogConfig: Setting CVar [[r.setres:1280x720]]
[2023.04.20-23.40.24:648][  0]LogConfig: Setting CVar [[r.VSync:0]]
[2023.04.20-23.40.24:648][  0]LogConfig: Setting CVar [[r.RHICmdBypass:0]]
[2023.04.20-23.40.24:650][  0]LogConfig: Applying CVar settings from Section [/Script/Engine.RendererSettings] File [D:/GitHub/UnrealEnginePrototypes/uNREALpROJECTS/Term2PFGE/Saved/Config/Windows/Engine.ini]
[2023.04.20-23.40.24:650][  0]LogConfig: Setting CVar [[r.GPUCrashDebugging:0]]
[2023.04.20-23.40.24:650][  0]LogConfig: Applying CVar settings from Section [/Script/Engine.RendererOverrideSettings] File [D:/GitHub/UnrealEnginePrototypes/uNREALpROJECTS/Term2PFGE/Saved/Config/Windows/Engine.ini]
[2023.04.20-23.40.24:650][  0]LogConfig: Applying CVar settings from Section [/Script/Engine.StreamingSettings] File [D:/GitHub/UnrealEnginePrototypes/uNREALpROJECTS/Term2PFGE/Saved/Config/Windows/Engine.ini]
[2023.04.20-23.40.24:650][  0]LogConfig: Setting CVar [[s.MinBulkDataSizeForAsyncLoading:131072]]
[2023.04.20-23.40.24:650][  0]LogConfig: Setting CVar [[s.AsyncLoadingThreadEnabled:0]]
[2023.04.20-23.40.24:650][  0]LogConfig: Setting CVar [[s.EventDrivenLoaderEnabled:1]]
[2023.04.20-23.40.24:650][  0]LogConfig: Setting CVar [[s.WarnIfTimeLimitExceeded:0]]
[2023.04.20-23.40.24:650][  0]LogConfig: Setting CVar [[s.TimeLimitExceededMultiplier:1.5]]
[2023.04.20-23.40.24:650][  0]LogConfig: Setting CVar [[s.TimeLimitExceededMinTime:0.005]]
[2023.04.20-23.40.24:650][  0]LogConfig: Setting CVar [[s.UseBackgroundLevelStreaming:1]]
[2023.04.20-23.40.24:650][  0]LogConfig: Setting CVar [[s.PriorityAsyncLoadingExtraTime:15.0]]
[2023.04.20-23.40.24:650][  0]LogConfig: Setting CVar [[s.LevelStreamingActorsUpdateTimeLimit:5.0]]
[2023.04.20-23.40.24:650][  0]LogConfig: Setting CVar [[s.PriorityLevelStreamingActorsUpdateExtraTime:5.0]]
[2023.04.20-23.40.24:650][  0]LogConfig: Setting CVar [[s.LevelStreamingComponentsRegistrationGranularity:10]]
[2023.04.20-23.40.24:650][  0]LogConfig: Setting CVar [[s.UnregisterComponentsTimeLimit:1.0]]
[2023.04.20-23.40.24:651][  0]LogConfig: Setting CVar [[s.LevelStreamingComponentsUnregistrationGranularity:5]]
[2023.04.20-23.40.24:651][  0]LogConfig: Setting CVar [[s.FlushStreamingOnExit:1]]
[2023.04.20-23.40.24:651][  0]LogConfig: Applying CVar settings from Section [/Script/Engine.GarbageCollectionSettings] File [D:/GitHub/UnrealEnginePrototypes/uNREALpROJECTS/Term2PFGE/Saved/Config/Windows/Engine.ini]
[2023.04.20-23.40.24:651][  0]LogConfig: Setting CVar [[gc.MaxObjectsNotConsideredByGC:1]]
[2023.04.20-23.40.24:651][  0]LogConfig: Setting CVar [[gc.SizeOfPermanentObjectPool:0]]
[2023.04.20-23.40.24:651][  0]LogConfig: Setting CVar [[gc.FlushStreamingOnGC:0]]
[2023.04.20-23.40.24:651][  0]LogConfig: Setting CVar [[gc.NumRetriesBeforeForcingGC:10]]
[2023.04.20-23.40.24:651][  0]LogConfig: Setting CVar [[gc.AllowParallelGC:1]]
[2023.04.20-23.40.24:651][  0]LogConfig: Setting CVar [[gc.TimeBetweenPurgingPendingKillObjects:61.1]]
[2023.04.20-23.40.24:651][  0]LogConfig: Setting CVar [[gc.MaxObjectsInEditor:25165824]]
[2023.04.20-23.40.24:651][  0]LogConfig: Setting CVar [[gc.IncrementalBeginDestroyEnabled:1]]
[2023.04.20-23.40.24:651][  0]LogConfig: Setting CVar [[gc.CreateGCClusters:1]]
[2023.04.20-23.40.24:651][  0]LogConfig: Setting CVar [[gc.MinGCClusterSize:5]]
[2023.04.20-23.40.24:651][  0]LogConfig: Setting CVar [[gc.ActorClusteringEnabled:0]]
[2023.04.20-23.40.24:651][  0]LogConfig: Setting CVar [[gc.BlueprintClusteringEnabled:0]]
[2023.04.20-23.40.24:651][  0]LogConfig: Setting CVar [[gc.UseDisregardForGCOnDedicatedServers:0]]
[2023.04.20-23.40.24:651][  0]LogConfig: Applying CVar settings from Section [/Script/Engine.NetworkSettings] File [D:/GitHub/UnrealEnginePrototypes/uNREALpROJECTS/Term2PFGE/Saved/Config/Windows/Engine.ini]
[2023.04.20-23.40.24:651][  0]LogConfig: Applying CVar settings from Section [/Script/UnrealEd.CookerSettings] File [D:/GitHub/UnrealEnginePrototypes/uNREALpROJECTS/Term2PFGE/Saved/Config/Windows/Engine.ini]
[2023.04.20-23.40.24:712][  0]LogConfig: Applying CVar settings from Section [ViewDistanceQuality@3] File [D:/GitHub/UnrealEnginePrototypes/uNREALpROJECTS/Term2PFGE/Saved/Config/Windows/Scalability.ini]
[2023.04.20-23.40.24:712][  0]LogConfig: Setting CVar [[r.SkeletalMeshLODBias:0]]
[2023.04.20-23.40.24:712][  0]LogConfig: Setting CVar [[r.ViewDistanceScale:1.0]]
[2023.04.20-23.40.24:712][  0]LogConfig: Applying CVar settings from Section [AntiAliasingQuality@3] File [D:/GitHub/UnrealEnginePrototypes/uNREALpROJECTS/Term2PFGE/Saved/Config/Windows/Scalability.ini]
[2023.04.20-23.40.24:712][  0]LogConfig: Setting CVar [[r.PostProcessAAQuality:4]]
[2023.04.20-23.40.24:712][  0]LogConfig: Applying CVar settings from Section [ShadowQuality@3] File [D:/GitHub/UnrealEnginePrototypes/uNREALpROJECTS/Term2PFGE/Saved/Config/Windows/Scalability.ini]
[2023.04.20-23.40.24:712][  0]LogConfig: Setting CVar [[r.LightFunctionQuality:1]]
[2023.04.20-23.40.24:712][  0]LogConfig: Setting CVar [[r.ShadowQuality:5]]
[2023.04.20-23.40.24:712][  0]LogConfig: Setting CVar [[r.Shadow.CSM.MaxCascades:10]]
[2023.04.20-23.40.24:712][  0]LogConfig: Setting CVar [[r.Shadow.MaxResolution:2048]]
[2023.04.20-23.40.24:712][  0]LogConfig: Setting CVar [[r.Shadow.MaxCSMResolution:2048]]
[2023.04.20-23.40.24:712][  0]LogConfig: Setting CVar [[r.Shadow.RadiusThreshold:0.01]]
[2023.04.20-23.40.24:712][  0]LogConfig: Setting CVar [[r.Shadow.DistanceScale:1.0]]
[2023.04.20-23.40.24:712][  0]LogConfig: Setting CVar [[r.Shadow.CSM.TransitionScale:1.0]]
[2023.04.20-23.40.24:712][  0]LogConfig: Setting CVar [[r.Shadow.PreShadowResolutionFactor:1.0]]
[2023.04.20-23.40.24:712][  0]LogConfig: Setting CVar [[r.DistanceFieldShadowing:1]]
[2023.04.20-23.40.24:712][  0]LogConfig: Setting CVar [[r.DistanceFieldAO:1]]
[2023.04.20-23.40.24:712][  0]LogConfig: Setting CVar [[r.AOQuality:2]]
[2023.04.20-23.40.24:712][  0]LogConfig: Setting CVar [[r.VolumetricFog:1]]
[2023.04.20-23.40.24:712][  0]LogConfig: Setting CVar [[r.VolumetricFog.GridPixelSize:8]]
[2023.04.20-23.40.24:712][  0]LogConfig: Setting CVar [[r.VolumetricFog.GridSizeZ:128]]
[2023.04.20-23.40.24:712][  0]LogConfig: Setting CVar [[r.VolumetricFog.HistoryMissSupersampleCount:4]]
[2023.04.20-23.40.24:712][  0]LogConfig: Setting CVar [[r.LightMaxDrawDistanceScale:1]]
[2023.04.20-23.40.24:712][  0]LogConfig: Setting CVar [[r.CapsuleShadows:1]]
[2023.04.20-23.40.24:712][  0]LogConfig: Applying CVar settings from Section [PostProcessQuality@3] File [D:/GitHub/UnrealEnginePrototypes/uNREALpROJECTS/Term2PFGE/Saved/Config/Windows/Scalability.ini]
[2023.04.20-23.40.24:712][  0]LogConfig: Setting CVar [[r.MotionBlurQuality:4]]
[2023.04.20-23.40.24:712][  0]LogConfig: Setting CVar [[r.AmbientOcclusionMipLevelFactor:0.4]]
[2023.04.20-23.40.24:712][  0]LogConfig: Setting CVar [[r.AmbientOcclusionMaxQuality:100]]
[2023.04.20-23.40.24:712][  0]LogConfig: Setting CVar [[r.AmbientOcclusionLevels:-1]]
[2023.04.20-23.40.24:712][  0]LogConfig: Setting CVar [[r.AmbientOcclusionRadiusScale:1.0]]
[2023.04.20-23.40.24:712][  0]LogConfig: Setting CVar [[r.DepthOfFieldQuality:2]]
[2023.04.20-23.40.24:712][  0]LogConfig: Setting CVar [[r.RenderTargetPoolMin:400]]
[2023.04.20-23.40.24:712][  0]LogConfig: Setting CVar [[r.LensFlareQuality:2]]
[2023.04.20-23.40.24:712][  0]LogConfig: Setting CVar [[r.SceneColorFringeQuality:1]]
[2023.04.20-23.40.24:712][  0]LogConfig: Setting CVar [[r.EyeAdaptationQuality:2]]
[2023.04.20-23.40.24:712][  0]LogConfig: Setting CVar [[r.BloomQuality:5]]
[2023.04.20-23.40.24:712][  0]LogConfig: Setting CVar [[r.FastBlurThreshold:100]]
[2023.04.20-23.40.24:712][  0]LogConfig: Setting CVar [[r.Upscale.Quality:3]]
[2023.04.20-23.40.24:712][  0]LogConfig: Setting CVar [[r.Tonemapper.GrainQuantization:1]]
[2023.04.20-23.40.24:712][  0]LogConfig: Setting CVar [[r.LightShaftQuality:1]]
[2023.04.20-23.40.24:712][  0]LogConfig: Setting CVar [[r.Filter.SizeScale:1]]
[2023.04.20-23.40.24:712][  0]LogConfig: Setting CVar [[r.Tonemapper.Quality:5]]
[2023.04.20-23.40.24:712][  0]LogConfig: Setting CVar [[r.DOF.Gather.AccumulatorQuality:1        ; higher gathering accumulator quality]]
[2023.04.20-23.40.24:712][  0]LogConfig: Setting CVar [[r.DOF.Gather.PostfilterMethod:1          ; Median3x3 postfilering method]]
[2023.04.20-23.40.24:712][  0]LogConfig: Setting CVar [[r.DOF.Gather.EnableBokehSettings:0       ; no bokeh simulation when gathering]]
[2023.04.20-23.40.24:712][  0]LogConfig: Setting CVar [[r.DOF.Gather.RingCount:4                 ; medium number of samples when gathering]]
[2023.04.20-23.40.24:712][  0]LogConfig: Setting CVar [[r.DOF.Scatter.ForegroundCompositing:1    ; additive foreground scattering]]
[2023.04.20-23.40.24:712][  0]LogConfig: Setting CVar [[r.DOF.Scatter.BackgroundCompositing:2    ; additive background scattering]]
[2023.04.20-23.40.24:712][  0]LogConfig: Setting CVar [[r.DOF.Scatter.EnableBokehSettings:1      ; bokeh simulation when scattering]]
[2023.04.20-23.40.24:712][  0]LogConfig: Setting CVar [[r.DOF.Scatter.MaxSpriteRatio:0.1         ; only a maximum of 10% of scattered bokeh]]
[2023.04.20-23.40.24:712][  0]LogConfig: Setting CVar [[r.DOF.Recombine.Quality:1                ; cheap slight out of focus]]
[2023.04.20-23.40.24:712][  0]LogConfig: Setting CVar [[r.DOF.Recombine.EnableBokehSettings:0    ; no bokeh simulation on slight out of focus]]
[2023.04.20-23.40.24:712][  0]LogConfig: Setting CVar [[r.DOF.TemporalAAQuality:1                ; more stable temporal accumulation]]
[2023.04.20-23.40.24:712][  0]LogConfig: Setting CVar [[r.DOF.Kernel.MaxForegroundRadius:0.025]]
[2023.04.20-23.40.24:712][  0]LogConfig: Setting CVar [[r.DOF.Kernel.MaxBackgroundRadius:0.025]]
[2023.04.20-23.40.24:712][  0]LogConfig: Applying CVar settings from Section [TextureQuality@3] File [D:/GitHub/UnrealEnginePrototypes/uNREALpROJECTS/Term2PFGE/Saved/Config/Windows/Scalability.ini]
[2023.04.20-23.40.24:712][  0]LogConfig: Setting CVar [[r.Streaming.MipBias:0]]
[2023.04.20-23.40.24:712][  0]LogConfig: Setting CVar [[r.Streaming.AmortizeCPUToGPUCopy:0]]
[2023.04.20-23.40.24:712][  0]LogConfig: Setting CVar [[r.Streaming.MaxNumTexturesToStreamPerFrame:0]]
[2023.04.20-23.40.24:712][  0]LogConfig: Setting CVar [[r.Streaming.Boost:1]]
[2023.04.20-23.40.24:712][  0]LogConfig: Setting CVar [[r.MaxAnisotropy:8]]
[2023.04.20-23.40.24:712][  0]LogConfig: Setting CVar [[r.VT.MaxAnisotropy:8]]
[2023.04.20-23.40.24:712][  0]LogConfig: Setting CVar [[r.Streaming.LimitPoolSizeToVRAM:0]]
[2023.04.20-23.40.24:712][  0]LogConfig: Setting CVar [[r.Streaming.PoolSize:1000]]
[2023.04.20-23.40.24:712][  0]LogConfig: Setting CVar [[r.Streaming.MaxEffectiveScreenSize:0]]
[2023.04.20-23.40.24:712][  0]LogConfig: Applying CVar settings from Section [EffectsQuality@3] File [D:/GitHub/UnrealEnginePrototypes/uNREALpROJECTS/Term2PFGE/Saved/Config/Windows/Scalability.ini]
[2023.04.20-23.40.24:713][  0]LogConfig: Setting CVar [[r.TranslucencyLightingVolumeDim:64]]
[2023.04.20-23.40.24:713][  0]LogConfig: Setting CVar [[r.RefractionQuality:2]]
[2023.04.20-23.40.24:713][  0]LogConfig: Setting CVar [[r.SSR.Quality:3]]
[2023.04.20-23.40.24:713][  0]LogConfig: Setting CVar [[r.SSR.HalfResSceneColor:0]]
[2023.04.20-23.40.24:713][  0]LogConfig: Setting CVar [[r.SceneColorFormat:4]]
[2023.04.20-23.40.24:713][  0]LogConfig: Setting CVar [[r.DetailMode:2]]
[2023.04.20-23.40.24:713][  0]LogConfig: Setting CVar [[r.TranslucencyVolumeBlur:1]]
[2023.04.20-23.40.24:713][  0]LogConfig: Setting CVar [[r.MaterialQualityLevel:1 ; High quality]]
[2023.04.20-23.40.24:713][  0]LogConfig: Setting CVar [[r.SSS.Scale:1]]
[2023.04.20-23.40.24:713][  0]LogConfig: Setting CVar [[r.SSS.SampleSet:2]]
[2023.04.20-23.40.24:713][  0]LogConfig: Setting CVar [[r.SSS.Quality:1]]
[2023.04.20-23.40.24:713][  0]LogConfig: Setting CVar [[r.SSS.HalfRes:1]]
[2023.04.20-23.40.24:713][  0]LogConfig: Setting CVar [[r.SSGI.Quality:3]]
[2023.04.20-23.40.24:713][  0]LogConfig: Setting CVar [[r.EmitterSpawnRateScale:1.0]]
[2023.04.20-23.40.24:713][  0]LogConfig: Setting CVar [[r.ParticleLightQuality:2]]
[2023.04.20-23.40.24:713][  0]LogConfig: Setting CVar [[r.SkyAtmosphere.AerialPerspectiveLUT.FastApplyOnOpaque:1 ; Always have FastSkyLUT 1 in this case to avoid wrong sky]]
[2023.04.20-23.40.24:713][  0]LogConfig: Setting CVar [[r.SkyAtmosphere.AerialPerspectiveLUT.SampleCountPerSlice:1]]
[2023.04.20-23.40.24:713][  0]LogConfig: Setting CVar [[r.SkyAtmosphere.AerialPerspectiveLUT.DepthResolution:16.0]]
[2023.04.20-23.40.24:713][  0]LogConfig: Setting CVar [[r.SkyAtmosphere.FastSkyLUT:1]]
[2023.04.20-23.40.24:713][  0]LogConfig: Setting CVar [[r.SkyAtmosphere.FastSkyLUT.SampleCountMin:4.0]]
[2023.04.20-23.40.24:713][  0]LogConfig: Setting CVar [[r.SkyAtmosphere.FastSkyLUT.SampleCountMax:32.0]]
[2023.04.20-23.40.24:713][  0]LogConfig: Setting CVar [[r.SkyAtmosphere.SampleCountMin:4.0]]
[2023.04.20-23.40.24:713][  0]LogConfig: Setting CVar [[r.SkyAtmosphere.SampleCountMax:32.0]]
[2023.04.20-23.40.24:713][  0]LogConfig: Setting CVar [[r.SkyAtmosphere.TransmittanceLUT.UseSmallFormat:0]]
[2023.04.20-23.40.24:713][  0]LogConfig: Setting CVar [[r.SkyAtmosphere.TransmittanceLUT.SampleCount:10.0]]
[2023.04.20-23.40.24:713][  0]LogConfig: Setting CVar [[r.SkyAtmosphere.MultiScatteringLUT.SampleCount:15.0]]
[2023.04.20-23.40.24:713][  0]LogConfig: Applying CVar settings from Section [FoliageQuality@3] File [D:/GitHub/UnrealEnginePrototypes/uNREALpROJECTS/Term2PFGE/Saved/Config/Windows/Scalability.ini]
[2023.04.20-23.40.24:713][  0]LogConfig: Setting CVar [[foliage.DensityScale:1.0]]
[2023.04.20-23.40.24:713][  0]LogConfig: Setting CVar [[grass.DensityScale:1.0]]
[2023.04.20-23.40.24:713][  0]LogConfig: Applying CVar settings from Section [ShadingQuality@3] File [D:/GitHub/UnrealEnginePrototypes/uNREALpROJECTS/Term2PFGE/Saved/Config/Windows/Scalability.ini]
[2023.04.20-23.40.24:713][  0]LogConfig: Setting CVar [[r.HairStrands.SkyLighting.SampleCount:16]]
[2023.04.20-23.40.24:713][  0]LogConfig: Setting CVar [[r.HairStrands.SkyLighting.JitterIntegration:0]]
[2023.04.20-23.40.24:713][  0]LogConfig: Setting CVar [[r.HairStrands.SkyAO.SampleCount:16]]
[2023.04.20-23.40.24:716][  0]LogInit: Selected Device Profile: [Windows]
[2023.04.20-23.40.24:716][  0]LogInit: Applying CVar settings loaded from the selected device profile: [Windows]
[2023.04.20-23.40.24:778][  0]LogHAL: Display: Platform has ~ 8 GB [8467877888 / 8589934592 / 8], which maps to Default [LargestMinGB=32, LargerMinGB=12, DefaultMinGB=8, SmallerMinGB=6, SmallestMinGB=0)
[2023.04.20-23.40.24:778][  0]LogInit: Going up to parent DeviceProfile []
[2023.04.20-23.40.24:778][  0]LogConfig: Applying CVar settings from Section [ViewDistanceQuality@2] File [D:/GitHub/UnrealEnginePrototypes/uNREALpROJECTS/Term2PFGE/Saved/Config/Windows/Scalability.ini]
[2023.04.20-23.40.24:778][  0]LogConfig: Setting CVar [[r.SkeletalMeshLODBias:0]]
[2023.04.20-23.40.24:778][  0]LogConfig: Setting CVar [[r.ViewDistanceScale:0.8]]
[2023.04.20-23.40.24:778][  0]LogConfig: Applying CVar settings from Section [AntiAliasingQuality@2] File [D:/GitHub/UnrealEnginePrototypes/uNREALpROJECTS/Term2PFGE/Saved/Config/Windows/Scalability.ini]
[2023.04.20-23.40.24:778][  0]LogConfig: Setting CVar [[r.PostProcessAAQuality:3]]
[2023.04.20-23.40.24:778][  0]LogConfig: Applying CVar settings from Section [ShadowQuality@2] File [D:/GitHub/UnrealEnginePrototypes/uNREALpROJECTS/Term2PFGE/Saved/Config/Windows/Scalability.ini]
[2023.04.20-23.40.24:778][  0]LogConfig: Setting CVar [[r.LightFunctionQuality:1]]
[2023.04.20-23.40.24:778][  0]LogConfig: Setting CVar [[r.ShadowQuality:5]]
[2023.04.20-23.40.24:778][  0]LogConfig: Setting CVar [[r.Shadow.CSM.MaxCascades:4]]
[2023.04.20-23.40.24:778][  0]LogConfig: Setting CVar [[r.Shadow.MaxResolution:1024]]
[2023.04.20-23.40.24:778][  0]LogConfig: Setting CVar [[r.Shadow.MaxCSMResolution:2048]]
[2023.04.20-23.40.24:778][  0]LogConfig: Setting CVar [[r.Shadow.RadiusThreshold:0.04]]
[2023.04.20-23.40.24:778][  0]LogConfig: Setting CVar [[r.Shadow.DistanceScale:0.85]]
[2023.04.20-23.40.24:778][  0]LogConfig: Setting CVar [[r.Shadow.CSM.TransitionScale:0.8]]
[2023.04.20-23.40.24:778][  0]LogConfig: Setting CVar [[r.Shadow.PreShadowResolutionFactor:0.5]]
[2023.04.20-23.40.24:778][  0]LogConfig: Setting CVar [[r.DistanceFieldShadowing:1]]
[2023.04.20-23.40.24:778][  0]LogConfig: Setting CVar [[r.DistanceFieldAO:1]]
[2023.04.20-23.40.24:778][  0]LogConfig: Setting CVar [[r.AOQuality:1]]
[2023.04.20-23.40.24:778][  0]LogConfig: Setting CVar [[r.VolumetricFog:1]]
[2023.04.20-23.40.24:778][  0]LogConfig: Setting CVar [[r.VolumetricFog.GridPixelSize:16]]
[2023.04.20-23.40.24:778][  0]LogConfig: Setting CVar [[r.VolumetricFog.GridSizeZ:64]]
[2023.04.20-23.40.24:778][  0]LogConfig: Setting CVar [[r.VolumetricFog.HistoryMissSupersampleCount:4]]
[2023.04.20-23.40.24:778][  0]LogConfig: Setting CVar [[r.LightMaxDrawDistanceScale:1]]
[2023.04.20-23.40.24:778][  0]LogConfig: Setting CVar [[r.CapsuleShadows:1]]
[2023.04.20-23.40.24:778][  0]LogConfig: Applying CVar settings from Section [PostProcessQuality@2] File [D:/GitHub/UnrealEnginePrototypes/uNREALpROJECTS/Term2PFGE/Saved/Config/Windows/Scalability.ini]
[2023.04.20-23.40.24:778][  0]LogConfig: Setting CVar [[r.MotionBlurQuality:3]]
[2023.04.20-23.40.24:778][  0]LogConfig: Setting CVar [[r.AmbientOcclusionMipLevelFactor:0.6]]
[2023.04.20-23.40.24:778][  0]LogConfig: Setting CVar [[r.AmbientOcclusionMaxQuality:100]]
[2023.04.20-23.40.24:778][  0]LogConfig: Setting CVar [[r.AmbientOcclusionLevels:-1]]
[2023.04.20-23.40.24:778][  0]LogConfig: Setting CVar [[r.AmbientOcclusionRadiusScale:1.5]]
[2023.04.20-23.40.24:778][  0]LogConfig: Setting CVar [[r.DepthOfFieldQuality:2]]
[2023.04.20-23.40.24:778][  0]LogConfig: Setting CVar [[r.RenderTargetPoolMin:400]]
[2023.04.20-23.40.24:778][  0]LogConfig: Setting CVar [[r.LensFlareQuality:2]]
[2023.04.20-23.40.24:778][  0]LogConfig: Setting CVar [[r.SceneColorFringeQuality:1]]
[2023.04.20-23.40.24:778][  0]LogConfig: Setting CVar [[r.EyeAdaptationQuality:2]]
[2023.04.20-23.40.24:778][  0]LogConfig: Setting CVar [[r.BloomQuality:5]]
[2023.04.20-23.40.24:778][  0]LogConfig: Setting CVar [[r.FastBlurThreshold:3]]
[2023.04.20-23.40.24:778][  0]LogConfig: Setting CVar [[r.Upscale.Quality:2]]
[2023.04.20-23.40.24:779][  0]LogConfig: Setting CVar [[r.Tonemapper.GrainQuantization:1]]
[2023.04.20-23.40.24:779][  0]LogConfig: Setting CVar [[r.LightShaftQuality:1]]
[2023.04.20-23.40.24:779][  0]LogConfig: Setting CVar [[r.Filter.SizeScale:0.8]]
[2023.04.20-23.40.24:779][  0]LogConfig: Setting CVar [[r.Tonemapper.Quality:5]]
[2023.04.20-23.40.24:779][  0]LogConfig: Setting CVar [[r.DOF.Gather.AccumulatorQuality:0        ; lower gathering accumulator quality]]
[2023.04.20-23.40.24:779][  0]LogConfig: Setting CVar [[r.DOF.Gather.PostfilterMethod:2          ; Max3x3 postfilering method]]
[2023.04.20-23.40.24:779][  0]LogConfig: Setting CVar [[r.DOF.Gather.EnableBokehSettings:0       ; no bokeh simulation when gathering]]
[2023.04.20-23.40.24:779][  0]LogConfig: Setting CVar [[r.DOF.Gather.RingCount:4                 ; medium number of samples when gathering]]
[2023.04.20-23.40.24:779][  0]LogConfig: Setting CVar [[r.DOF.Scatter.ForegroundCompositing:1    ; additive foreground scattering]]
[2023.04.20-23.40.24:779][  0]LogConfig: Setting CVar [[r.DOF.Scatter.BackgroundCompositing:1    ; no background occlusion]]
[2023.04.20-23.40.24:779][  0]LogConfig: Setting CVar [[r.DOF.Scatter.EnableBokehSettings:0      ; no bokeh simulation when scattering]]
[2023.04.20-23.40.24:779][  0]LogConfig: Setting CVar [[r.DOF.Scatter.MaxSpriteRatio:0.04        ; only a maximum of 4% of scattered bokeh]]
[2023.04.20-23.40.24:779][  0]LogConfig: Setting CVar [[r.DOF.Recombine.Quality:0                ; no slight out of focus]]
[2023.04.20-23.40.24:779][  0]LogConfig: Setting CVar [[r.DOF.TemporalAAQuality:0                ; faster temporal accumulation]]
[2023.04.20-23.40.24:779][  0]LogConfig: Setting CVar [[r.DOF.Kernel.MaxForegroundRadius:0.012   ; required because of AccumulatorQuality=0]]
[2023.04.20-23.40.24:779][  0]LogConfig: Setting CVar [[r.DOF.Kernel.MaxBackgroundRadius:0.012   ; required because of AccumulatorQuality=0]]
[2023.04.20-23.40.24:779][  0]LogConfig: Applying CVar settings from Section [TextureQuality@2] File [D:/GitHub/UnrealEnginePrototypes/uNREALpROJECTS/Term2PFGE/Saved/Config/Windows/Scalability.ini]
[2023.04.20-23.40.24:779][  0]LogConfig: Setting CVar [[r.Streaming.MipBias:0]]
[2023.04.20-23.40.24:779][  0]LogConfig: Setting CVar [[r.Streaming.AmortizeCPUToGPUCopy:0]]
[2023.04.20-23.40.24:779][  0]LogConfig: Setting CVar [[r.Streaming.MaxNumTexturesToStreamPerFrame:0]]
[2023.04.20-23.40.24:779][  0]LogConfig: Setting CVar [[r.Streaming.Boost:1]]
[2023.04.20-23.40.24:779][  0]LogConfig: Setting CVar [[r.MaxAnisotropy:4]]
[2023.04.20-23.40.24:779][  0]LogConfig: Setting CVar [[r.VT.MaxAnisotropy:8]]
[2023.04.20-23.40.24:779][  0]LogConfig: Setting CVar [[r.Streaming.LimitPoolSizeToVRAM:1]]
[2023.04.20-23.40.24:779][  0]LogConfig: Setting CVar [[r.Streaming.PoolSize:800]]
[2023.04.20-23.40.24:779][  0]LogConfig: Setting CVar [[r.Streaming.MaxEffectiveScreenSize:0]]
[2023.04.20-23.40.24:779][  0]LogConfig: Applying CVar settings from Section [EffectsQuality@2] File [D:/GitHub/UnrealEnginePrototypes/uNREALpROJECTS/Term2PFGE/Saved/Config/Windows/Scalability.ini]
[2023.04.20-23.40.24:779][  0]LogConfig: Setting CVar [[r.TranslucencyLightingVolumeDim:48]]
[2023.04.20-23.40.24:779][  0]LogConfig: Setting CVar [[r.RefractionQuality:2]]
[2023.04.20-23.40.24:779][  0]LogConfig: Setting CVar [[r.SSR.Quality:2]]
[2023.04.20-23.40.24:779][  0]LogConfig: Setting CVar [[r.SSR.HalfResSceneColor:1]]
[2023.04.20-23.40.24:779][  0]LogConfig: Setting CVar [[r.SceneColorFormat:3]]
[2023.04.20-23.40.24:779][  0]LogConfig: Setting CVar [[r.DetailMode:1]]
[2023.04.20-23.40.24:779][  0]LogConfig: Setting CVar [[r.TranslucencyVolumeBlur:1]]
[2023.04.20-23.40.24:779][  0]LogConfig: Setting CVar [[r.MaterialQualityLevel:1 ; High quality]]
[2023.04.20-23.40.24:779][  0]LogConfig: Setting CVar [[r.SSS.Scale:1]]
[2023.04.20-23.40.24:779][  0]LogConfig: Setting CVar [[r.SSS.SampleSet:1]]
[2023.04.20-23.40.24:779][  0]LogConfig: Setting CVar [[r.SSS.Quality:-1]]
[2023.04.20-23.40.24:779][  0]LogConfig: Setting CVar [[r.SSS.HalfRes:1]]
[2023.04.20-23.40.24:779][  0]LogConfig: Setting CVar [[r.SSGI.Quality:2]]
[2023.04.20-23.40.24:779][  0]LogConfig: Setting CVar [[r.EmitterSpawnRateScale:0.5]]
[2023.04.20-23.40.24:779][  0]LogConfig: Setting CVar [[r.ParticleLightQuality:1]]
[2023.04.20-23.40.24:779][  0]LogConfig: Setting CVar [[r.SkyAtmosphere.AerialPerspectiveLUT.FastApplyOnOpaque:1 ; Always have FastSkyLUT 1 in this case to avoid wrong sky]]
[2023.04.20-23.40.24:779][  0]LogConfig: Setting CVar [[r.SkyAtmosphere.AerialPerspectiveLUT.SampleCountPerSlice:1]]
[2023.04.20-23.40.24:779][  0]LogConfig: Setting CVar [[r.SkyAtmosphere.AerialPerspectiveLUT.DepthResolution:16.0]]
[2023.04.20-23.40.24:779][  0]LogConfig: Setting CVar [[r.SkyAtmosphere.FastSkyLUT:1]]
[2023.04.20-23.40.24:779][  0]LogConfig: Setting CVar [[r.SkyAtmosphere.FastSkyLUT.SampleCountMin:4.0]]
[2023.04.20-23.40.24:779][  0]LogConfig: Setting CVar [[r.SkyAtmosphere.FastSkyLUT.SampleCountMax:32.0]]
[2023.04.20-23.40.24:779][  0]LogConfig: Setting CVar [[r.SkyAtmosphere.SampleCountMin:4.0]]
[2023.04.20-23.40.24:779][  0]LogConfig: Setting CVar [[r.SkyAtmosphere.SampleCountMax:32.0]]
[2023.04.20-23.40.24:779][  0]LogConfig: Setting CVar [[r.SkyAtmosphere.TransmittanceLUT.UseSmallFormat:0]]
[2023.04.20-23.40.24:779][  0]LogConfig: Setting CVar [[r.SkyAtmosphere.TransmittanceLUT.SampleCount:10.0]]
[2023.04.20-23.40.24:779][  0]LogConfig: Setting CVar [[r.SkyAtmosphere.MultiScatteringLUT.SampleCount:15.0]]
[2023.04.20-23.40.24:779][  0]LogConfig: Applying CVar settings from Section [FoliageQuality@2] File [D:/GitHub/UnrealEnginePrototypes/uNREALpROJECTS/Term2PFGE/Saved/Config/Windows/Scalability.ini]
[2023.04.20-23.40.24:779][  0]LogConfig: Setting CVar [[foliage.DensityScale:0.8]]
[2023.04.20-23.40.24:779][  0]LogConfig: Setting CVar [[grass.DensityScale:0.8]]
[2023.04.20-23.40.24:779][  0]LogConfig: Applying CVar settings from Section [ShadingQuality@2] File [D:/GitHub/UnrealEnginePrototypes/uNREALpROJECTS/Term2PFGE/Saved/Config/Windows/Scalability.ini]
[2023.04.20-23.40.24:779][  0]LogConfig: Setting CVar [[r.HairStrands.SkyLighting.SampleCount:16]]
[2023.04.20-23.40.24:779][  0]LogConfig: Setting CVar [[r.HairStrands.SkyLighting.JitterIntegration:0]]
[2023.04.20-23.40.24:779][  0]LogConfig: Setting CVar [[r.HairStrands.SkyAO.SampleCount:16]]
[2023.04.20-23.40.24:779][  0]LogConfig: Applying CVar settings from Section [Startup] File [../../../Engine/Config/ConsoleVariables.ini]
[2023.04.20-23.40.24:805][  0]LogConfig: Setting CVar [[net.UseAdaptiveNetUpdateFrequency:0]]
[2023.04.20-23.40.24:805][  0]LogConfig: Setting CVar [[p.chaos.AllowCreatePhysxBodies:1]]
[2023.04.20-23.40.24:805][  0]LogConfig: Applying CVar settings from Section [ConsoleVariables] File [D:/GitHub/UnrealEnginePrototypes/uNREALpROJECTS/Term2PFGE/Saved/Config/Windows/Engine.ini]
[2023.04.20-23.40.24:851][  0]LogInit: Computer: LAPTOP-A3UMQSBQ
[2023.04.20-23.40.24:851][  0]LogInit: User: rugra
[2023.04.20-23.40.24:851][  0]LogInit: CPU Page size=4096, Cores=4
[2023.04.20-23.40.24:851][  0]LogInit: High frequency timer resolution =10.000000 MHz
[2023.04.20-23.40.24:852][  0]LogMemory: Memory total: Physical=7.9GB (8GB approx)
[2023.04.20-23.40.24:858][  0]LogMemory: Platform Memory Stats for Windows
[2023.04.20-23.40.24:858][  0]LogMemory: Process Physical Memory: 106.15 MB used, 106.15 MB peak
[2023.04.20-23.40.24:858][  0]LogMemory: Process Virtual Memory: 99.95 MB used, 99.95 MB peak
[2023.04.20-23.40.24:858][  0]LogMemory: Physical Memory: 4005.85 MB used,  4069.75 MB free, 8075.60 MB total
[2023.04.20-23.40.24:858][  0]LogMemory: Virtual Memory: 5123.11 MB used,  134212608.00 MB free, 134217728.00 MB total
[2023.04.20-23.40.24:867][  0]LogWindows: WindowsPlatformFeatures enabled
[2023.04.20-23.40.25:960][  0]LogInit: Using OS detected language (en-US).
[2023.04.20-23.40.25:960][  0]LogInit: Using OS detected locale (en-GB).
[2023.04.20-23.40.25:962][  0]LogTextLocalizationManager: No specific localization for 'en-US' exists, so the 'en' localization will be used.
[2023.04.20-23.40.26:882][  0]LogInit: Setting process to per monitor DPI aware
[2023.04.20-23.40.27:328][  0]LogSlate: New Slate User Created.  User Index 0, Is Virtual User: 0
[2023.04.20-23.40.27:328][  0]LogSlate: Slate User Registered.  User Index 0, Is Virtual User: 0
[2023.04.20-23.40.34:100][  0]LogHMD: Failed to initialize OpenVR with code 110
[2023.04.20-23.40.34:100][  0]LogD3D11RHI: D3D11 min allowed feature level: 11_0
[2023.04.20-23.40.34:100][  0]LogD3D11RHI: D3D11 max allowed feature level: 11_0
[2023.04.20-23.40.34:100][  0]LogD3D11RHI: D3D11 adapters:
[2023.04.20-23.40.34:344][  0]LogD3D11RHI:    0. 'NVIDIA GeForce GTX 1050' (Feature Level 11_0)
[2023.04.20-23.40.34:344][  0]LogD3D11RHI:       1976/0/4037 MB DedicatedVideo/DedicatedSystem/SharedSystem, Outputs:1, VendorId:0x10de
[2023.04.20-23.40.34:370][  0]LogD3D11RHI:    1. 'Intel(R) HD Graphics 630' (Feature Level 11_0)
[2023.04.20-23.40.34:370][  0]LogD3D11RHI:       128/0/4037 MB DedicatedVideo/DedicatedSystem/SharedSystem, Outputs:0, VendorId:0x8086
[2023.04.20-23.40.34:375][  0]LogD3D11RHI:    2. 'Microsoft Basic Render Driver' (Feature Level 11_0)
[2023.04.20-23.40.34:375][  0]LogD3D11RHI:       0/0/4037 MB DedicatedVideo/DedicatedSystem/SharedSystem, Outputs:0, VendorId:0x1414
[2023.04.20-23.40.34:375][  0]LogD3D11RHI: Chosen D3D11 Adapter: 0
[2023.04.20-23.40.34:396][  0]LogD3D11RHI: Creating new Direct3DDevice
[2023.04.20-23.40.34:397][  0]LogD3D11RHI:     GPU DeviceId: 0x1c8d (for the marketing name, search the web for "GPU Device Id")
[2023.04.20-23.40.34:397][  0]LogWindows: EnumDisplayDevices:
[2023.04.20-23.40.34:398][  0]LogWindows:    0. 'Intel(R) HD Graphics 630' (P:1 D:1)
[2023.04.20-23.40.34:398][  0]LogWindows:    1. 'Intel(R) HD Graphics 630' (P:0 D:0)
[2023.04.20-23.40.34:398][  0]LogWindows:    2. 'Intel(R) HD Graphics 630' (P:0 D:0)
[2023.04.20-23.40.34:399][  0]LogWindows:    3. 'NVIDIA GeForce GTX 1050' (P:0 D:0)
[2023.04.20-23.40.34:399][  0]LogWindows: DebugString: PrimaryIsNotTheChoosenAdapter PrimaryIsNotTheChoosenAdapter PrimaryIsNotTheChoosenAdapter 
[2023.04.20-23.40.34:399][  0]LogD3D11RHI:     Adapter Name: NVIDIA GeForce GTX 1050
[2023.04.20-23.40.34:399][  0]LogD3D11RHI:   Driver Version: 531.61 (internal:31.0.15.3161, unified:531.61)
[2023.04.20-23.40.34:399][  0]LogD3D11RHI:      Driver Date: 4-8-2023
[2023.04.20-23.40.34:399][  0]LogRHI: Texture pool is 1383 MB (70% of 1976 MB)
[2023.04.20-23.40.34:509][  0]LogD3D11RHI: RHI has support for 64 bit atomics
[2023.04.20-23.40.34:511][  0]LogD3D11RHI: Async texture creation enabled
[2023.04.20-23.40.34:743][  0]LogD3D11RHI: GPU Timing Frequency: 1000.000000 (Debug: 2 1)
[2023.04.20-23.40.37:513][  0]LogTargetPlatformManager: Display: Loaded TargetPlatform 'AllDesktop'
[2023.04.20-23.40.37:736][  0]LogTargetPlatformManager: Display: Loaded TargetPlatform 'Android'
[2023.04.20-23.40.37:736][  0]LogTargetPlatformManager: Display: Loaded TargetPlatform 'Android_ASTC'
[2023.04.20-23.40.37:736][  0]LogTargetPlatformManager: Display: Loaded TargetPlatform 'Android_ATC'
[2023.04.20-23.40.37:736][  0]LogTargetPlatformManager: Display: Loaded TargetPlatform 'Android_DXT'
[2023.04.20-23.40.37:736][  0]LogTargetPlatformManager: Display: Loaded TargetPlatform 'Android_ETC1'
[2023.04.20-23.40.37:736][  0]LogTargetPlatformManager: Display: Loaded TargetPlatform 'Android_ETC1a'
[2023.04.20-23.40.37:736][  0]LogTargetPlatformManager: Display: Loaded TargetPlatform 'Android_ETC2'
[2023.04.20-23.40.37:736][  0]LogTargetPlatformManager: Display: Loaded TargetPlatform 'Android_PVRTC'
[2023.04.20-23.40.37:736][  0]LogTargetPlatformManager: Display: Loaded TargetPlatform 'AndroidClient'
[2023.04.20-23.40.37:736][  0]LogTargetPlatformManager: Display: Loaded TargetPlatform 'Android_ASTCClient'
[2023.04.20-23.40.37:736][  0]LogTargetPlatformManager: Display: Loaded TargetPlatform 'Android_ATCClient'
[2023.04.20-23.40.37:736][  0]LogTargetPlatformManager: Display: Loaded TargetPlatform 'Android_DXTClient'
[2023.04.20-23.40.37:736][  0]LogTargetPlatformManager: Display: Loaded TargetPlatform 'Android_ETC1Client'
[2023.04.20-23.40.37:736][  0]LogTargetPlatformManager: Display: Loaded TargetPlatform 'Android_ETC1aClient'
[2023.04.20-23.40.37:736][  0]LogTargetPlatformManager: Display: Loaded TargetPlatform 'Android_ETC2Client'
[2023.04.20-23.40.37:736][  0]LogTargetPlatformManager: Display: Loaded TargetPlatform 'Android_PVRTCClient'
[2023.04.20-23.40.37:736][  0]LogTargetPlatformManager: Display: Loaded TargetPlatform 'Android_Multi'
[2023.04.20-23.40.37:736][  0]LogTargetPlatformManager: Display: Loaded TargetPlatform 'Android_MultiClient'
[2023.04.20-23.40.37:893][  0]LogTargetPlatformManager: Display: Loaded TargetPlatform 'IOSClient'
[2023.04.20-23.40.37:893][  0]LogTargetPlatformManager: Display: Loaded TargetPlatform 'IOS'
[2023.04.20-23.40.37:930][  0]LogTargetPlatformManager: Display: Loaded TargetPlatform 'LinuxNoEditor'
[2023.04.20-23.40.37:973][  0]LogTargetPlatformManager: Display: Loaded TargetPlatform 'LinuxClient'
[2023.04.20-23.40.38:003][  0]LogTargetPlatformManager: Display: Loaded TargetPlatform 'LinuxServer'
[2023.04.20-23.40.38:035][  0]LogTargetPlatformManager: Display: Loaded TargetPlatform 'LinuxAArch64NoEditor'
[2023.04.20-23.40.38:070][  0]LogTargetPlatformManager: Display: Loaded TargetPlatform 'LinuxAArch64Client'
[2023.04.20-23.40.38:109][  0]LogTargetPlatformManager: Display: Loaded TargetPlatform 'LinuxAArch64Server'
[2023.04.20-23.40.38:167][  0]LogTargetPlatformManager: Display: Loaded TargetPlatform 'Lumin'
[2023.04.20-23.40.38:167][  0]LogTargetPlatformManager: Display: Loaded TargetPlatform 'LuminClient'
[2023.04.20-23.40.38:215][  0]LogTargetPlatformManager: Display: Loaded TargetPlatform 'TVOSClient'
[2023.04.20-23.40.38:215][  0]LogTargetPlatformManager: Display: Loaded TargetPlatform 'TVOS'
[2023.04.20-23.40.38:263][  0]LogTargetPlatformManager: Display: Loaded TargetPlatform 'WindowsNoEditor'
[2023.04.20-23.40.38:302][  0]LogTargetPlatformManager: Display: Loaded TargetPlatform 'Windows'
[2023.04.20-23.40.38:338][  0]LogTargetPlatformManager: Display: Loaded TargetPlatform 'WindowsClient'
[2023.04.20-23.40.38:381][  0]LogTargetPlatformManager: Display: Loaded TargetPlatform 'WindowsServer'
[2023.04.20-23.40.38:381][  0]LogTargetPlatformManager: Display: Building Assets For Windows
[2023.04.20-23.40.38:560][  0]LogAudioDebug: Display: Lib vorbis DLL was dynamically loaded.
[2023.04.20-23.40.39:570][  0]LogShaderCompilers: Guid format shader working directory is -20 characters bigger than the processId version (../../../../GitHub/UnrealEnginePrototypes/uNREALpROJECTS/Term2PFGE/Intermediate/Shaders/WorkingDirectory/1404/).
[2023.04.20-23.40.39:570][  0]LogShaderCompilers: Cleaned the shader compiler working directory 'C:/Users/rugra/AppData/Local/Temp/UnrealShaderWorkingDir/D78146584E5BEFC9F4E962B4CD27D778/'.
[2023.04.20-23.40.39:572][  0]LogXGEController: Cleaning working directory: C:/Users/rugra/AppData/Local/Temp/UnrealXGEWorkingDir/
[2023.04.20-23.40.39:572][  0]LogXGEController: Cannot use XGE Controller as Incredibuild is not installed on this machine.
[2023.04.20-23.40.39:573][  0]LogShaderCompilers: Cannot use XGE Shader Compiler as Incredibuild is not installed on this machine.
[2023.04.20-23.40.39:573][  0]LogShaderCompilers: Display: Using Local Shader Compiler.
[2023.04.20-23.40.44:099][  0]LogDerivedDataCache: Display: Max Cache Size: 512 MB
[2023.04.20-23.40.44:325][  0]LogDerivedDataCache: Loaded boot cache 0.23s 78MB C:/Users/rugra/AppData/Local/UnrealEngine/4.24/DerivedDataCache/Boot.ddc.
[2023.04.20-23.40.44:325][  0]LogDerivedDataCache: Display: Loaded Boot cache: C:/Users/rugra/AppData/Local/UnrealEngine/4.24/DerivedDataCache/Boot.ddc
[2023.04.20-23.40.44:325][  0]LogDerivedDataCache: FDerivedDataBackendGraph:  Pak pak cache file ../../../../GitHub/UnrealEnginePrototypes/uNREALpROJECTS/Term2PFGE/DerivedDataCache/DDC.ddp not found, will not use a pak cache.
[2023.04.20-23.40.44:325][  0]LogDerivedDataCache: Unable to find inner node Pak for hierarchical cache Hierarchy.
[2023.04.20-23.40.44:325][  0]LogDerivedDataCache: FDerivedDataBackendGraph:  CompressedPak pak cache file ../../../../GitHub/UnrealEnginePrototypes/uNREALpROJECTS/Term2PFGE/DerivedDataCache/Compressed.ddp not found, will not use a pak cache.
[2023.04.20-23.40.44:325][  0]LogDerivedDataCache: Unable to find inner node CompressedPak for hierarchical cache Hierarchy.
[2023.04.20-23.40.44:413][  0]LogDerivedDataCache: Display: Pak cache opened for reading ../../../Engine/DerivedDataCache/Compressed.ddp.
[2023.04.20-23.40.44:414][  0]LogDerivedDataCache: FDerivedDataBackendGraph:  EnterprisePak pak cache file ../../../Enterprise/DerivedDataCache/Compressed.ddp not found, will not use a pak cache.
[2023.04.20-23.40.44:414][  0]LogDerivedDataCache: Unable to find inner node EnterprisePak for hierarchical cache Hierarchy.
[2023.04.20-23.40.44:415][  0]LogDerivedDataCache: Using Local data cache path C:/Users/rugra/AppData/Local/UnrealEngine/Common/DerivedDataCache: Writable
[2023.04.20-23.40.44:415][  0]LogDerivedDataCache: Shared data cache path not found in *engine.ini, will not use an Shared cache.
[2023.04.20-23.40.44:415][  0]LogDerivedDataCache: Unable to find inner node Shared for hierarchical cache Hierarchy.
[2023.04.20-23.40.44:479][  0]LogMaterial: Verifying Global Shaders for PCD3D_SM5
[2023.04.20-23.40.44:547][  0]LogSlate: Using FreeType 2.10.0
[2023.04.20-23.40.44:648][  0]LogSlate: SlateFontServices - WITH_FREETYPE: 1, WITH_HARFBUZZ: 1
[2023.04.20-23.40.46:520][  0]LogAssetRegistry: FAssetRegistry took 0.0234 seconds to start up
[2023.04.20-23.40.50:965][  0]LogInit: Selected Device Profile: [Windows]
[2023.04.20-23.40.52:782][  0]LogMeshReduction: Using QuadricMeshReduction for automatic static mesh reduction
[2023.04.20-23.40.52:782][  0]LogMeshReduction: Using SimplygonMeshReduction for automatic skeletal mesh reduction
[2023.04.20-23.40.52:782][  0]LogMeshReduction: Using ProxyLODMeshReduction for automatic mesh merging
[2023.04.20-23.40.52:782][  0]LogMeshReduction: No distributed automatic mesh merging module available
[2023.04.20-23.40.52:782][  0]LogMeshMerging: No distributed automatic mesh merging module available
[2023.04.20-23.40.53:001][  0]LogNetVersion: Term2PFGE 1.0.0, NetCL: 10570792, EngineNetVer: 13, GameNetVer: 0 (Checksum: 1919562003)
[2023.04.20-23.41.10:172][  0]LogPackageLocalizationCache: Processed 10 localized package path(s) for 1 prioritized culture(s) in 0.077348 seconds
[2023.04.20-23.41.10:197][  0]LogUObjectArray: 46750 objects as part of root set at end of initial load.
[2023.04.20-23.41.10:197][  0]LogUObjectAllocator: 8137160 out of 0 bytes used by permanent object pool.
[2023.04.20-23.41.10:197][  0]LogUObjectArray: CloseDisregardForGC: 0/0 objects in disregard for GC pool
[2023.04.20-23.41.15:740][  0]LogTcpMessaging: Initializing TcpMessaging bridge
[2023.04.20-23.41.15:796][  0]LogUdpMessaging: Initializing bridge on interface 0.0.0.0:0 to multicast group 230.0.0.1:6666.
[2023.04.20-23.41.16:670][  0]SourceControl: Source control is disabled
[2023.04.20-23.41.16:686][  0]SourceControl: Source control is disabled
[2023.04.20-23.41.16:804][  0]SourceControl: Source control is disabled
[2023.04.20-23.41.16:874][  0]SourceControl: Source control is disabled
[2023.04.20-23.41.16:908][  0]SourceControl: Source control is disabled
[2023.04.20-23.41.18:753][  0]LogAndroidPermission: UAndroidPermissionCallbackProxy::GetInstance
[2023.04.20-23.41.18:989][  0]LogAudioCaptureCore: Display: No Audio Capture implementations found. Audio input will be silent.
[2023.04.20-23.41.18:989][  0]LogAudioCaptureCore: Display: No Audio Capture implementations found. Audio input will be silent.
[2023.04.20-23.41.19:677][  0]LogOcInput: OculusInput pre-init called
[2023.04.20-23.41.19:781][  0]LogWindows: Failed to load 'OVRPlugin.dll' (GetLastError=126)
[2023.04.20-23.41.19:781][  0]LogWindows: File 'OVRPlugin.dll' does not exist
[2023.04.20-23.41.20:970][  0]LogEngine: Initializing Engine...
[2023.04.20-23.41.20:983][  0]LogHMD: Failed to initialize OpenVR with code 110
[2023.04.20-23.41.21:043][  0]LogStats: UGameplayTagsManager::InitializeManager -  0.028 s
[2023.04.20-23.41.21:911][  0]LogInit: Initializing FReadOnlyCVARCache
[2023.04.20-23.41.22:541][  0]LogAIModule: Creating AISystem for world Untitled
[2023.04.20-23.41.22:734][  0]LogAudioMixer: Display: Audio Mixer Platform Settings:
[2023.04.20-23.41.22:734][  0]LogAudioMixer: Display: 	Sample Rate:						  48000
[2023.04.20-23.41.22:734][  0]LogAudioMixer: Display: 	Callback Buffer Frame Size Requested: 1024
[2023.04.20-23.41.22:734][  0]LogAudioMixer: Display: 	Callback Buffer Frame Size To Use:	  1024
[2023.04.20-23.41.22:734][  0]LogAudioMixer: Display: 	Number of buffers to queue:			  2
[2023.04.20-23.41.22:734][  0]LogAudioMixer: Display: 	Max Channels (voices):				  32
[2023.04.20-23.41.22:734][  0]LogAudioMixer: Display: 	Number of Async Source Workers:		  0
[2023.04.20-23.41.22:734][  0]LogAudio: Display: AudioDevice MaxSources: 32
[2023.04.20-23.41.22:740][  0]LogAudio: Display: Using built-in audio occlusion.
[2023.04.20-23.41.22:741][  0]LogAudioMixer: Display: Initializing audio mixer.
[2023.04.20-23.41.22:806][  0]LogAudioMixer: Display: Audio Device Output Speaker Info:
[2023.04.20-23.41.22:806][  0]LogAudioMixer: Display: Name: Speakers (3- USB Audio Device)
[2023.04.20-23.41.22:806][  0]LogAudioMixer: Display: Is Default: Yes
[2023.04.20-23.41.22:806][  0]LogAudioMixer: Display: Sample Rate: 48000
[2023.04.20-23.41.22:806][  0]LogAudioMixer: Display: Channel Count Used: 2
[2023.04.20-23.41.22:806][  0]LogAudioMixer: Display: Device Channel Count: 2
[2023.04.20-23.41.22:806][  0]LogAudioMixer: Display: Channel Order:
[2023.04.20-23.41.22:806][  0]LogAudioMixer: Display: 0: FrontLeft
[2023.04.20-23.41.22:806][  0]LogAudioMixer: Display: 1: FrontRight
[2023.04.20-23.41.22:840][  0]LogAudioMixer: Display: Using Audio Device Speakers (3- USB Audio Device)
[2023.04.20-23.41.22:862][  0]LogInit: FAudioDevice initialized.
[2023.04.20-23.41.22:877][  0]LogNetVersion: Set ProjectVersion to 1.0.0.0. Version Checksum will be recalculated on next use.
[2023.04.20-23.41.23:069][  0]LogDerivedDataCache: Saved boot cache 0.19s 78MB C:/Users/rugra/AppData/Local/UnrealEngine/4.24/DerivedDataCache/Boot.ddc.
[2023.04.20-23.41.23:070][  0]LogInit: Texture streaming: Enabled
[2023.04.20-23.41.23:322][  0]LogEngineSessionManager: EngineSessionManager initialized
[2023.04.20-23.41.23:322][  0]LogEditorSessionSummary: Verbose: Initializing EditorSessionSummaryWriter for editor session tracking
[2023.04.20-23.41.23:337][  0]LogEditorSessionSummary: EditorSessionSummaryWriter initialized
[2023.04.20-23.41.23:684][  0]LogInit: Transaction tracking system initialized
[2023.04.20-23.41.24:227][  0]BlueprintLog: New page: Editor Load
[2023.04.20-23.41.25:780][  0]LocalizationService: Localization service is disabled
[2023.04.20-23.41.29:832][  0]LogCook: Display: Max memory allowance for cook 16384mb min free memory 0mb
[2023.04.20-23.41.29:832][  0]LogCook: Display: Mobile HDR setting 1
[2023.04.20-23.41.30:970][  0]LogFileCache: Scanning file cache for directory 'D:/GitHub/UnrealEnginePrototypes/uNREALpROJECTS/Term2PFGE/Content/' took 0.08s
[2023.04.20-23.41.36:261][  0]SourceControl: Source control is disabled
[2023.04.20-23.41.36:285][  0]Cmd: MAP LOAD FILE="../../../../GitHub/UnrealEnginePrototypes/uNREALpROJECTS/Term2PFGE/Content/FirstPersonBP/Maps/FirstPersonExampleMap.umap" TEMPLATE=0 SHOWPROGRESS=1 FEATURELEVEL=3
[2023.04.20-23.41.36:291][  0]LightingResults: New page: Lighting Build
[2023.04.20-23.41.36:403][  0]LogWorld: UWorld::CleanupWorld for Untitled, bSessionEnded=true, bCleanupResources=true
[2023.04.20-23.41.36:459][  0]LogSlate: InvalidateAllWidgets triggered.  All widgets were invalidated
[2023.04.20-23.41.36:472][  0]MapCheck: New page: Map Check
[2023.04.20-23.41.36:472][  0]LightingResults: New page: Lighting Build
[2023.04.20-23.41.36:789][  0]LogUObjectHash: Compacting FUObjectHashTables data took   1.90ms
[2023.04.20-23.41.39:872][  0]LogAIModule: Creating AISystem for world FirstPersonExampleMap
[2023.04.20-23.41.40:469][  0]LogEditorServer: Finished looking for orphan Actors (0.000 secs)
[2023.04.20-23.41.40:595][  0]LogUObjectHash: Compacting FUObjectHashTables data took   2.48ms
[2023.04.20-23.41.40:595][  0]Cmd: MAP CHECKDEP NOCLEARLOG
[2023.04.20-23.41.40:596][  0]MapCheck: Map check complete: 0 Error(s), 0 Warning(s), took 0.924ms to complete.
[2023.04.20-23.41.40:596][  0]LogFileHelpers: Loading map 'FirstPersonExampleMap' took 4.315
[2023.04.20-23.41.42:568][  0]LogSlate: Updating window title bar state: overlay mode, drag disabled, window buttons hidden, title bar hidden
[2023.04.20-23.41.42:589][  0]LogSlate: Updating window title bar state: overlay mode, drag disabled, window buttons hidden, title bar hidden
[2023.04.20-23.41.42:597][  0]LogSlate: Updating window title bar state: overlay mode, drag disabled, window buttons hidden, title bar hidden
[2023.04.20-23.41.42:605][  0]LogSlate: Updating window title bar state: overlay mode, drag disabled, window buttons hidden, title bar hidden
[2023.04.20-23.41.42:758][  0]LogCollectionManager: Loaded 0 collections in 0.002867 seconds
[2023.04.20-23.41.42:916][  0]LogFileCache: Scanning file cache for directory 'D:/GitHub/UnrealEnginePrototypes/uNREALpROJECTS/Term2PFGE/Saved/Collections/' took 0.00s
[2023.04.20-23.41.42:916][  0]LogFileCache: Scanning file cache for directory 'D:/GitHub/UnrealEnginePrototypes/uNREALpROJECTS/Term2PFGE/Content/Developers/rugra/Collections/' took 0.00s
[2023.04.20-23.41.42:916][  0]LogFileCache: Scanning file cache for directory 'D:/GitHub/UnrealEnginePrototypes/uNREALpROJECTS/Term2PFGE/Content/Collections/' took 0.00s
[2023.04.20-23.41.42:916][  0]LogContentBrowser: Native class hierarchy populated in 0.0099 seconds. Added 3022 classes and 719 folders.
[2023.04.20-23.41.43:028][  0]LogContentBrowser: Native class hierarchy updated for 'WidgetCarousel' in 0.0004 seconds. Added 0 classes and 0 folders.
[2023.04.20-23.41.44:367][  0]LogContentBrowser: Native class hierarchy updated for 'AddContentDialog' in 0.0003 seconds. Added 0 classes and 0 folders.
[2023.04.20-23.41.44:434][  0]LogContentBrowser: Native class hierarchy updated for 'SceneOutliner' in 0.0003 seconds. Added 2 classes and 3 folders.
[2023.04.20-23.41.45:304][  0]LogSlate: Took 0.061312 seconds to synchronously load lazily loaded font '../../../Engine/Content/Slate/Fonts/Roboto-Regular.ttf' (155K)
[2023.04.20-23.41.45:355][  0]LogSlate: Took 0.019633 seconds to synchronously load lazily loaded font '../../../Engine/Content/Slate/Fonts/Roboto-Bold.ttf' (160K)
[2023.04.20-23.41.45:451][  0]LogSlate: Took 0.023734 seconds to synchronously load lazily loaded font '../../../Engine/Content/Editor/Slate/Fonts/FontAwesome.ttf' (139K)
[2023.04.20-23.41.46:134][  0]LogRenderer: Reallocating scene render targets to support 848x412 Format 9 NumSamples 1 (Frame:1).
[2023.04.20-23.41.46:936][  0]LogContentBrowser: Native class hierarchy updated for 'HierarchicalLODOutliner' in 0.0005 seconds. Added 0 classes and 0 folders.
[2023.04.20-23.41.46:936][  0]LogLoad: (Engine Initialization) Total time: 137.88 seconds
[2023.04.20-23.41.46:936][  0]LogLoad: (Engine Initialization) Total Blueprint compile time: 0.00 seconds
[2023.04.20-23.41.47:508][  0]LogContentStreaming: Texture pool size now 800 MB
[2023.04.20-23.41.47:748][  0]LogSlate: Took 0.017052 seconds to synchronously load lazily loaded font '../../../Engine/Content/Slate/Fonts/Roboto-Light.ttf' (167K)
[2023.04.20-23.41.50:700][ 36]LogAssetRegistry: Asset discovery search completed in 64.1943 seconds
[2023.04.20-23.41.50:749][ 36]LogCollectionManager: Fixed up redirectors for 0 collections in 0.016757 seconds (updated 0 objects)
[2023.04.20-23.42.07:773][ 87]LogTemp: Resetting audio stream to device id 
[2023.04.20-23.42.07:785][ 87]LogAudioMixer: Display: Audio Device Output Speaker Info:
[2023.04.20-23.42.07:785][ 87]LogAudioMixer: Display: Name: Speakers (3- USB Audio Device)
[2023.04.20-23.42.07:785][ 87]LogAudioMixer: Display: Is Default: Yes
[2023.04.20-23.42.07:785][ 87]LogAudioMixer: Display: Sample Rate: 48000
[2023.04.20-23.42.07:785][ 87]LogAudioMixer: Display: Channel Count Used: 2
[2023.04.20-23.42.07:785][ 87]LogAudioMixer: Display: Device Channel Count: 2
[2023.04.20-23.42.07:785][ 87]LogAudioMixer: Display: Channel Order:
[2023.04.20-23.42.07:785][ 87]LogAudioMixer: Display: 0: FrontLeft
[2023.04.20-23.42.07:785][ 87]LogAudioMixer: Display: 1: FrontRight
[2023.04.21-05.42.26:121][108]LogTemp: Resetting audio stream to device id 
[2023.04.21-05.42.26:217][108]LogAudioMixer: Display: Audio Device Output Speaker Info:
[2023.04.21-05.42.26:217][108]LogAudioMixer: Display: Name: Speakers (3- USB Audio Device)
[2023.04.21-05.42.26:217][108]LogAudioMixer: Display: Is Default: Yes
[2023.04.21-05.42.26:217][108]LogAudioMixer: Display: Sample Rate: 48000
[2023.04.21-05.42.26:217][108]LogAudioMixer: Display: Channel Count Used: 2
[2023.04.21-05.42.26:217][108]LogAudioMixer: Display: Device Channel Count: 2
[2023.04.21-05.42.26:217][108]LogAudioMixer: Display: Channel Order:
[2023.04.21-05.42.26:217][108]LogAudioMixer: Display: 0: FrontLeft
[2023.04.21-05.42.26:217][108]LogAudioMixer: Display: 1: FrontRight
[2023.04.21-05.42.49:421][291]LogTemp: Repeating last play command: Simulate
[2023.04.21-05.42.50:100][291]LogBlueprintUserMessages: Early PlayInEditor Detection: Level '/Game/FirstPersonBP/Maps/FirstPersonExampleMap.FirstPersonExampleMap:PersistentLevel' has LevelScriptBlueprint '/Game/FirstPersonBP/Maps/FirstPersonExampleMap.FirstPersonExampleMap:PersistentLevel.FirstPersonExampleMap' with GeneratedClass '/Game/FirstPersonBP/Maps/FirstPersonExampleMap.FirstPersonExampleMap_C' with ClassGeneratedBy '/Game/FirstPersonBP/Maps/FirstPersonExampleMap.FirstPersonExampleMap:PersistentLevel.FirstPersonExampleMap'
[2023.04.21-05.42.50:652][291]LogPlayLevel: PlayLevel: No blueprints needed recompiling
[2023.04.21-05.42.50:715][291]PIE: New page: SIE session: FirstPersonExampleMap (21 Apr 2023, 07:42:50)
[2023.04.21-05.42.50:838][291]LogOnline: OSS: Creating online subsystem instance for: NULL
[2023.04.21-05.42.50:840][291]LogOnline: OSS: TryLoadSubsystemAndSetDefault: Loaded subsystem for module [NULL]
[2023.04.21-05.42.50:882][291]LogPlayLevel: Creating play world package: /Game/FirstPersonBP/Maps/UEDPIE_0_FirstPersonExampleMap
[2023.04.21-05.42.50:923][291]LogPlayLevel: PIE: StaticDuplicateObject took: (0.041754s)
[2023.04.21-05.42.50:940][291]LogAIModule: Creating AISystem for world FirstPersonExampleMap
[2023.04.21-05.42.50:949][291]LogPlayLevel: PIE: World Init took: (0.025837s)
[2023.04.21-05.42.50:950][291]LogPlayLevel: PIE: Created PIE world by copying editor world from /Game/FirstPersonBP/Maps/FirstPersonExampleMap.FirstPersonExampleMap to /Game/FirstPersonBP/Maps/UEDPIE_0_FirstPersonExampleMap.FirstPersonExampleMap (0.068955s)
[2023.04.21-05.42.50:988][291]LogUObjectHash: Compacting FUObjectHashTables data took   1.76ms
[2023.04.21-05.42.51:014][291]LogAudioMixer: Display: Audio Mixer Platform Settings:
[2023.04.21-05.42.51:014][291]LogAudioMixer: Display: 	Sample Rate:						  48000
[2023.04.21-05.42.51:014][291]LogAudioMixer: Display: 	Callback Buffer Frame Size Requested: 1024
[2023.04.21-05.42.51:014][291]LogAudioMixer: Display: 	Callback Buffer Frame Size To Use:	  1024
[2023.04.21-05.42.51:014][291]LogAudioMixer: Display: 	Number of buffers to queue:			  2
[2023.04.21-05.42.51:014][291]LogAudioMixer: Display: 	Max Channels (voices):				  32
[2023.04.21-05.42.51:014][291]LogAudioMixer: Display: 	Number of Async Source Workers:		  0
[2023.04.21-05.42.51:014][291]LogAudio: Display: AudioDevice MaxSources: 32
[2023.04.21-05.42.51:014][291]LogAudio: Display: Using built-in audio occlusion.
[2023.04.21-05.42.51:015][291]LogAudioMixer: Display: Initializing audio mixer.
[2023.04.21-05.42.51:023][291]LogAudioMixer: Display: Audio Device Output Speaker Info:
[2023.04.21-05.42.51:023][291]LogAudioMixer: Display: Name: Speakers (3- USB Audio Device)
[2023.04.21-05.42.51:023][291]LogAudioMixer: Display: Is Default: Yes
[2023.04.21-05.42.51:023][291]LogAudioMixer: Display: Sample Rate: 48000
[2023.04.21-05.42.51:023][291]LogAudioMixer: Display: Channel Count Used: 2
[2023.04.21-05.42.51:023][291]LogAudioMixer: Display: Device Channel Count: 2
[2023.04.21-05.42.51:023][291]LogAudioMixer: Display: Channel Order:
[2023.04.21-05.42.51:023][291]LogAudioMixer: Display: 0: FrontLeft
[2023.04.21-05.42.51:023][291]LogAudioMixer: Display: 1: FrontRight
[2023.04.21-05.42.51:038][291]LogAudioMixer: Display: Using Audio Device Speakers (3- USB Audio Device)
[2023.04.21-05.42.51:053][291]LogInit: FAudioDevice initialized.
[2023.04.21-05.42.51:123][291]LogLoad: Game class is 'FirstPersonGameMode_C'
[2023.04.21-05.42.51:242][291]LogWorld: Bringing World /Game/FirstPersonBP/Maps/UEDPIE_0_FirstPersonExampleMap.FirstPersonExampleMap up for play (max tick rate 60) at 2023.04.21-06.42.51
[2023.04.21-05.42.51:344][291]LogWorld: Bringing up level for play took: 0.118151
[2023.04.21-05.42.51:346][291]LogOnline: OSS: Creating online subsystem instance for: :Context_5
[2023.04.21-05.42.51:529][291]LogContentBrowser: Native class hierarchy updated for 'MovieSceneCapture' in 0.0005 seconds. Added 20 classes and 0 folders.
[2023.04.21-05.42.51:581][291]PIE: Play in editor start time for /Game/FirstPersonBP/Maps/UEDPIE_0_FirstPersonExampleMap 1.521
[2023.04.21-05.42.51:606][291]LogBlueprintUserMessages: Late PlayInEditor Detection: Level '/Game/FirstPersonBP/Maps/FirstPersonExampleMap.FirstPersonExampleMap:PersistentLevel' has LevelScriptBlueprint '/Game/FirstPersonBP/Maps/FirstPersonExampleMap.FirstPersonExampleMap:PersistentLevel.FirstPersonExampleMap' with GeneratedClass '/Game/FirstPersonBP/Maps/FirstPersonExampleMap.FirstPersonExampleMap_C' with ClassGeneratedBy '/Game/FirstPersonBP/Maps/FirstPersonExampleMap.FirstPersonExampleMap:PersistentLevel.FirstPersonExampleMap'
[2023.04.21-05.42.53:049][362]LogAudioMixer: Display: No commands were queued while flushing the source manager.
[2023.04.21-05.42.53:049][362]LogAudioMixer: Display: No commands were queued while flushing the source manager.
[2023.04.21-05.42.53:211][362]LogBlueprintUserMessages: Early EndPlayMap Detection: Level '/Game/FirstPersonBP/Maps/FirstPersonExampleMap.FirstPersonExampleMap:PersistentLevel' has LevelScriptBlueprint '/Game/FirstPersonBP/Maps/FirstPersonExampleMap.FirstPersonExampleMap:PersistentLevel.FirstPersonExampleMap' with GeneratedClass '/Game/FirstPersonBP/Maps/FirstPersonExampleMap.FirstPersonExampleMap_C' with ClassGeneratedBy '/Game/FirstPersonBP/Maps/FirstPersonExampleMap.FirstPersonExampleMap:PersistentLevel.FirstPersonExampleMap'
[2023.04.21-05.42.53:424][362]LogSlate: Updating window title bar state: overlay mode, drag disabled, window buttons hidden, title bar hidden
[2023.04.21-05.42.53:424][362]LogWorld: BeginTearingDown for /Game/FirstPersonBP/Maps/UEDPIE_0_FirstPersonExampleMap
[2023.04.21-05.42.53:438][362]LogAudioMixer: Display: No commands were queued while flushing the source manager.
[2023.04.21-05.42.53:463][362]LogWorld: UWorld::CleanupWorld for FirstPersonExampleMap, bSessionEnded=true, bCleanupResources=true
[2023.04.21-05.42.53:464][362]LogSlate: InvalidateAllWidgets triggered.  All widgets were invalidated
[2023.04.21-05.42.53:507][362]LogPlayLevel: Display: Shutting down PIE online subsystems
[2023.04.21-05.42.53:507][362]LogBlueprintUserMessages: Late EndPlayMap Detection: Level '/Game/FirstPersonBP/Maps/FirstPersonExampleMap.FirstPersonExampleMap:PersistentLevel' has LevelScriptBlueprint '/Game/FirstPersonBP/Maps/FirstPersonExampleMap.FirstPersonExampleMap:PersistentLevel.FirstPersonExampleMap' with GeneratedClass '/Game/FirstPersonBP/Maps/FirstPersonExampleMap.FirstPersonExampleMap_C' with ClassGeneratedBy '/Game/FirstPersonBP/Maps/FirstPersonExampleMap.FirstPersonExampleMap:PersistentLevel.FirstPersonExampleMap'
[2023.04.21-05.42.53:530][362]LogSlate: InvalidateAllWidgets triggered.  All widgets were invalidated
[2023.04.21-05.42.53:592][362]LogAudioMixer: Display: No commands were queued while flushing the source manager.
[2023.04.21-05.42.53:614][362]LogSlate: Updating window title bar state: overlay mode, drag disabled, window buttons hidden, title bar hidden
[2023.04.21-05.42.53:681][362]LogUObjectHash: Compacting FUObjectHashTables data took   1.75ms
[2023.04.21-05.42.53:718][363]LogPlayLevel: Display: Destroying online subsystem :Context_5
[2023.04.21-05.42.56:695][455]Cmd: CAMERA ALIGN ACTIVEVIEWPORTONLY
[2023.04.21-05.43.01:201][684]LogTemp: Repeating last play command: Simulate
[2023.04.21-05.43.01:212][684]LogBlueprintUserMessages: Early PlayInEditor Detection: Level '/Game/FirstPersonBP/Maps/FirstPersonExampleMap.FirstPersonExampleMap:PersistentLevel' has LevelScriptBlueprint '/Game/FirstPersonBP/Maps/FirstPersonExampleMap.FirstPersonExampleMap:PersistentLevel.FirstPersonExampleMap' with GeneratedClass '/Game/FirstPersonBP/Maps/FirstPersonExampleMap.FirstPersonExampleMap_C' with ClassGeneratedBy '/Game/FirstPersonBP/Maps/FirstPersonExampleMap.FirstPersonExampleMap:PersistentLevel.FirstPersonExampleMap'
[2023.04.21-05.43.01:212][684]LogPlayLevel: PlayLevel: No blueprints needed recompiling
[2023.04.21-05.43.01:213][684]PIE: New page: SIE session: FirstPersonExampleMap (21 Apr 2023, 07:43:01)
[2023.04.21-05.43.01:213][684]LogPlayLevel: Creating play world package: /Game/FirstPersonBP/Maps/UEDPIE_0_FirstPersonExampleMap
[2023.04.21-05.43.01:228][684]LogPlayLevel: PIE: StaticDuplicateObject took: (0.013697s)
[2023.04.21-05.43.01:230][684]LogAIModule: Creating AISystem for world FirstPersonExampleMap
[2023.04.21-05.43.01:408][684]LogPlayLevel: PIE: World Init took: (0.180496s)
[2023.04.21-05.43.01:408][684]LogPlayLevel: PIE: Created PIE world by copying editor world from /Game/FirstPersonBP/Maps/FirstPersonExampleMap.FirstPersonExampleMap to /Game/FirstPersonBP/Maps/UEDPIE_0_FirstPersonExampleMap.FirstPersonExampleMap (0.194795s)
[2023.04.21-05.43.01:438][684]LogUObjectHash: Compacting FUObjectHashTables data took   1.99ms
[2023.04.21-05.43.01:441][684]LogAudioMixer: Display: Audio Mixer Platform Settings:
[2023.04.21-05.43.01:441][684]LogAudioMixer: Display: 	Sample Rate:						  48000
[2023.04.21-05.43.01:441][684]LogAudioMixer: Display: 	Callback Buffer Frame Size Requested: 1024
[2023.04.21-05.43.01:441][684]LogAudioMixer: Display: 	Callback Buffer Frame Size To Use:	  1024
[2023.04.21-05.43.01:441][684]LogAudioMixer: Display: 	Number of buffers to queue:			  2
[2023.04.21-05.43.01:441][684]LogAudioMixer: Display: 	Max Channels (voices):				  32
[2023.04.21-05.43.01:441][684]LogAudioMixer: Display: 	Number of Async Source Workers:		  0
[2023.04.21-05.43.01:441][684]LogAudio: Display: AudioDevice MaxSources: 32
[2023.04.21-05.43.01:442][684]LogAudio: Display: Using built-in audio occlusion.
[2023.04.21-05.43.01:442][684]LogAudioMixer: Display: Initializing audio mixer.
[2023.04.21-05.43.01:451][684]LogAudioMixer: Display: Audio Device Output Speaker Info:
[2023.04.21-05.43.01:451][684]LogAudioMixer: Display: Name: Speakers (3- USB Audio Device)
[2023.04.21-05.43.01:451][684]LogAudioMixer: Display: Is Default: Yes
[2023.04.21-05.43.01:451][684]LogAudioMixer: Display: Sample Rate: 48000
[2023.04.21-05.43.01:451][684]LogAudioMixer: Display: Channel Count Used: 2
[2023.04.21-05.43.01:451][684]LogAudioMixer: Display: Device Channel Count: 2
[2023.04.21-05.43.01:451][684]LogAudioMixer: Display: Channel Order:
[2023.04.21-05.43.01:451][684]LogAudioMixer: Display: 0: FrontLeft
[2023.04.21-05.43.01:451][684]LogAudioMixer: Display: 1: FrontRight
[2023.04.21-05.43.01:465][684]LogAudioMixer: Display: Using Audio Device Speakers (3- USB Audio Device)
[2023.04.21-05.43.01:467][684]LogInit: FAudioDevice initialized.
[2023.04.21-05.43.01:477][684]LogLoad: Game class is 'FirstPersonGameMode_C'
[2023.04.21-05.43.01:480][684]LogWorld: Bringing World /Game/FirstPersonBP/Maps/UEDPIE_0_FirstPersonExampleMap.FirstPersonExampleMap up for play (max tick rate 60) at 2023.04.21-06.43.01
[2023.04.21-05.43.01:481][684]LogWorld: Bringing up level for play took: 0.002611
[2023.04.21-05.43.01:481][684]LogOnline: OSS: Creating online subsystem instance for: :Context_6
[2023.04.21-05.43.01:484][684]PIE: Play in editor start time for /Game/FirstPersonBP/Maps/UEDPIE_0_FirstPersonExampleMap -0.576
[2023.04.21-05.43.01:666][684]LogBlueprintUserMessages: Late PlayInEditor Detection: Level '/Game/FirstPersonBP/Maps/FirstPersonExampleMap.FirstPersonExampleMap:PersistentLevel' has LevelScriptBlueprint '/Game/FirstPersonBP/Maps/FirstPersonExampleMap.FirstPersonExampleMap:PersistentLevel.FirstPersonExampleMap' with GeneratedClass '/Game/FirstPersonBP/Maps/FirstPersonExampleMap.FirstPersonExampleMap_C' with ClassGeneratedBy '/Game/FirstPersonBP/Maps/FirstPersonExampleMap.FirstPersonExampleMap:PersistentLevel.FirstPersonExampleMap'
[2023.04.21-05.43.09:735][151]LogAudioMixer: Display: No commands were queued while flushing the source manager.
[2023.04.21-05.43.09:735][151]LogAudioMixer: Display: No commands were queued while flushing the source manager.
[2023.04.21-05.43.09:735][151]LogBlueprintUserMessages: Early EndPlayMap Detection: Level '/Game/FirstPersonBP/Maps/FirstPersonExampleMap.FirstPersonExampleMap:PersistentLevel' has LevelScriptBlueprint '/Game/FirstPersonBP/Maps/FirstPersonExampleMap.FirstPersonExampleMap:PersistentLevel.FirstPersonExampleMap' with GeneratedClass '/Game/FirstPersonBP/Maps/FirstPersonExampleMap.FirstPersonExampleMap_C' with ClassGeneratedBy '/Game/FirstPersonBP/Maps/FirstPersonExampleMap.FirstPersonExampleMap:PersistentLevel.FirstPersonExampleMap'
[2023.04.21-05.43.09:736][151]LogSlate: Updating window title bar state: overlay mode, drag disabled, window buttons hidden, title bar hidden
[2023.04.21-05.43.09:736][151]LogWorld: BeginTearingDown for /Game/FirstPersonBP/Maps/UEDPIE_0_FirstPersonExampleMap
[2023.04.21-05.43.09:737][151]LogAudioMixer: Display: No commands were queued while flushing the source manager.
[2023.04.21-05.43.09:738][151]LogWorld: UWorld::CleanupWorld for FirstPersonExampleMap, bSessionEnded=true, bCleanupResources=true
[2023.04.21-05.43.09:738][151]LogSlate: InvalidateAllWidgets triggered.  All widgets were invalidated
[2023.04.21-05.43.09:746][151]LogPlayLevel: Display: Shutting down PIE online subsystems
[2023.04.21-05.43.09:746][151]LogBlueprintUserMessages: Late EndPlayMap Detection: Level '/Game/FirstPersonBP/Maps/FirstPersonExampleMap.FirstPersonExampleMap:PersistentLevel' has LevelScriptBlueprint '/Game/FirstPersonBP/Maps/FirstPersonExampleMap.FirstPersonExampleMap:PersistentLevel.FirstPersonExampleMap' with GeneratedClass '/Game/FirstPersonBP/Maps/FirstPersonExampleMap.FirstPersonExampleMap_C' with ClassGeneratedBy '/Game/FirstPersonBP/Maps/FirstPersonExampleMap.FirstPersonExampleMap:PersistentLevel.FirstPersonExampleMap'
[2023.04.21-05.43.09:749][151]LogSlate: InvalidateAllWidgets triggered.  All widgets were invalidated
[2023.04.21-05.43.09:775][151]LogAudioMixer: Display: No commands were queued while flushing the source manager.
[2023.04.21-05.43.09:778][151]LogSlate: Updating window title bar state: overlay mode, drag disabled, window buttons hidden, title bar hidden
[2023.04.21-05.43.09:781][151]LogUObjectHash: Compacting FUObjectHashTables data took   1.50ms
[2023.04.21-05.43.09:844][155]LogPlayLevel: Display: Destroying online subsystem :Context_6
[2023.04.21-05.43.10:296][182]LogTemp: Repeating last play command: Simulate
[2023.04.21-05.43.10:307][182]LogBlueprintUserMessages: Early PlayInEditor Detection: Level '/Game/FirstPersonBP/Maps/FirstPersonExampleMap.FirstPersonExampleMap:PersistentLevel' has LevelScriptBlueprint '/Game/FirstPersonBP/Maps/FirstPersonExampleMap.FirstPersonExampleMap:PersistentLevel.FirstPersonExampleMap' with GeneratedClass '/Game/FirstPersonBP/Maps/FirstPersonExampleMap.FirstPersonExampleMap_C' with ClassGeneratedBy '/Game/FirstPersonBP/Maps/FirstPersonExampleMap.FirstPersonExampleMap:PersistentLevel.FirstPersonExampleMap'
[2023.04.21-05.43.10:307][182]LogPlayLevel: PlayLevel: No blueprints needed recompiling
[2023.04.21-05.43.10:307][182]PIE: New page: SIE session: FirstPersonExampleMap (21 Apr 2023, 07:43:10)
[2023.04.21-05.43.10:307][182]LogPlayLevel: Creating play world package: /Game/FirstPersonBP/Maps/UEDPIE_0_FirstPersonExampleMap
[2023.04.21-05.43.10:323][182]LogPlayLevel: PIE: StaticDuplicateObject took: (0.015459s)
[2023.04.21-05.43.10:325][182]LogAIModule: Creating AISystem for world FirstPersonExampleMap
[2023.04.21-05.43.10:325][182]LogPlayLevel: PIE: World Init took: (0.002367s)
[2023.04.21-05.43.10:325][182]LogPlayLevel: PIE: Created PIE world by copying editor world from /Game/FirstPersonBP/Maps/FirstPersonExampleMap.FirstPersonExampleMap to /Game/FirstPersonBP/Maps/UEDPIE_0_FirstPersonExampleMap.FirstPersonExampleMap (0.018160s)
[2023.04.21-05.43.10:355][182]LogUObjectHash: Compacting FUObjectHashTables data took   1.76ms
[2023.04.21-05.43.10:356][182]LogAudioMixer: Display: Audio Mixer Platform Settings:
[2023.04.21-05.43.10:356][182]LogAudioMixer: Display: 	Sample Rate:						  48000
[2023.04.21-05.43.10:357][182]LogAudioMixer: Display: 	Callback Buffer Frame Size Requested: 1024
[2023.04.21-05.43.10:357][182]LogAudioMixer: Display: 	Callback Buffer Frame Size To Use:	  1024
[2023.04.21-05.43.10:357][182]LogAudioMixer: Display: 	Number of buffers to queue:			  2
[2023.04.21-05.43.10:357][182]LogAudioMixer: Display: 	Max Channels (voices):				  32
[2023.04.21-05.43.10:357][182]LogAudioMixer: Display: 	Number of Async Source Workers:		  0
[2023.04.21-05.43.10:357][182]LogAudio: Display: AudioDevice MaxSources: 32
[2023.04.21-05.43.10:357][182]LogAudio: Display: Using built-in audio occlusion.
[2023.04.21-05.43.10:357][182]LogAudioMixer: Display: Initializing audio mixer.
[2023.04.21-05.43.10:366][182]LogAudioMixer: Display: Audio Device Output Speaker Info:
[2023.04.21-05.43.10:366][182]LogAudioMixer: Display: Name: Speakers (3- USB Audio Device)
[2023.04.21-05.43.10:366][182]LogAudioMixer: Display: Is Default: Yes
[2023.04.21-05.43.10:366][182]LogAudioMixer: Display: Sample Rate: 48000
[2023.04.21-05.43.10:366][182]LogAudioMixer: Display: Channel Count Used: 2
[2023.04.21-05.43.10:366][182]LogAudioMixer: Display: Device Channel Count: 2
[2023.04.21-05.43.10:366][182]LogAudioMixer: Display: Channel Order:
[2023.04.21-05.43.10:366][182]LogAudioMixer: Display: 0: FrontLeft
[2023.04.21-05.43.10:366][182]LogAudioMixer: Display: 1: FrontRight
[2023.04.21-05.43.10:379][182]LogAudioMixer: Display: Using Audio Device Speakers (3- USB Audio Device)
[2023.04.21-05.43.10:381][182]LogInit: FAudioDevice initialized.
[2023.04.21-05.43.10:389][182]LogLoad: Game class is 'FirstPersonGameMode_C'
[2023.04.21-05.43.10:393][182]LogWorld: Bringing World /Game/FirstPersonBP/Maps/UEDPIE_0_FirstPersonExampleMap.FirstPersonExampleMap up for play (max tick rate 60) at 2023.04.21-06.43.10
[2023.04.21-05.43.10:393][182]LogWorld: Bringing up level for play took: 0.002826
[2023.04.21-05.43.10:394][182]LogOnline: OSS: Creating online subsystem instance for: :Context_7
[2023.04.21-05.43.10:396][182]PIE: Play in editor start time for /Game/FirstPersonBP/Maps/UEDPIE_0_FirstPersonExampleMap 0.336
[2023.04.21-05.43.10:397][182]LogBlueprintUserMessages: Late PlayInEditor Detection: Level '/Game/FirstPersonBP/Maps/FirstPersonExampleMap.FirstPersonExampleMap:PersistentLevel' has LevelScriptBlueprint '/Game/FirstPersonBP/Maps/FirstPersonExampleMap.FirstPersonExampleMap:PersistentLevel.FirstPersonExampleMap' with GeneratedClass '/Game/FirstPersonBP/Maps/FirstPersonExampleMap.FirstPersonExampleMap_C' with ClassGeneratedBy '/Game/FirstPersonBP/Maps/FirstPersonExampleMap.FirstPersonExampleMap:PersistentLevel.FirstPersonExampleMap'
[2023.04.21-05.43.21:189][789]LogAudioMixer: Display: No commands were queued while flushing the source manager.
[2023.04.21-05.43.21:189][789]LogAudioMixer: Display: No commands were queued while flushing the source manager.
[2023.04.21-05.43.21:189][789]LogBlueprintUserMessages: Early EndPlayMap Detection: Level '/Game/FirstPersonBP/Maps/FirstPersonExampleMap.FirstPersonExampleMap:PersistentLevel' has LevelScriptBlueprint '/Game/FirstPersonBP/Maps/FirstPersonExampleMap.FirstPersonExampleMap:PersistentLevel.FirstPersonExampleMap' with GeneratedClass '/Game/FirstPersonBP/Maps/FirstPersonExampleMap.FirstPersonExampleMap_C' with ClassGeneratedBy '/Game/FirstPersonBP/Maps/FirstPersonExampleMap.FirstPersonExampleMap:PersistentLevel.FirstPersonExampleMap'
[2023.04.21-05.43.21:190][789]LogSlate: Updating window title bar state: overlay mode, drag disabled, window buttons hidden, title bar hidden
[2023.04.21-05.43.21:190][789]LogWorld: BeginTearingDown for /Game/FirstPersonBP/Maps/UEDPIE_0_FirstPersonExampleMap
[2023.04.21-05.43.21:191][789]LogAudioMixer: Display: No commands were queued while flushing the source manager.
[2023.04.21-05.43.21:191][789]LogWorld: UWorld::CleanupWorld for FirstPersonExampleMap, bSessionEnded=true, bCleanupResources=true
[2023.04.21-05.43.21:192][789]LogSlate: InvalidateAllWidgets triggered.  All widgets were invalidated
[2023.04.21-05.43.21:201][789]LogPlayLevel: Display: Shutting down PIE online subsystems
[2023.04.21-05.43.21:202][789]LogBlueprintUserMessages: Late EndPlayMap Detection: Level '/Game/FirstPersonBP/Maps/FirstPersonExampleMap.FirstPersonExampleMap:PersistentLevel' has LevelScriptBlueprint '/Game/FirstPersonBP/Maps/FirstPersonExampleMap.FirstPersonExampleMap:PersistentLevel.FirstPersonExampleMap' with GeneratedClass '/Game/FirstPersonBP/Maps/FirstPersonExampleMap.FirstPersonExampleMap_C' with ClassGeneratedBy '/Game/FirstPersonBP/Maps/FirstPersonExampleMap.FirstPersonExampleMap:PersistentLevel.FirstPersonExampleMap'
[2023.04.21-05.43.21:205][789]LogSlate: InvalidateAllWidgets triggered.  All widgets were invalidated
[2023.04.21-05.43.21:232][789]LogAudioMixer: Display: No commands were queued while flushing the source manager.
[2023.04.21-05.43.21:235][789]LogSlate: Updating window title bar state: overlay mode, drag disabled, window buttons hidden, title bar hidden
[2023.04.21-05.43.21:237][789]LogUObjectHash: Compacting FUObjectHashTables data took   1.40ms
[2023.04.21-05.43.21:292][792]LogPlayLevel: Display: Destroying online subsystem :Context_7
[2023.04.21-05.43.38:953][977]LogSlate: Took 0.000340 seconds to synchronously load lazily loaded font '../../../Engine/Content/Slate/Fonts/Roboto-Light.ttf' (167K)
[2023.04.21-05.43.49:894][ 11]LogHttp: Warning: 00000214D1549800: invalid HTTP response code received. URL: https://datarouter.ol.epicgames.com/datarouter/api/v1/public/data?SessionID=%7B863BE138-4D94-98F9-9C8C-099644EB70CD%7D&AppID=UEEditor.Rocket.Release&AppVersion=4.24.3-11590370%2B%2B%2BUE4%2BRelease-4.24&UserID=c6eba1e74c397e1e8db9e089161b1b70%7Cdcd523c6b22643369a62a3cf1efe45f5%7C1c5dab7f-976c-4932-b108-5ec8c37c1253&AppEnvironment=datacollector-binary&UploadType=eteventstream, HTTP code: 0, content length: 0, actual payload size: 0
[2023.04.21-05.43.49:895][ 11]LogHttp: Warning: 00000214D1549800: request failed, libcurl error: 6 (Couldn't resolve host name)
[2023.04.21-05.43.49:895][ 11]LogHttp: Warning: 00000214D1549800: libcurl info message cache 0 (Connection 0 seems to be dead!)
[2023.04.21-05.43.49:895][ 11]LogHttp: Warning: 00000214D1549800: libcurl info message cache 1 (Closing connection 0)
[2023.04.21-05.43.49:895][ 11]LogHttp: Warning: 00000214D1549800: libcurl info message cache 2 (Could not resolve host: datarouter.ol.epicgames.com)
[2023.04.21-05.43.49:895][ 11]LogHttp: Warning: 00000214D1549800: libcurl info message cache 3 (Closing connection 1)
[2023.04.21-05.43.50:233][ 12]LogHttp: Warning: Retry exhausted on https://datarouter.ol.epicgames.com/datarouter/api/v1/public/data?SessionID=%7B863BE138-4D94-98F9-9C8C-099644EB70CD%7D&AppID=UEEditor.Rocket.Release&AppVersion=4.24.3-11590370%2B%2B%2BUE4%2BRelease-4.24&UserID=c6eba1e74c397e1e8db9e089161b1b70%7Cdcd523c6b22643369a62a3cf1efe45f5%7C1c5dab7f-976c-4932-b108-5ec8c37c1253&AppEnvironment=datacollector-binary&UploadType=eteventstream
